{"D:\\PSOFP\\PSO-FP\\auth\\firebaseAuth.js": {"path":"D:\\PSOFP\\PSO-FP\\auth\\firebaseAuth.js","statementMap":{"0":{"start":{"line":8,"column":23},"end":{"line":15,"column":1}},"1":{"start":{"line":17,"column":12},"end":{"line":17,"column":71}},"2":{"start":{"line":18,"column":13},"end":{"line":18,"column":25}},"3":{"start":{"line":20,"column":23},"end":{"line":24,"column":1}},"4":{"start":{"line":26,"column":25},"end":{"line":29,"column":1}},"5":{"start":{"line":27,"column":2},"end":{"line":27,"column":41}},"6":{"start":{"line":27,"column":14},"end":{"line":27,"column":41}},"7":{"start":{"line":28,"column":2},"end":{"line":28,"column":76}},"8":{"start":{"line":31,"column":22},"end":{"line":37,"column":1}},"9":{"start":{"line":32,"column":2},"end":{"line":36,"column":3}},"10":{"start":{"line":33,"column":4},"end":{"line":33,"column":67}},"11":{"start":{"line":35,"column":4},"end":{"line":35,"column":34}},"12":{"start":{"line":39,"column":22},"end":{"line":45,"column":1}},"13":{"start":{"line":40,"column":2},"end":{"line":44,"column":3}},"14":{"start":{"line":41,"column":4},"end":{"line":41,"column":71}},"15":{"start":{"line":43,"column":4},"end":{"line":43,"column":34}}},"fnMap":{"0":{"name":"(anonymous_0)","decl":{"start":{"line":26,"column":25},"end":{"line":26,"column":26}},"loc":{"start":{"line":26,"column":36},"end":{"line":29,"column":1}},"line":26},"1":{"name":"(anonymous_1)","decl":{"start":{"line":31,"column":22},"end":{"line":31,"column":23}},"loc":{"start":{"line":31,"column":49},"end":{"line":37,"column":1}},"line":31},"2":{"name":"(anonymous_2)","decl":{"start":{"line":39,"column":22},"end":{"line":39,"column":23}},"loc":{"start":{"line":39,"column":49},"end":{"line":45,"column":1}},"line":39}},"branchMap":{"0":{"loc":{"start":{"line":17,"column":12},"end":{"line":17,"column":71}},"type":"cond-expr","locations":[{"start":{"line":17,"column":31},"end":{"line":17,"column":39}},{"start":{"line":17,"column":42},"end":{"line":17,"column":71}}],"line":17},"1":{"loc":{"start":{"line":27,"column":2},"end":{"line":27,"column":41}},"type":"if","locations":[{"start":{"line":27,"column":2},"end":{"line":27,"column":41}},{"start":{},"end":{}}],"line":27},"2":{"loc":{"start":{"line":28,"column":9},"end":{"line":28,"column":75}},"type":"binary-expr","locations":[{"start":{"line":28,"column":9},"end":{"line":28,"column":35}},{"start":{"line":28,"column":39},"end":{"line":28,"column":52}},{"start":{"line":28,"column":56},"end":{"line":28,"column":75}}],"line":28}},"s":{"0":1,"1":1,"2":1,"3":1,"4":1,"5":2,"6":0,"7":2,"8":1,"9":2,"10":2,"11":1,"12":1,"13":2,"14":2,"15":1},"f":{"0":2,"1":2,"2":2},"b":{"0":[0,1],"1":[0,2],"2":[2,0,0]},"_coverageSchema":"1a1c01bbd47fc00a2c39e90264f33305004495a9","hash":"fff481ed9cfc0ff9eb952856e12b030bb9d2838e"}
,"D:\\PSOFP\\PSO-FP\\src\\js\\firebase.browser.config.js": {"path":"D:\\PSOFP\\PSO-FP\\src\\js\\firebase.browser.config.js","statementMap":{"0":{"start":{"line":5,"column":30},"end":{"line":5,"column":49}},"1":{"start":{"line":6,"column":27},"end":{"line":6,"column":43}}},"fnMap":{},"branchMap":{},"s":{"0":0,"1":0},"f":{},"b":{}}
,"D:\\PSOFP\\PSO-FP\\src\\js\\firestoreCRUD.example.js": {"path":"D:\\PSOFP\\PSO-FP\\src\\js\\firestoreCRUD.example.js","statementMap":{"0":{"start":{"line":59,"column":18},"end":{"line":61,"column":4}},"1":{"start":{"line":62,"column":2},"end":{"line":62,"column":36}},"2":{"start":{"line":67,"column":22},"end":{"line":67,"column":46}},"3":{"start":{"line":68,"column":2},"end":{"line":68,"column":50}},"4":{"start":{"line":73,"column":16},"end":{"line":73,"column":51}},"5":{"start":{"line":74,"column":2},"end":{"line":74,"column":31}},"6":{"start":{"line":79,"column":17},"end":{"line":79,"column":38}},"7":{"start":{"line":82,"column":2},"end":{"line":82,"column":38}},"8":{"start":{"line":87,"column":2},"end":{"line":87,"column":45}},"9":{"start":{"line":88,"column":2},"end":{"line":88,"column":44}},"10":{"start":{"line":93,"column":2},"end":{"line":93,"column":32}},"11":{"start":{"line":102,"column":16},"end":{"line":106,"column":3}},"12":{"start":{"line":107,"column":21},"end":{"line":107,"column":60}},"13":{"start":{"line":108,"column":17},"end":{"line":108,"column":37}},"14":{"start":{"line":110,"column":20},"end":{"line":110,"column":67}},"15":{"start":{"line":111,"column":2},"end":{"line":111,"column":40}},"16":{"start":{"line":117,"column":18},"end":{"line":117,"column":56}},"17":{"start":{"line":120,"column":22},"end":{"line":120,"column":72}},"18":{"start":{"line":123,"column":22},"end":{"line":123,"column":48}},"19":{"start":{"line":128,"column":18},"end":{"line":132,"column":3}},"20":{"start":{"line":133,"column":2},"end":{"line":133,"column":48}},"21":{"start":{"line":135,"column":24},"end":{"line":135,"column":64}},"22":{"start":{"line":136,"column":2},"end":{"line":136,"column":61}},"23":{"start":{"line":141,"column":2},"end":{"line":141,"column":40}},"24":{"start":{"line":150,"column":2},"end":{"line":153,"column":5}},"25":{"start":{"line":158,"column":16},"end":{"line":158,"column":42}},"26":{"start":{"line":159,"column":2},"end":{"line":159,"column":42}},"27":{"start":{"line":164,"column":2},"end":{"line":164,"column":32}},"28":{"start":{"line":165,"column":2},"end":{"line":165,"column":45}},"29":{"start":{"line":170,"column":2},"end":{"line":170,"column":32}},"30":{"start":{"line":179,"column":2},"end":{"line":186,"column":5}},"31":{"start":{"line":191,"column":16},"end":{"line":191,"column":41}},"32":{"start":{"line":192,"column":2},"end":{"line":192,"column":41}},"33":{"start":{"line":197,"column":2},"end":{"line":197,"column":30}},"34":{"start":{"line":198,"column":2},"end":{"line":198,"column":24}},"35":{"start":{"line":199,"column":2},"end":{"line":199,"column":27}},"36":{"start":{"line":204,"column":2},"end":{"line":204,"column":31}},"37":{"start":{"line":213,"column":20},"end":{"line":218,"column":4}},"38":{"start":{"line":219,"column":2},"end":{"line":219,"column":40}},"39":{"start":{"line":225,"column":18},"end":{"line":225,"column":52}},"40":{"start":{"line":228,"column":19},"end":{"line":228,"column":42}},"41":{"start":{"line":233,"column":2},"end":{"line":233,"column":47}},"42":{"start":{"line":234,"column":2},"end":{"line":234,"column":44}},"43":{"start":{"line":239,"column":2},"end":{"line":239,"column":36}},"44":{"start":{"line":248,"column":20},"end":{"line":256,"column":3}},"45":{"start":{"line":258,"column":22},"end":{"line":266,"column":3}},"46":{"start":{"line":268,"column":2},"end":{"line":268,"column":56}},"47":{"start":{"line":273,"column":17},"end":{"line":273,"column":26}},"48":{"start":{"line":274,"column":2},"end":{"line":274,"column":50}},"49":{"start":{"line":285,"column":2},"end":{"line":309,"column":3}},"50":{"start":{"line":287,"column":20},"end":{"line":287,"column":64}},"51":{"start":{"line":290,"column":18},"end":{"line":294,"column":5}},"52":{"start":{"line":295,"column":23},"end":{"line":295,"column":62}},"53":{"start":{"line":296,"column":4},"end":{"line":296,"column":53}},"54":{"start":{"line":299,"column":4},"end":{"line":299,"column":32}},"55":{"start":{"line":300,"column":4},"end":{"line":300,"column":26}},"56":{"start":{"line":301,"column":4},"end":{"line":301,"column":29}},"57":{"start":{"line":306,"column":4},"end":{"line":306,"column":49}},"58":{"start":{"line":308,"column":4},"end":{"line":308,"column":50}}},"fnMap":{"0":{"name":"contohAddScore","decl":{"start":{"line":58,"column":15},"end":{"line":58,"column":29}},"loc":{"start":{"line":58,"column":32},"end":{"line":63,"column":1}},"line":58},"1":{"name":"contohGetLeaderboard","decl":{"start":{"line":66,"column":15},"end":{"line":66,"column":35}},"loc":{"start":{"line":66,"column":38},"end":{"line":69,"column":1}},"line":66},"2":{"name":"contohGetScoreById","decl":{"start":{"line":72,"column":15},"end":{"line":72,"column":33}},"loc":{"start":{"line":72,"column":36},"end":{"line":75,"column":1}},"line":72},"3":{"name":"contohGetUserScores","decl":{"start":{"line":78,"column":15},"end":{"line":78,"column":34}},"loc":{"start":{"line":78,"column":37},"end":{"line":83,"column":1}},"line":78},"4":{"name":"contohUpdateScore","decl":{"start":{"line":86,"column":15},"end":{"line":86,"column":32}},"loc":{"start":{"line":86,"column":35},"end":{"line":89,"column":1}},"line":86},"5":{"name":"contohDeleteScore","decl":{"start":{"line":92,"column":15},"end":{"line":92,"column":32}},"loc":{"start":{"line":92,"column":35},"end":{"line":94,"column":1}},"line":92},"6":{"name":"contohAddHistory","decl":{"start":{"line":101,"column":15},"end":{"line":101,"column":31}},"loc":{"start":{"line":101,"column":34},"end":{"line":112,"column":1}},"line":101},"7":{"name":"contohGetHistory","decl":{"start":{"line":115,"column":15},"end":{"line":115,"column":31}},"loc":{"start":{"line":115,"column":34},"end":{"line":124,"column":1}},"line":115},"8":{"name":"contohUpdateHistory","decl":{"start":{"line":127,"column":15},"end":{"line":127,"column":34}},"loc":{"start":{"line":127,"column":37},"end":{"line":137,"column":1}},"line":127},"9":{"name":"contohDeleteHistory","decl":{"start":{"line":140,"column":15},"end":{"line":140,"column":34}},"loc":{"start":{"line":140,"column":37},"end":{"line":142,"column":1}},"line":140},"10":{"name":"contohSavePreferences","decl":{"start":{"line":149,"column":15},"end":{"line":149,"column":36}},"loc":{"start":{"line":149,"column":39},"end":{"line":154,"column":1}},"line":149},"11":{"name":"contohGetPreferences","decl":{"start":{"line":157,"column":15},"end":{"line":157,"column":35}},"loc":{"start":{"line":157,"column":38},"end":{"line":160,"column":1}},"line":157},"12":{"name":"contohUpdatePreferences","decl":{"start":{"line":163,"column":15},"end":{"line":163,"column":38}},"loc":{"start":{"line":163,"column":41},"end":{"line":166,"column":1}},"line":163},"13":{"name":"contohDeletePreferences","decl":{"start":{"line":169,"column":15},"end":{"line":169,"column":38}},"loc":{"start":{"line":169,"column":41},"end":{"line":171,"column":1}},"line":169},"14":{"name":"contohSaveStatistics","decl":{"start":{"line":178,"column":15},"end":{"line":178,"column":35}},"loc":{"start":{"line":178,"column":38},"end":{"line":187,"column":1}},"line":178},"15":{"name":"contohGetStatistics","decl":{"start":{"line":190,"column":15},"end":{"line":190,"column":34}},"loc":{"start":{"line":190,"column":37},"end":{"line":193,"column":1}},"line":190},"16":{"name":"contohUpdateStatistics","decl":{"start":{"line":196,"column":15},"end":{"line":196,"column":37}},"loc":{"start":{"line":196,"column":40},"end":{"line":200,"column":1}},"line":196},"17":{"name":"contohDeleteStatistics","decl":{"start":{"line":203,"column":15},"end":{"line":203,"column":37}},"loc":{"start":{"line":203,"column":40},"end":{"line":205,"column":1}},"line":203},"18":{"name":"contohAddSession","decl":{"start":{"line":212,"column":15},"end":{"line":212,"column":31}},"loc":{"start":{"line":212,"column":34},"end":{"line":220,"column":1}},"line":212},"19":{"name":"contohGetSession","decl":{"start":{"line":223,"column":15},"end":{"line":223,"column":31}},"loc":{"start":{"line":223,"column":34},"end":{"line":229,"column":1}},"line":223},"20":{"name":"contohUpdateSession","decl":{"start":{"line":232,"column":15},"end":{"line":232,"column":34}},"loc":{"start":{"line":232,"column":37},"end":{"line":235,"column":1}},"line":232},"21":{"name":"contohDeleteSession","decl":{"start":{"line":238,"column":15},"end":{"line":238,"column":34}},"loc":{"start":{"line":238,"column":37},"end":{"line":240,"column":1}},"line":238},"22":{"name":"contohBatchedWrite","decl":{"start":{"line":247,"column":15},"end":{"line":247,"column":33}},"loc":{"start":{"line":247,"column":36},"end":{"line":269,"column":1}},"line":247},"23":{"name":"contohTransaction","decl":{"start":{"line":272,"column":15},"end":{"line":272,"column":32}},"loc":{"start":{"line":272,"column":35},"end":{"line":275,"column":1}},"line":272},"24":{"name":"contohWorkflowLengkap","decl":{"start":{"line":284,"column":15},"end":{"line":284,"column":36}},"loc":{"start":{"line":284,"column":39},"end":{"line":310,"column":1}},"line":284}},"branchMap":{},"s":{"0":0,"1":0,"2":0,"3":0,"4":0,"5":0,"6":0,"7":0,"8":0,"9":0,"10":0,"11":0,"12":0,"13":0,"14":0,"15":0,"16":0,"17":0,"18":0,"19":0,"20":0,"21":0,"22":0,"23":0,"24":0,"25":0,"26":0,"27":0,"28":0,"29":0,"30":0,"31":0,"32":0,"33":0,"34":0,"35":0,"36":0,"37":0,"38":0,"39":0,"40":0,"41":0,"42":0,"43":0,"44":0,"45":0,"46":0,"47":0,"48":0,"49":0,"50":0,"51":0,"52":0,"53":0,"54":0,"55":0,"56":0,"57":0,"58":0},"f":{"0":0,"1":0,"2":0,"3":0,"4":0,"5":0,"6":0,"7":0,"8":0,"9":0,"10":0,"11":0,"12":0,"13":0,"14":0,"15":0,"16":0,"17":0,"18":0,"19":0,"20":0,"21":0,"22":0,"23":0,"24":0},"b":{}}
,"D:\\PSOFP\\PSO-FP\\src\\js\\firestoreCRUD.js": {"path":"D:\\PSOFP\\PSO-FP\\src\\js\\firestoreCRUD.js","statementMap":{"0":{"start":{"line":34,"column":12},"end":{"line":34,"column":71}},"1":{"start":{"line":35,"column":11},"end":{"line":35,"column":28}},"2":{"start":{"line":36,"column":13},"end":{"line":36,"column":25}},"3":{"start":{"line":58,"column":2},"end":{"line":116,"column":3}},"4":{"start":{"line":59,"column":17},"end":{"line":59,"column":33}},"5":{"start":{"line":60,"column":4},"end":{"line":63,"column":5}},"6":{"start":{"line":61,"column":6},"end":{"line":61,"column":61}},"7":{"start":{"line":62,"column":6},"end":{"line":62,"column":18}},"8":{"start":{"line":66,"column":28},"end":{"line":66,"column":32}},"9":{"start":{"line":67,"column":4},"end":{"line":73,"column":5}},"10":{"start":{"line":68,"column":6},"end":{"line":68,"column":70}},"11":{"start":{"line":69,"column":6},"end":{"line":72,"column":7}},"12":{"start":{"line":70,"column":8},"end":{"line":70,"column":53}},"13":{"start":{"line":71,"column":8},"end":{"line":71,"column":71}},"14":{"start":{"line":75,"column":22},"end":{"line":108,"column":5}},"15":{"start":{"line":110,"column":19},"end":{"line":110,"column":73}},"16":{"start":{"line":111,"column":4},"end":{"line":111,"column":65}},"17":{"start":{"line":112,"column":4},"end":{"line":112,"column":21}},"18":{"start":{"line":114,"column":4},"end":{"line":114,"column":51}},"19":{"start":{"line":115,"column":4},"end":{"line":115,"column":16}},"20":{"start":{"line":125,"column":2},"end":{"line":147,"column":3}},"21":{"start":{"line":126,"column":14},"end":{"line":130,"column":5}},"22":{"start":{"line":132,"column":26},"end":{"line":132,"column":42}},"23":{"start":{"line":133,"column":24},"end":{"line":133,"column":26}},"24":{"start":{"line":135,"column":4},"end":{"line":140,"column":7}},"25":{"start":{"line":136,"column":6},"end":{"line":139,"column":9}},"26":{"start":{"line":142,"column":4},"end":{"line":142,"column":69}},"27":{"start":{"line":143,"column":4},"end":{"line":143,"column":23}},"28":{"start":{"line":145,"column":4},"end":{"line":145,"column":57}},"29":{"start":{"line":146,"column":4},"end":{"line":146,"column":14}},"30":{"start":{"line":156,"column":2},"end":{"line":172,"column":3}},"31":{"start":{"line":157,"column":19},"end":{"line":157,"column":50}},"32":{"start":{"line":158,"column":20},"end":{"line":158,"column":40}},"33":{"start":{"line":160,"column":4},"end":{"line":168,"column":5}},"34":{"start":{"line":161,"column":6},"end":{"line":164,"column":8}},"35":{"start":{"line":166,"column":6},"end":{"line":166,"column":44}},"36":{"start":{"line":167,"column":6},"end":{"line":167,"column":18}},"37":{"start":{"line":170,"column":4},"end":{"line":170,"column":51}},"38":{"start":{"line":171,"column":4},"end":{"line":171,"column":16}},"39":{"start":{"line":181,"column":2},"end":{"line":209,"column":3}},"40":{"start":{"line":182,"column":17},"end":{"line":182,"column":33}},"41":{"start":{"line":183,"column":4},"end":{"line":186,"column":5}},"42":{"start":{"line":184,"column":6},"end":{"line":184,"column":39}},"43":{"start":{"line":185,"column":6},"end":{"line":185,"column":16}},"44":{"start":{"line":188,"column":25},"end":{"line":188,"column":43}},"45":{"start":{"line":189,"column":14},"end":{"line":193,"column":5}},"46":{"start":{"line":195,"column":26},"end":{"line":195,"column":42}},"47":{"start":{"line":196,"column":23},"end":{"line":196,"column":25}},"48":{"start":{"line":198,"column":4},"end":{"line":203,"column":7}},"49":{"start":{"line":199,"column":6},"end":{"line":202,"column":9}},"50":{"start":{"line":205,"column":4},"end":{"line":205,"column":22}},"51":{"start":{"line":207,"column":4},"end":{"line":207,"column":57}},"52":{"start":{"line":208,"column":4},"end":{"line":208,"column":14}},"53":{"start":{"line":219,"column":2},"end":{"line":230,"column":3}},"54":{"start":{"line":220,"column":21},"end":{"line":220,"column":52}},"55":{"start":{"line":221,"column":4},"end":{"line":224,"column":7}},"56":{"start":{"line":225,"column":4},"end":{"line":225,"column":51}},"57":{"start":{"line":226,"column":4},"end":{"line":226,"column":16}},"58":{"start":{"line":228,"column":4},"end":{"line":228,"column":52}},"59":{"start":{"line":229,"column":4},"end":{"line":229,"column":17}},"60":{"start":{"line":240,"column":2},"end":{"line":250,"column":3}},"61":{"start":{"line":241,"column":21},"end":{"line":241,"column":52}},"62":{"start":{"line":242,"column":4},"end":{"line":244,"column":7}},"63":{"start":{"line":245,"column":4},"end":{"line":245,"column":48}},"64":{"start":{"line":246,"column":4},"end":{"line":246,"column":16}},"65":{"start":{"line":248,"column":4},"end":{"line":248,"column":56}},"66":{"start":{"line":249,"column":4},"end":{"line":249,"column":17}},"67":{"start":{"line":259,"column":2},"end":{"line":266,"column":3}},"68":{"start":{"line":260,"column":4},"end":{"line":260,"column":53}},"69":{"start":{"line":261,"column":4},"end":{"line":261,"column":43}},"70":{"start":{"line":262,"column":4},"end":{"line":262,"column":16}},"71":{"start":{"line":264,"column":4},"end":{"line":264,"column":51}},"72":{"start":{"line":265,"column":4},"end":{"line":265,"column":17}},"73":{"start":{"line":276,"column":2},"end":{"line":286,"column":3}},"74":{"start":{"line":277,"column":21},"end":{"line":277,"column":52}},"75":{"start":{"line":278,"column":4},"end":{"line":280,"column":7}},"76":{"start":{"line":281,"column":4},"end":{"line":281,"column":58}},"77":{"start":{"line":282,"column":4},"end":{"line":282,"column":16}},"78":{"start":{"line":284,"column":4},"end":{"line":284,"column":51}},"79":{"start":{"line":285,"column":4},"end":{"line":285,"column":17}},"80":{"start":{"line":301,"column":2},"end":{"line":324,"column":3}},"81":{"start":{"line":302,"column":17},"end":{"line":302,"column":33}},"82":{"start":{"line":303,"column":4},"end":{"line":306,"column":5}},"83":{"start":{"line":304,"column":6},"end":{"line":304,"column":63}},"84":{"start":{"line":305,"column":6},"end":{"line":305,"column":18}},"85":{"start":{"line":308,"column":24},"end":{"line":316,"column":5}},"86":{"start":{"line":318,"column":19},"end":{"line":318,"column":75}},"87":{"start":{"line":319,"column":4},"end":{"line":319,"column":72}},"88":{"start":{"line":320,"column":4},"end":{"line":320,"column":21}},"89":{"start":{"line":322,"column":4},"end":{"line":322,"column":58}},"90":{"start":{"line":323,"column":4},"end":{"line":323,"column":16}},"91":{"start":{"line":333,"column":2},"end":{"line":349,"column":3}},"92":{"start":{"line":334,"column":19},"end":{"line":334,"column":52}},"93":{"start":{"line":335,"column":20},"end":{"line":335,"column":40}},"94":{"start":{"line":337,"column":4},"end":{"line":345,"column":5}},"95":{"start":{"line":338,"column":6},"end":{"line":341,"column":8}},"96":{"start":{"line":343,"column":6},"end":{"line":343,"column":51}},"97":{"start":{"line":344,"column":6},"end":{"line":344,"column":18}},"98":{"start":{"line":347,"column":4},"end":{"line":347,"column":58}},"99":{"start":{"line":348,"column":4},"end":{"line":348,"column":16}},"100":{"start":{"line":358,"column":2},"end":{"line":386,"column":3}},"101":{"start":{"line":359,"column":17},"end":{"line":359,"column":33}},"102":{"start":{"line":360,"column":4},"end":{"line":363,"column":5}},"103":{"start":{"line":361,"column":6},"end":{"line":361,"column":39}},"104":{"start":{"line":362,"column":6},"end":{"line":362,"column":16}},"105":{"start":{"line":365,"column":25},"end":{"line":365,"column":43}},"106":{"start":{"line":366,"column":14},"end":{"line":370,"column":5}},"107":{"start":{"line":372,"column":26},"end":{"line":372,"column":42}},"108":{"start":{"line":373,"column":24},"end":{"line":373,"column":26}},"109":{"start":{"line":375,"column":4},"end":{"line":380,"column":7}},"110":{"start":{"line":376,"column":6},"end":{"line":379,"column":9}},"111":{"start":{"line":382,"column":4},"end":{"line":382,"column":23}},"112":{"start":{"line":384,"column":4},"end":{"line":384,"column":58}},"113":{"start":{"line":385,"column":4},"end":{"line":385,"column":14}},"114":{"start":{"line":395,"column":2},"end":{"line":416,"column":3}},"115":{"start":{"line":396,"column":14},"end":{"line":400,"column":5}},"116":{"start":{"line":402,"column":26},"end":{"line":402,"column":42}},"117":{"start":{"line":403,"column":4},"end":{"line":412,"column":5}},"118":{"start":{"line":404,"column":18},"end":{"line":404,"column":39}},"119":{"start":{"line":405,"column":6},"end":{"line":408,"column":8}},"120":{"start":{"line":410,"column":6},"end":{"line":410,"column":72}},"121":{"start":{"line":411,"column":6},"end":{"line":411,"column":18}},"122":{"start":{"line":414,"column":4},"end":{"line":414,"column":58}},"123":{"start":{"line":415,"column":4},"end":{"line":415,"column":16}},"124":{"start":{"line":426,"column":2},"end":{"line":438,"column":3}},"125":{"start":{"line":427,"column":23},"end":{"line":427,"column":56}},"126":{"start":{"line":428,"column":4},"end":{"line":432,"column":7}},"127":{"start":{"line":433,"column":4},"end":{"line":433,"column":57}},"128":{"start":{"line":434,"column":4},"end":{"line":434,"column":16}},"129":{"start":{"line":436,"column":4},"end":{"line":436,"column":52}},"130":{"start":{"line":437,"column":4},"end":{"line":437,"column":17}},"131":{"start":{"line":448,"column":2},"end":{"line":458,"column":3}},"132":{"start":{"line":449,"column":23},"end":{"line":449,"column":56}},"133":{"start":{"line":450,"column":4},"end":{"line":452,"column":7}},"134":{"start":{"line":453,"column":4},"end":{"line":453,"column":50}},"135":{"start":{"line":454,"column":4},"end":{"line":454,"column":16}},"136":{"start":{"line":456,"column":4},"end":{"line":456,"column":58}},"137":{"start":{"line":457,"column":4},"end":{"line":457,"column":17}},"138":{"start":{"line":467,"column":2},"end":{"line":474,"column":3}},"139":{"start":{"line":468,"column":4},"end":{"line":468,"column":55}},"140":{"start":{"line":469,"column":4},"end":{"line":469,"column":50}},"141":{"start":{"line":470,"column":4},"end":{"line":470,"column":16}},"142":{"start":{"line":472,"column":4},"end":{"line":472,"column":58}},"143":{"start":{"line":473,"column":4},"end":{"line":473,"column":17}},"144":{"start":{"line":487,"column":2},"end":{"line":509,"column":3}},"145":{"start":{"line":488,"column":17},"end":{"line":488,"column":33}},"146":{"start":{"line":489,"column":4},"end":{"line":492,"column":5}},"147":{"start":{"line":490,"column":6},"end":{"line":490,"column":67}},"148":{"start":{"line":491,"column":6},"end":{"line":491,"column":18}},"149":{"start":{"line":494,"column":28},"end":{"line":499,"column":5}},"150":{"start":{"line":502,"column":25},"end":{"line":502,"column":61}},"151":{"start":{"line":503,"column":4},"end":{"line":503,"column":65}},"152":{"start":{"line":504,"column":4},"end":{"line":504,"column":54}},"153":{"start":{"line":505,"column":4},"end":{"line":505,"column":20}},"154":{"start":{"line":507,"column":4},"end":{"line":507,"column":62}},"155":{"start":{"line":508,"column":4},"end":{"line":508,"column":16}},"156":{"start":{"line":518,"column":2},"end":{"line":541,"column":3}},"157":{"start":{"line":519,"column":17},"end":{"line":519,"column":33}},"158":{"start":{"line":520,"column":4},"end":{"line":523,"column":5}},"159":{"start":{"line":521,"column":6},"end":{"line":521,"column":39}},"160":{"start":{"line":522,"column":6},"end":{"line":522,"column":18}},"161":{"start":{"line":525,"column":25},"end":{"line":525,"column":43}},"162":{"start":{"line":526,"column":19},"end":{"line":526,"column":59}},"163":{"start":{"line":527,"column":20},"end":{"line":527,"column":40}},"164":{"start":{"line":529,"column":4},"end":{"line":537,"column":5}},"165":{"start":{"line":530,"column":6},"end":{"line":533,"column":8}},"166":{"start":{"line":535,"column":6},"end":{"line":535,"column":55}},"167":{"start":{"line":536,"column":6},"end":{"line":536,"column":18}},"168":{"start":{"line":539,"column":4},"end":{"line":539,"column":62}},"169":{"start":{"line":540,"column":4},"end":{"line":540,"column":16}},"170":{"start":{"line":550,"column":2},"end":{"line":595,"column":3}},"171":{"start":{"line":551,"column":17},"end":{"line":551,"column":33}},"172":{"start":{"line":552,"column":4},"end":{"line":555,"column":5}},"173":{"start":{"line":553,"column":6},"end":{"line":553,"column":39}},"174":{"start":{"line":554,"column":6},"end":{"line":554,"column":19}},"175":{"start":{"line":557,"column":25},"end":{"line":557,"column":61}},"176":{"start":{"line":560,"column":20},"end":{"line":560,"column":46}},"177":{"start":{"line":562,"column":4},"end":{"line":580,"column":5}},"178":{"start":{"line":564,"column":6},"end":{"line":571,"column":9}},"179":{"start":{"line":572,"column":6},"end":{"line":572,"column":65}},"180":{"start":{"line":575,"column":6},"end":{"line":578,"column":9}},"181":{"start":{"line":579,"column":6},"end":{"line":579,"column":46}},"182":{"start":{"line":581,"column":4},"end":{"line":581,"column":16}},"183":{"start":{"line":583,"column":4},"end":{"line":583,"column":52}},"184":{"start":{"line":585,"column":4},"end":{"line":593,"column":5}},"185":{"start":{"line":586,"column":6},"end":{"line":586,"column":73}},"186":{"start":{"line":587,"column":11},"end":{"line":593,"column":5}},"187":{"start":{"line":588,"column":6},"end":{"line":590,"column":8}},"188":{"start":{"line":591,"column":11},"end":{"line":593,"column":5}},"189":{"start":{"line":592,"column":6},"end":{"line":592,"column":53}},"190":{"start":{"line":594,"column":4},"end":{"line":594,"column":17}},"191":{"start":{"line":604,"column":2},"end":{"line":649,"column":3}},"192":{"start":{"line":605,"column":17},"end":{"line":605,"column":33}},"193":{"start":{"line":606,"column":4},"end":{"line":609,"column":5}},"194":{"start":{"line":607,"column":6},"end":{"line":607,"column":39}},"195":{"start":{"line":608,"column":6},"end":{"line":608,"column":19}},"196":{"start":{"line":611,"column":25},"end":{"line":611,"column":61}},"197":{"start":{"line":614,"column":20},"end":{"line":614,"column":46}},"198":{"start":{"line":616,"column":4},"end":{"line":634,"column":5}},"199":{"start":{"line":618,"column":6},"end":{"line":625,"column":9}},"200":{"start":{"line":626,"column":6},"end":{"line":626,"column":71}},"201":{"start":{"line":629,"column":6},"end":{"line":632,"column":9}},"202":{"start":{"line":633,"column":6},"end":{"line":633,"column":50}},"203":{"start":{"line":635,"column":4},"end":{"line":635,"column":16}},"204":{"start":{"line":637,"column":4},"end":{"line":637,"column":56}},"205":{"start":{"line":639,"column":4},"end":{"line":647,"column":5}},"206":{"start":{"line":640,"column":6},"end":{"line":640,"column":73}},"207":{"start":{"line":641,"column":11},"end":{"line":647,"column":5}},"208":{"start":{"line":642,"column":6},"end":{"line":644,"column":8}},"209":{"start":{"line":645,"column":11},"end":{"line":647,"column":5}},"210":{"start":{"line":646,"column":6},"end":{"line":646,"column":53}},"211":{"start":{"line":648,"column":4},"end":{"line":648,"column":17}},"212":{"start":{"line":658,"column":2},"end":{"line":672,"column":3}},"213":{"start":{"line":659,"column":17},"end":{"line":659,"column":33}},"214":{"start":{"line":660,"column":4},"end":{"line":663,"column":5}},"215":{"start":{"line":661,"column":6},"end":{"line":661,"column":39}},"216":{"start":{"line":662,"column":6},"end":{"line":662,"column":19}},"217":{"start":{"line":665,"column":25},"end":{"line":665,"column":43}},"218":{"start":{"line":666,"column":4},"end":{"line":666,"column":62}},"219":{"start":{"line":667,"column":4},"end":{"line":667,"column":54}},"220":{"start":{"line":668,"column":4},"end":{"line":668,"column":16}},"221":{"start":{"line":670,"column":4},"end":{"line":670,"column":62}},"222":{"start":{"line":671,"column":4},"end":{"line":671,"column":17}},"223":{"start":{"line":685,"column":2},"end":{"line":707,"column":3}},"224":{"start":{"line":686,"column":17},"end":{"line":686,"column":33}},"225":{"start":{"line":687,"column":4},"end":{"line":690,"column":5}},"226":{"start":{"line":688,"column":6},"end":{"line":688,"column":66}},"227":{"start":{"line":689,"column":6},"end":{"line":689,"column":18}},"228":{"start":{"line":692,"column":22},"end":{"line":697,"column":5}},"229":{"start":{"line":700,"column":25},"end":{"line":700,"column":60}},"230":{"start":{"line":701,"column":4},"end":{"line":701,"column":59}},"231":{"start":{"line":702,"column":4},"end":{"line":702,"column":53}},"232":{"start":{"line":703,"column":4},"end":{"line":703,"column":20}},"233":{"start":{"line":705,"column":4},"end":{"line":705,"column":61}},"234":{"start":{"line":706,"column":4},"end":{"line":706,"column":16}},"235":{"start":{"line":716,"column":2},"end":{"line":739,"column":3}},"236":{"start":{"line":717,"column":17},"end":{"line":717,"column":33}},"237":{"start":{"line":718,"column":4},"end":{"line":721,"column":5}},"238":{"start":{"line":719,"column":6},"end":{"line":719,"column":39}},"239":{"start":{"line":720,"column":6},"end":{"line":720,"column":18}},"240":{"start":{"line":723,"column":25},"end":{"line":723,"column":43}},"241":{"start":{"line":724,"column":19},"end":{"line":724,"column":58}},"242":{"start":{"line":725,"column":20},"end":{"line":725,"column":40}},"243":{"start":{"line":727,"column":4},"end":{"line":735,"column":5}},"244":{"start":{"line":728,"column":6},"end":{"line":731,"column":8}},"245":{"start":{"line":733,"column":6},"end":{"line":733,"column":54}},"246":{"start":{"line":734,"column":6},"end":{"line":734,"column":18}},"247":{"start":{"line":737,"column":4},"end":{"line":737,"column":61}},"248":{"start":{"line":738,"column":4},"end":{"line":738,"column":16}},"249":{"start":{"line":747,"column":2},"end":{"line":764,"column":3}},"250":{"start":{"line":748,"column":17},"end":{"line":748,"column":33}},"251":{"start":{"line":749,"column":4},"end":{"line":752,"column":5}},"252":{"start":{"line":750,"column":6},"end":{"line":750,"column":39}},"253":{"start":{"line":751,"column":6},"end":{"line":751,"column":19}},"254":{"start":{"line":754,"column":25},"end":{"line":754,"column":60}},"255":{"start":{"line":755,"column":4},"end":{"line":758,"column":7}},"256":{"start":{"line":759,"column":4},"end":{"line":759,"column":53}},"257":{"start":{"line":760,"column":4},"end":{"line":760,"column":16}},"258":{"start":{"line":762,"column":4},"end":{"line":762,"column":61}},"259":{"start":{"line":763,"column":4},"end":{"line":763,"column":17}},"260":{"start":{"line":772,"column":2},"end":{"line":789,"column":3}},"261":{"start":{"line":773,"column":17},"end":{"line":773,"column":33}},"262":{"start":{"line":774,"column":4},"end":{"line":777,"column":5}},"263":{"start":{"line":775,"column":6},"end":{"line":775,"column":39}},"264":{"start":{"line":776,"column":6},"end":{"line":776,"column":19}},"265":{"start":{"line":779,"column":25},"end":{"line":779,"column":60}},"266":{"start":{"line":780,"column":4},"end":{"line":783,"column":7}},"267":{"start":{"line":784,"column":4},"end":{"line":784,"column":46}},"268":{"start":{"line":785,"column":4},"end":{"line":785,"column":16}},"269":{"start":{"line":787,"column":4},"end":{"line":787,"column":54}},"270":{"start":{"line":788,"column":4},"end":{"line":788,"column":17}},"271":{"start":{"line":798,"column":2},"end":{"line":849,"column":3}},"272":{"start":{"line":799,"column":17},"end":{"line":799,"column":33}},"273":{"start":{"line":800,"column":4},"end":{"line":803,"column":5}},"274":{"start":{"line":801,"column":6},"end":{"line":801,"column":39}},"275":{"start":{"line":802,"column":6},"end":{"line":802,"column":19}},"276":{"start":{"line":806,"column":25},"end":{"line":806,"column":50}},"277":{"start":{"line":807,"column":4},"end":{"line":836,"column":5}},"278":{"start":{"line":812,"column":27},"end":{"line":812,"column":62}},"279":{"start":{"line":817,"column":25},"end":{"line":827,"column":11}},"280":{"start":{"line":829,"column":6},"end":{"line":829,"column":62}},"281":{"start":{"line":830,"column":6},"end":{"line":834,"column":7}},"282":{"start":{"line":831,"column":8},"end":{"line":831,"column":52}},"283":{"start":{"line":833,"column":8},"end":{"line":833,"column":72}},"284":{"start":{"line":835,"column":6},"end":{"line":835,"column":18}},"285":{"start":{"line":838,"column":4},"end":{"line":838,"column":75}},"286":{"start":{"line":839,"column":4},"end":{"line":839,"column":17}},"287":{"start":{"line":841,"column":4},"end":{"line":841,"column":56}},"288":{"start":{"line":843,"column":4},"end":{"line":847,"column":5}},"289":{"start":{"line":844,"column":6},"end":{"line":844,"column":73}},"290":{"start":{"line":845,"column":11},"end":{"line":847,"column":5}},"291":{"start":{"line":846,"column":6},"end":{"line":846,"column":53}},"292":{"start":{"line":848,"column":4},"end":{"line":848,"column":17}},"293":{"start":{"line":858,"column":2},"end":{"line":872,"column":3}},"294":{"start":{"line":859,"column":17},"end":{"line":859,"column":33}},"295":{"start":{"line":860,"column":4},"end":{"line":863,"column":5}},"296":{"start":{"line":861,"column":6},"end":{"line":861,"column":39}},"297":{"start":{"line":862,"column":6},"end":{"line":862,"column":19}},"298":{"start":{"line":865,"column":25},"end":{"line":865,"column":43}},"299":{"start":{"line":866,"column":4},"end":{"line":866,"column":61}},"300":{"start":{"line":867,"column":4},"end":{"line":867,"column":53}},"301":{"start":{"line":868,"column":4},"end":{"line":868,"column":16}},"302":{"start":{"line":870,"column":4},"end":{"line":870,"column":61}},"303":{"start":{"line":871,"column":4},"end":{"line":871,"column":17}},"304":{"start":{"line":885,"column":2},"end":{"line":908,"column":3}},"305":{"start":{"line":886,"column":17},"end":{"line":886,"column":33}},"306":{"start":{"line":887,"column":4},"end":{"line":890,"column":5}},"307":{"start":{"line":888,"column":6},"end":{"line":888,"column":68}},"308":{"start":{"line":889,"column":6},"end":{"line":889,"column":18}},"309":{"start":{"line":892,"column":32},"end":{"line":897,"column":5}},"310":{"start":{"line":899,"column":19},"end":{"line":902,"column":5}},"311":{"start":{"line":903,"column":4},"end":{"line":903,"column":72}},"312":{"start":{"line":904,"column":4},"end":{"line":904,"column":21}},"313":{"start":{"line":906,"column":4},"end":{"line":906,"column":58}},"314":{"start":{"line":907,"column":4},"end":{"line":907,"column":16}},"315":{"start":{"line":917,"column":2},"end":{"line":933,"column":3}},"316":{"start":{"line":918,"column":19},"end":{"line":918,"column":49}},"317":{"start":{"line":919,"column":20},"end":{"line":919,"column":40}},"318":{"start":{"line":921,"column":4},"end":{"line":929,"column":5}},"319":{"start":{"line":922,"column":6},"end":{"line":925,"column":8}},"320":{"start":{"line":927,"column":6},"end":{"line":927,"column":46}},"321":{"start":{"line":928,"column":6},"end":{"line":928,"column":18}},"322":{"start":{"line":931,"column":4},"end":{"line":931,"column":53}},"323":{"start":{"line":932,"column":4},"end":{"line":932,"column":16}},"324":{"start":{"line":942,"column":2},"end":{"line":970,"column":3}},"325":{"start":{"line":943,"column":17},"end":{"line":943,"column":33}},"326":{"start":{"line":944,"column":4},"end":{"line":947,"column":5}},"327":{"start":{"line":945,"column":6},"end":{"line":945,"column":39}},"328":{"start":{"line":946,"column":6},"end":{"line":946,"column":16}},"329":{"start":{"line":949,"column":25},"end":{"line":949,"column":43}},"330":{"start":{"line":950,"column":14},"end":{"line":954,"column":5}},"331":{"start":{"line":956,"column":26},"end":{"line":956,"column":42}},"332":{"start":{"line":957,"column":21},"end":{"line":957,"column":23}},"333":{"start":{"line":959,"column":4},"end":{"line":964,"column":7}},"334":{"start":{"line":960,"column":6},"end":{"line":963,"column":9}},"335":{"start":{"line":966,"column":4},"end":{"line":966,"column":20}},"336":{"start":{"line":968,"column":4},"end":{"line":968,"column":54}},"337":{"start":{"line":969,"column":4},"end":{"line":969,"column":14}},"338":{"start":{"line":980,"column":2},"end":{"line":991,"column":3}},"339":{"start":{"line":981,"column":23},"end":{"line":981,"column":53}},"340":{"start":{"line":982,"column":4},"end":{"line":985,"column":7}},"341":{"start":{"line":986,"column":4},"end":{"line":986,"column":45}},"342":{"start":{"line":987,"column":4},"end":{"line":987,"column":16}},"343":{"start":{"line":989,"column":4},"end":{"line":989,"column":51}},"344":{"start":{"line":990,"column":4},"end":{"line":990,"column":17}},"345":{"start":{"line":1000,"column":2},"end":{"line":1011,"column":3}},"346":{"start":{"line":1001,"column":23},"end":{"line":1001,"column":53}},"347":{"start":{"line":1002,"column":4},"end":{"line":1005,"column":7}},"348":{"start":{"line":1006,"column":4},"end":{"line":1006,"column":55}},"349":{"start":{"line":1007,"column":4},"end":{"line":1007,"column":16}},"350":{"start":{"line":1009,"column":4},"end":{"line":1009,"column":63}},"351":{"start":{"line":1010,"column":4},"end":{"line":1010,"column":17}},"352":{"start":{"line":1020,"column":2},"end":{"line":1027,"column":3}},"353":{"start":{"line":1021,"column":4},"end":{"line":1021,"column":52}},"354":{"start":{"line":1022,"column":4},"end":{"line":1022,"column":45}},"355":{"start":{"line":1023,"column":4},"end":{"line":1023,"column":16}},"356":{"start":{"line":1025,"column":4},"end":{"line":1025,"column":53}},"357":{"start":{"line":1026,"column":4},"end":{"line":1026,"column":17}},"358":{"start":{"line":1041,"column":2},"end":{"line":1066,"column":3}},"359":{"start":{"line":1042,"column":18},"end":{"line":1042,"column":32}},"360":{"start":{"line":1045,"column":21},"end":{"line":1045,"column":55}},"361":{"start":{"line":1046,"column":4},"end":{"line":1049,"column":7}},"362":{"start":{"line":1052,"column":23},"end":{"line":1052,"column":57}},"363":{"start":{"line":1053,"column":4},"end":{"line":1057,"column":7}},"364":{"start":{"line":1060,"column":4},"end":{"line":1060,"column":25}},"365":{"start":{"line":1061,"column":4},"end":{"line":1061,"column":60}},"366":{"start":{"line":1062,"column":4},"end":{"line":1062,"column":16}},"367":{"start":{"line":1064,"column":4},"end":{"line":1064,"column":55}},"368":{"start":{"line":1065,"column":4},"end":{"line":1065,"column":17}},"369":{"start":{"line":1076,"column":2},"end":{"line":1131,"column":3}},"370":{"start":{"line":1078,"column":17},"end":{"line":1078,"column":33}},"371":{"start":{"line":1079,"column":4},"end":{"line":1082,"column":5}},"372":{"start":{"line":1080,"column":6},"end":{"line":1080,"column":39}},"373":{"start":{"line":1081,"column":6},"end":{"line":1081,"column":19}},"374":{"start":{"line":1085,"column":4},"end":{"line":1088,"column":5}},"375":{"start":{"line":1086,"column":6},"end":{"line":1086,"column":72}},"376":{"start":{"line":1087,"column":6},"end":{"line":1087,"column":19}},"377":{"start":{"line":1090,"column":4},"end":{"line":1125,"column":7}},"378":{"start":{"line":1091,"column":23},"end":{"line":1091,"column":56}},"379":{"start":{"line":1092,"column":23},"end":{"line":1092,"column":54}},"380":{"start":{"line":1094,"column":6},"end":{"line":1124,"column":7}},"381":{"start":{"line":1096,"column":8},"end":{"line":1104,"column":11}},"382":{"start":{"line":1106,"column":29},"end":{"line":1106,"column":44}},"383":{"start":{"line":1107,"column":25},"end":{"line":1122,"column":9}},"384":{"start":{"line":1123,"column":8},"end":{"line":1123,"column":47}},"385":{"start":{"line":1126,"column":4},"end":{"line":1126,"column":49}},"386":{"start":{"line":1127,"column":4},"end":{"line":1127,"column":16}},"387":{"start":{"line":1129,"column":4},"end":{"line":1129,"column":53}},"388":{"start":{"line":1130,"column":4},"end":{"line":1130,"column":17}}},"fnMap":{"0":{"name":"addScoreToLeaderboard","decl":{"start":{"line":51,"column":22},"end":{"line":51,"column":43}},"loc":{"start":{"line":57,"column":2},"end":{"line":117,"column":1}},"line":57},"1":{"name":"getLeaderboard","decl":{"start":{"line":124,"column":22},"end":{"line":124,"column":36}},"loc":{"start":{"line":124,"column":54},"end":{"line":148,"column":1}},"line":124},"2":{"name":"(anonymous_2)","decl":{"start":{"line":135,"column":26},"end":{"line":135,"column":27}},"loc":{"start":{"line":135,"column":35},"end":{"line":140,"column":5}},"line":135},"3":{"name":"getScoreById","decl":{"start":{"line":155,"column":22},"end":{"line":155,"column":34}},"loc":{"start":{"line":155,"column":44},"end":{"line":173,"column":1}},"line":155},"4":{"name":"getUserScores","decl":{"start":{"line":180,"column":22},"end":{"line":180,"column":35}},"loc":{"start":{"line":180,"column":51},"end":{"line":210,"column":1}},"line":180},"5":{"name":"(anonymous_5)","decl":{"start":{"line":198,"column":26},"end":{"line":198,"column":27}},"loc":{"start":{"line":198,"column":35},"end":{"line":203,"column":5}},"line":198},"6":{"name":"updateScoreResult","decl":{"start":{"line":218,"column":22},"end":{"line":218,"column":39}},"loc":{"start":{"line":218,"column":60},"end":{"line":231,"column":1}},"line":218},"7":{"name":"updateScoreGameTime","decl":{"start":{"line":239,"column":22},"end":{"line":239,"column":41}},"loc":{"start":{"line":239,"column":64},"end":{"line":251,"column":1}},"line":239},"8":{"name":"deleteScore","decl":{"start":{"line":258,"column":22},"end":{"line":258,"column":33}},"loc":{"start":{"line":258,"column":43},"end":{"line":267,"column":1}},"line":258},"9":{"name":"removeScoreField","decl":{"start":{"line":275,"column":22},"end":{"line":275,"column":38}},"loc":{"start":{"line":275,"column":59},"end":{"line":287,"column":1}},"line":275},"10":{"name":"addGameHistory","decl":{"start":{"line":300,"column":22},"end":{"line":300,"column":36}},"loc":{"start":{"line":300,"column":64},"end":{"line":325,"column":1}},"line":300},"11":{"name":"getGameHistoryById","decl":{"start":{"line":332,"column":22},"end":{"line":332,"column":40}},"loc":{"start":{"line":332,"column":52},"end":{"line":350,"column":1}},"line":332},"12":{"name":"getUserGameHistory","decl":{"start":{"line":357,"column":22},"end":{"line":357,"column":40}},"loc":{"start":{"line":357,"column":56},"end":{"line":387,"column":1}},"line":357},"13":{"name":"(anonymous_13)","decl":{"start":{"line":375,"column":26},"end":{"line":375,"column":27}},"loc":{"start":{"line":375,"column":35},"end":{"line":380,"column":5}},"line":375},"14":{"name":"getGameHistoryByGameId","decl":{"start":{"line":394,"column":22},"end":{"line":394,"column":44}},"loc":{"start":{"line":394,"column":53},"end":{"line":417,"column":1}},"line":394},"15":{"name":"addMoveToHistory","decl":{"start":{"line":425,"column":22},"end":{"line":425,"column":38}},"loc":{"start":{"line":425,"column":59},"end":{"line":439,"column":1}},"line":425},"16":{"name":"updateHistoryBoardState","decl":{"start":{"line":447,"column":22},"end":{"line":447,"column":45}},"loc":{"start":{"line":447,"column":72},"end":{"line":459,"column":1}},"line":447},"17":{"name":"deleteGameHistory","decl":{"start":{"line":466,"column":22},"end":{"line":466,"column":39}},"loc":{"start":{"line":466,"column":51},"end":{"line":475,"column":1}},"line":466},"18":{"name":"saveUserPreferences","decl":{"start":{"line":486,"column":22},"end":{"line":486,"column":41}},"loc":{"start":{"line":486,"column":55},"end":{"line":510,"column":1}},"line":486},"19":{"name":"getUserPreferences","decl":{"start":{"line":517,"column":22},"end":{"line":517,"column":40}},"loc":{"start":{"line":517,"column":56},"end":{"line":542,"column":1}},"line":517},"20":{"name":"updateUserTheme","decl":{"start":{"line":549,"column":22},"end":{"line":549,"column":37}},"loc":{"start":{"line":549,"column":45},"end":{"line":596,"column":1}},"line":549},"21":{"name":"updateUserGameMode","decl":{"start":{"line":603,"column":22},"end":{"line":603,"column":40}},"loc":{"start":{"line":603,"column":51},"end":{"line":650,"column":1}},"line":603},"22":{"name":"deleteUserPreferences","decl":{"start":{"line":657,"column":22},"end":{"line":657,"column":43}},"loc":{"start":{"line":657,"column":59},"end":{"line":673,"column":1}},"line":657},"23":{"name":"saveUserStatistics","decl":{"start":{"line":684,"column":22},"end":{"line":684,"column":40}},"loc":{"start":{"line":684,"column":48},"end":{"line":708,"column":1}},"line":684},"24":{"name":"getUserStatistics","decl":{"start":{"line":715,"column":22},"end":{"line":715,"column":39}},"loc":{"start":{"line":715,"column":55},"end":{"line":740,"column":1}},"line":715},"25":{"name":"incrementTotalGames","decl":{"start":{"line":746,"column":22},"end":{"line":746,"column":41}},"loc":{"start":{"line":746,"column":44},"end":{"line":765,"column":1}},"line":746},"26":{"name":"incrementWins","decl":{"start":{"line":771,"column":22},"end":{"line":771,"column":35}},"loc":{"start":{"line":771,"column":38},"end":{"line":790,"column":1}},"line":771},"27":{"name":"updateBestTime","decl":{"start":{"line":797,"column":22},"end":{"line":797,"column":36}},"loc":{"start":{"line":797,"column":46},"end":{"line":850,"column":1}},"line":797},"28":{"name":"deleteUserStatistics","decl":{"start":{"line":857,"column":22},"end":{"line":857,"column":42}},"loc":{"start":{"line":857,"column":58},"end":{"line":873,"column":1}},"line":857},"29":{"name":"addSessionData","decl":{"start":{"line":884,"column":22},"end":{"line":884,"column":36}},"loc":{"start":{"line":884,"column":50},"end":{"line":909,"column":1}},"line":884},"30":{"name":"getSessionById","decl":{"start":{"line":916,"column":22},"end":{"line":916,"column":36}},"loc":{"start":{"line":916,"column":48},"end":{"line":934,"column":1}},"line":916},"31":{"name":"getUserSessions","decl":{"start":{"line":941,"column":22},"end":{"line":941,"column":37}},"loc":{"start":{"line":941,"column":53},"end":{"line":971,"column":1}},"line":941},"32":{"name":"(anonymous_32)","decl":{"start":{"line":959,"column":26},"end":{"line":959,"column":27}},"loc":{"start":{"line":959,"column":35},"end":{"line":964,"column":5}},"line":959},"33":{"name":"closeSession","decl":{"start":{"line":979,"column":22},"end":{"line":979,"column":34}},"loc":{"start":{"line":979,"column":55},"end":{"line":992,"column":1}},"line":979},"34":{"name":"incrementSessionGames","decl":{"start":{"line":999,"column":22},"end":{"line":999,"column":43}},"loc":{"start":{"line":999,"column":55},"end":{"line":1012,"column":1}},"line":999},"35":{"name":"deleteSession","decl":{"start":{"line":1019,"column":22},"end":{"line":1019,"column":35}},"loc":{"start":{"line":1019,"column":47},"end":{"line":1028,"column":1}},"line":1019},"36":{"name":"saveGameDataWithHistory","decl":{"start":{"line":1040,"column":22},"end":{"line":1040,"column":45}},"loc":{"start":{"line":1040,"column":70},"end":{"line":1067,"column":1}},"line":1040},"37":{"name":"updateStatisticsAtomically","decl":{"start":{"line":1075,"column":22},"end":{"line":1075,"column":48}},"loc":{"start":{"line":1075,"column":72},"end":{"line":1132,"column":1}},"line":1075},"38":{"name":"(anonymous_38)","decl":{"start":{"line":1090,"column":29},"end":{"line":1090,"column":30}},"loc":{"start":{"line":1090,"column":52},"end":{"line":1125,"column":5}},"line":1090}},"branchMap":{"0":{"loc":{"start":{"line":34,"column":12},"end":{"line":34,"column":71}},"type":"cond-expr","locations":[{"start":{"line":34,"column":31},"end":{"line":34,"column":39}},{"start":{"line":34,"column":42},"end":{"line":34,"column":71}}],"line":34},"1":{"loc":{"start":{"line":56,"column":2},"end":{"line":56,"column":21}},"type":"default-arg","locations":[{"start":{"line":56,"column":19},"end":{"line":56,"column":21}}],"line":56},"2":{"loc":{"start":{"line":60,"column":4},"end":{"line":63,"column":5}},"type":"if","locations":[{"start":{"line":60,"column":4},"end":{"line":63,"column":5}},{"start":{},"end":{}}],"line":60},"3":{"loc":{"start":{"line":67,"column":4},"end":{"line":73,"column":5}},"type":"if","locations":[{"start":{"line":67,"column":4},"end":{"line":73,"column":5}},{"start":{},"end":{}}],"line":67},"4":{"loc":{"start":{"line":69,"column":6},"end":{"line":72,"column":7}},"type":"if","locations":[{"start":{"line":69,"column":6},"end":{"line":72,"column":7}},{"start":{},"end":{}}],"line":69},"5":{"loc":{"start":{"line":83,"column":16},"end":{"line":83,"column":61}},"type":"binary-expr","locations":[{"start":{"line":83,"column":16},"end":{"line":83,"column":39}},{"start":{"line":83,"column":43},"end":{"line":83,"column":61}}],"line":83},"6":{"loc":{"start":{"line":88,"column":19},"end":{"line":88,"column":44}},"type":"cond-expr","locations":[{"start":{"line":88,"column":39},"end":{"line":88,"column":40}},{"start":{"line":88,"column":43},"end":{"line":88,"column":44}}],"line":88},"7":{"loc":{"start":{"line":92,"column":10},"end":{"line":94,"column":21}},"type":"cond-expr","locations":[{"start":{"line":93,"column":14},"end":{"line":93,"column":54}},{"start":{"line":94,"column":14},"end":{"line":94,"column":21}}],"line":92},"8":{"loc":{"start":{"line":93,"column":14},"end":{"line":93,"column":54}},"type":"binary-expr","locations":[{"start":{"line":93,"column":14},"end":{"line":93,"column":43}},{"start":{"line":93,"column":47},"end":{"line":93,"column":54}}],"line":93},"9":{"loc":{"start":{"line":95,"column":18},"end":{"line":95,"column":63}},"type":"binary-expr","locations":[{"start":{"line":95,"column":18},"end":{"line":95,"column":41}},{"start":{"line":95,"column":45},"end":{"line":95,"column":63}}],"line":95},"10":{"loc":{"start":{"line":97,"column":17},"end":{"line":100,"column":7}},"type":"binary-expr","locations":[{"start":{"line":97,"column":17},"end":{"line":97,"column":41}},{"start":{"line":97,"column":45},"end":{"line":100,"column":7}}],"line":97},"11":{"loc":{"start":{"line":103,"column":10},"end":{"line":103,"column":71}},"type":"cond-expr","locations":[{"start":{"line":103,"column":45},"end":{"line":103,"column":64}},{"start":{"line":103,"column":67},"end":{"line":103,"column":71}}],"line":103},"12":{"loc":{"start":{"line":104,"column":18},"end":{"line":104,"column":78}},"type":"cond-expr","locations":[{"start":{"line":104,"column":53},"end":{"line":104,"column":71}},{"start":{"line":104,"column":74},"end":{"line":104,"column":78}}],"line":104},"13":{"loc":{"start":{"line":105,"column":18},"end":{"line":105,"column":78}},"type":"cond-expr","locations":[{"start":{"line":105,"column":53},"end":{"line":105,"column":71}},{"start":{"line":105,"column":74},"end":{"line":105,"column":78}}],"line":105},"14":{"loc":{"start":{"line":124,"column":37},"end":{"line":124,"column":52}},"type":"default-arg","locations":[{"start":{"line":124,"column":50},"end":{"line":124,"column":52}}],"line":124},"15":{"loc":{"start":{"line":160,"column":4},"end":{"line":168,"column":5}},"type":"if","locations":[{"start":{"line":160,"column":4},"end":{"line":168,"column":5}},{"start":{"line":165,"column":11},"end":{"line":168,"column":5}}],"line":160},"16":{"loc":{"start":{"line":180,"column":36},"end":{"line":180,"column":49}},"type":"default-arg","locations":[{"start":{"line":180,"column":45},"end":{"line":180,"column":49}}],"line":180},"17":{"loc":{"start":{"line":183,"column":4},"end":{"line":186,"column":5}},"type":"if","locations":[{"start":{"line":183,"column":4},"end":{"line":186,"column":5}},{"start":{},"end":{}}],"line":183},"18":{"loc":{"start":{"line":183,"column":8},"end":{"line":183,"column":24}},"type":"binary-expr","locations":[{"start":{"line":183,"column":8},"end":{"line":183,"column":13}},{"start":{"line":183,"column":17},"end":{"line":183,"column":24}}],"line":183},"19":{"loc":{"start":{"line":188,"column":25},"end":{"line":188,"column":43}},"type":"binary-expr","locations":[{"start":{"line":188,"column":25},"end":{"line":188,"column":31}},{"start":{"line":188,"column":35},"end":{"line":188,"column":43}}],"line":188},"20":{"loc":{"start":{"line":303,"column":4},"end":{"line":306,"column":5}},"type":"if","locations":[{"start":{"line":303,"column":4},"end":{"line":306,"column":5}},{"start":{},"end":{}}],"line":303},"21":{"loc":{"start":{"line":315,"column":17},"end":{"line":315,"column":41}},"type":"cond-expr","locations":[{"start":{"line":315,"column":25},"end":{"line":315,"column":37}},{"start":{"line":315,"column":40},"end":{"line":315,"column":41}}],"line":315},"22":{"loc":{"start":{"line":337,"column":4},"end":{"line":345,"column":5}},"type":"if","locations":[{"start":{"line":337,"column":4},"end":{"line":345,"column":5}},{"start":{"line":342,"column":11},"end":{"line":345,"column":5}}],"line":337},"23":{"loc":{"start":{"line":357,"column":41},"end":{"line":357,"column":54}},"type":"default-arg","locations":[{"start":{"line":357,"column":50},"end":{"line":357,"column":54}}],"line":357},"24":{"loc":{"start":{"line":360,"column":4},"end":{"line":363,"column":5}},"type":"if","locations":[{"start":{"line":360,"column":4},"end":{"line":363,"column":5}},{"start":{},"end":{}}],"line":360},"25":{"loc":{"start":{"line":360,"column":8},"end":{"line":360,"column":24}},"type":"binary-expr","locations":[{"start":{"line":360,"column":8},"end":{"line":360,"column":13}},{"start":{"line":360,"column":17},"end":{"line":360,"column":24}}],"line":360},"26":{"loc":{"start":{"line":365,"column":25},"end":{"line":365,"column":43}},"type":"binary-expr","locations":[{"start":{"line":365,"column":25},"end":{"line":365,"column":31}},{"start":{"line":365,"column":35},"end":{"line":365,"column":43}}],"line":365},"27":{"loc":{"start":{"line":403,"column":4},"end":{"line":412,"column":5}},"type":"if","locations":[{"start":{"line":403,"column":4},"end":{"line":412,"column":5}},{"start":{"line":409,"column":11},"end":{"line":412,"column":5}}],"line":403},"28":{"loc":{"start":{"line":489,"column":4},"end":{"line":492,"column":5}},"type":"if","locations":[{"start":{"line":489,"column":4},"end":{"line":492,"column":5}},{"start":{},"end":{}}],"line":489},"29":{"loc":{"start":{"line":517,"column":41},"end":{"line":517,"column":54}},"type":"default-arg","locations":[{"start":{"line":517,"column":50},"end":{"line":517,"column":54}}],"line":517},"30":{"loc":{"start":{"line":520,"column":4},"end":{"line":523,"column":5}},"type":"if","locations":[{"start":{"line":520,"column":4},"end":{"line":523,"column":5}},{"start":{},"end":{}}],"line":520},"31":{"loc":{"start":{"line":520,"column":8},"end":{"line":520,"column":24}},"type":"binary-expr","locations":[{"start":{"line":520,"column":8},"end":{"line":520,"column":13}},{"start":{"line":520,"column":17},"end":{"line":520,"column":24}}],"line":520},"32":{"loc":{"start":{"line":525,"column":25},"end":{"line":525,"column":43}},"type":"binary-expr","locations":[{"start":{"line":525,"column":25},"end":{"line":525,"column":31}},{"start":{"line":525,"column":35},"end":{"line":525,"column":43}}],"line":525},"33":{"loc":{"start":{"line":529,"column":4},"end":{"line":537,"column":5}},"type":"if","locations":[{"start":{"line":529,"column":4},"end":{"line":537,"column":5}},{"start":{"line":534,"column":11},"end":{"line":537,"column":5}}],"line":529},"34":{"loc":{"start":{"line":552,"column":4},"end":{"line":555,"column":5}},"type":"if","locations":[{"start":{"line":552,"column":4},"end":{"line":555,"column":5}},{"start":{},"end":{}}],"line":552},"35":{"loc":{"start":{"line":562,"column":4},"end":{"line":580,"column":5}},"type":"if","locations":[{"start":{"line":562,"column":4},"end":{"line":580,"column":5}},{"start":{"line":573,"column":11},"end":{"line":580,"column":5}}],"line":562},"36":{"loc":{"start":{"line":585,"column":4},"end":{"line":593,"column":5}},"type":"if","locations":[{"start":{"line":585,"column":4},"end":{"line":593,"column":5}},{"start":{"line":587,"column":11},"end":{"line":593,"column":5}}],"line":585},"37":{"loc":{"start":{"line":587,"column":11},"end":{"line":593,"column":5}},"type":"if","locations":[{"start":{"line":587,"column":11},"end":{"line":593,"column":5}},{"start":{"line":591,"column":11},"end":{"line":593,"column":5}}],"line":587},"38":{"loc":{"start":{"line":591,"column":11},"end":{"line":593,"column":5}},"type":"if","locations":[{"start":{"line":591,"column":11},"end":{"line":593,"column":5}},{"start":{},"end":{}}],"line":591},"39":{"loc":{"start":{"line":606,"column":4},"end":{"line":609,"column":5}},"type":"if","locations":[{"start":{"line":606,"column":4},"end":{"line":609,"column":5}},{"start":{},"end":{}}],"line":606},"40":{"loc":{"start":{"line":616,"column":4},"end":{"line":634,"column":5}},"type":"if","locations":[{"start":{"line":616,"column":4},"end":{"line":634,"column":5}},{"start":{"line":627,"column":11},"end":{"line":634,"column":5}}],"line":616},"41":{"loc":{"start":{"line":639,"column":4},"end":{"line":647,"column":5}},"type":"if","locations":[{"start":{"line":639,"column":4},"end":{"line":647,"column":5}},{"start":{"line":641,"column":11},"end":{"line":647,"column":5}}],"line":639},"42":{"loc":{"start":{"line":641,"column":11},"end":{"line":647,"column":5}},"type":"if","locations":[{"start":{"line":641,"column":11},"end":{"line":647,"column":5}},{"start":{"line":645,"column":11},"end":{"line":647,"column":5}}],"line":641},"43":{"loc":{"start":{"line":645,"column":11},"end":{"line":647,"column":5}},"type":"if","locations":[{"start":{"line":645,"column":11},"end":{"line":647,"column":5}},{"start":{},"end":{}}],"line":645},"44":{"loc":{"start":{"line":657,"column":44},"end":{"line":657,"column":57}},"type":"default-arg","locations":[{"start":{"line":657,"column":53},"end":{"line":657,"column":57}}],"line":657},"45":{"loc":{"start":{"line":660,"column":4},"end":{"line":663,"column":5}},"type":"if","locations":[{"start":{"line":660,"column":4},"end":{"line":663,"column":5}},{"start":{},"end":{}}],"line":660},"46":{"loc":{"start":{"line":660,"column":8},"end":{"line":660,"column":24}},"type":"binary-expr","locations":[{"start":{"line":660,"column":8},"end":{"line":660,"column":13}},{"start":{"line":660,"column":17},"end":{"line":660,"column":24}}],"line":660},"47":{"loc":{"start":{"line":665,"column":25},"end":{"line":665,"column":43}},"type":"binary-expr","locations":[{"start":{"line":665,"column":25},"end":{"line":665,"column":31}},{"start":{"line":665,"column":35},"end":{"line":665,"column":43}}],"line":665},"48":{"loc":{"start":{"line":687,"column":4},"end":{"line":690,"column":5}},"type":"if","locations":[{"start":{"line":687,"column":4},"end":{"line":690,"column":5}},{"start":{},"end":{}}],"line":687},"49":{"loc":{"start":{"line":715,"column":40},"end":{"line":715,"column":53}},"type":"default-arg","locations":[{"start":{"line":715,"column":49},"end":{"line":715,"column":53}}],"line":715},"50":{"loc":{"start":{"line":718,"column":4},"end":{"line":721,"column":5}},"type":"if","locations":[{"start":{"line":718,"column":4},"end":{"line":721,"column":5}},{"start":{},"end":{}}],"line":718},"51":{"loc":{"start":{"line":718,"column":8},"end":{"line":718,"column":24}},"type":"binary-expr","locations":[{"start":{"line":718,"column":8},"end":{"line":718,"column":13}},{"start":{"line":718,"column":17},"end":{"line":718,"column":24}}],"line":718},"52":{"loc":{"start":{"line":723,"column":25},"end":{"line":723,"column":43}},"type":"binary-expr","locations":[{"start":{"line":723,"column":25},"end":{"line":723,"column":31}},{"start":{"line":723,"column":35},"end":{"line":723,"column":43}}],"line":723},"53":{"loc":{"start":{"line":727,"column":4},"end":{"line":735,"column":5}},"type":"if","locations":[{"start":{"line":727,"column":4},"end":{"line":735,"column":5}},{"start":{"line":732,"column":11},"end":{"line":735,"column":5}}],"line":727},"54":{"loc":{"start":{"line":749,"column":4},"end":{"line":752,"column":5}},"type":"if","locations":[{"start":{"line":749,"column":4},"end":{"line":752,"column":5}},{"start":{},"end":{}}],"line":749},"55":{"loc":{"start":{"line":774,"column":4},"end":{"line":777,"column":5}},"type":"if","locations":[{"start":{"line":774,"column":4},"end":{"line":777,"column":5}},{"start":{},"end":{}}],"line":774},"56":{"loc":{"start":{"line":800,"column":4},"end":{"line":803,"column":5}},"type":"if","locations":[{"start":{"line":800,"column":4},"end":{"line":803,"column":5}},{"start":{},"end":{}}],"line":800},"57":{"loc":{"start":{"line":807,"column":4},"end":{"line":836,"column":5}},"type":"if","locations":[{"start":{"line":807,"column":4},"end":{"line":836,"column":5}},{"start":{},"end":{}}],"line":807},"58":{"loc":{"start":{"line":808,"column":6},"end":{"line":810,"column":37}},"type":"binary-expr","locations":[{"start":{"line":808,"column":6},"end":{"line":808,"column":19}},{"start":{"line":809,"column":6},"end":{"line":809,"column":28}},{"start":{"line":810,"column":6},"end":{"line":810,"column":37}}],"line":808},"59":{"loc":{"start":{"line":817,"column":25},"end":{"line":827,"column":11}},"type":"cond-expr","locations":[{"start":{"line":818,"column":10},"end":{"line":821,"column":11}},{"start":{"line":822,"column":10},"end":{"line":827,"column":11}}],"line":817},"60":{"loc":{"start":{"line":830,"column":6},"end":{"line":834,"column":7}},"type":"if","locations":[{"start":{"line":830,"column":6},"end":{"line":834,"column":7}},{"start":{"line":832,"column":13},"end":{"line":834,"column":7}}],"line":830},"61":{"loc":{"start":{"line":843,"column":4},"end":{"line":847,"column":5}},"type":"if","locations":[{"start":{"line":843,"column":4},"end":{"line":847,"column":5}},{"start":{"line":845,"column":11},"end":{"line":847,"column":5}}],"line":843},"62":{"loc":{"start":{"line":845,"column":11},"end":{"line":847,"column":5}},"type":"if","locations":[{"start":{"line":845,"column":11},"end":{"line":847,"column":5}},{"start":{},"end":{}}],"line":845},"63":{"loc":{"start":{"line":857,"column":43},"end":{"line":857,"column":56}},"type":"default-arg","locations":[{"start":{"line":857,"column":52},"end":{"line":857,"column":56}}],"line":857},"64":{"loc":{"start":{"line":860,"column":4},"end":{"line":863,"column":5}},"type":"if","locations":[{"start":{"line":860,"column":4},"end":{"line":863,"column":5}},{"start":{},"end":{}}],"line":860},"65":{"loc":{"start":{"line":860,"column":8},"end":{"line":860,"column":24}},"type":"binary-expr","locations":[{"start":{"line":860,"column":8},"end":{"line":860,"column":13}},{"start":{"line":860,"column":17},"end":{"line":860,"column":24}}],"line":860},"66":{"loc":{"start":{"line":865,"column":25},"end":{"line":865,"column":43}},"type":"binary-expr","locations":[{"start":{"line":865,"column":25},"end":{"line":865,"column":31}},{"start":{"line":865,"column":35},"end":{"line":865,"column":43}}],"line":865},"67":{"loc":{"start":{"line":887,"column":4},"end":{"line":890,"column":5}},"type":"if","locations":[{"start":{"line":887,"column":4},"end":{"line":890,"column":5}},{"start":{},"end":{}}],"line":887},"68":{"loc":{"start":{"line":921,"column":4},"end":{"line":929,"column":5}},"type":"if","locations":[{"start":{"line":921,"column":4},"end":{"line":929,"column":5}},{"start":{"line":926,"column":11},"end":{"line":929,"column":5}}],"line":921},"69":{"loc":{"start":{"line":941,"column":38},"end":{"line":941,"column":51}},"type":"default-arg","locations":[{"start":{"line":941,"column":47},"end":{"line":941,"column":51}}],"line":941},"70":{"loc":{"start":{"line":944,"column":4},"end":{"line":947,"column":5}},"type":"if","locations":[{"start":{"line":944,"column":4},"end":{"line":947,"column":5}},{"start":{},"end":{}}],"line":944},"71":{"loc":{"start":{"line":944,"column":8},"end":{"line":944,"column":24}},"type":"binary-expr","locations":[{"start":{"line":944,"column":8},"end":{"line":944,"column":13}},{"start":{"line":944,"column":17},"end":{"line":944,"column":24}}],"line":944},"72":{"loc":{"start":{"line":949,"column":25},"end":{"line":949,"column":43}},"type":"binary-expr","locations":[{"start":{"line":949,"column":25},"end":{"line":949,"column":31}},{"start":{"line":949,"column":35},"end":{"line":949,"column":43}}],"line":949},"73":{"loc":{"start":{"line":1079,"column":4},"end":{"line":1082,"column":5}},"type":"if","locations":[{"start":{"line":1079,"column":4},"end":{"line":1082,"column":5}},{"start":{},"end":{}}],"line":1079},"74":{"loc":{"start":{"line":1085,"column":4},"end":{"line":1088,"column":5}},"type":"if","locations":[{"start":{"line":1085,"column":4},"end":{"line":1088,"column":5}},{"start":{},"end":{}}],"line":1085},"75":{"loc":{"start":{"line":1094,"column":6},"end":{"line":1124,"column":7}},"type":"if","locations":[{"start":{"line":1094,"column":6},"end":{"line":1124,"column":7}},{"start":{"line":1105,"column":13},"end":{"line":1124,"column":7}}],"line":1094},"76":{"loc":{"start":{"line":1100,"column":21},"end":{"line":1100,"column":52}},"type":"cond-expr","locations":[{"start":{"line":1100,"column":47},"end":{"line":1100,"column":48}},{"start":{"line":1100,"column":51},"end":{"line":1100,"column":52}}],"line":1100},"77":{"loc":{"start":{"line":1101,"column":22},"end":{"line":1101,"column":54}},"type":"cond-expr","locations":[{"start":{"line":1101,"column":49},"end":{"line":1101,"column":50}},{"start":{"line":1101,"column":53},"end":{"line":1101,"column":54}}],"line":1101},"78":{"loc":{"start":{"line":1102,"column":23},"end":{"line":1102,"column":55}},"type":"cond-expr","locations":[{"start":{"line":1102,"column":50},"end":{"line":1102,"column":51}},{"start":{"line":1102,"column":54},"end":{"line":1102,"column":55}}],"line":1102},"79":{"loc":{"start":{"line":1108,"column":23},"end":{"line":1108,"column":51}},"type":"binary-expr","locations":[{"start":{"line":1108,"column":23},"end":{"line":1108,"column":46}},{"start":{"line":1108,"column":50},"end":{"line":1108,"column":51}}],"line":1108},"80":{"loc":{"start":{"line":1110,"column":12},"end":{"line":1112,"column":43}},"type":"cond-expr","locations":[{"start":{"line":1111,"column":16},"end":{"line":1111,"column":49}},{"start":{"line":1112,"column":16},"end":{"line":1112,"column":43}}],"line":1110},"81":{"loc":{"start":{"line":1111,"column":17},"end":{"line":1111,"column":44}},"type":"binary-expr","locations":[{"start":{"line":1111,"column":17},"end":{"line":1111,"column":39}},{"start":{"line":1111,"column":43},"end":{"line":1111,"column":44}}],"line":1111},"82":{"loc":{"start":{"line":1112,"column":16},"end":{"line":1112,"column":43}},"type":"binary-expr","locations":[{"start":{"line":1112,"column":16},"end":{"line":1112,"column":38}},{"start":{"line":1112,"column":42},"end":{"line":1112,"column":43}}],"line":1112},"83":{"loc":{"start":{"line":1114,"column":12},"end":{"line":1116,"column":44}},"type":"cond-expr","locations":[{"start":{"line":1115,"column":16},"end":{"line":1115,"column":50}},{"start":{"line":1116,"column":16},"end":{"line":1116,"column":44}}],"line":1114},"84":{"loc":{"start":{"line":1115,"column":17},"end":{"line":1115,"column":45}},"type":"binary-expr","locations":[{"start":{"line":1115,"column":17},"end":{"line":1115,"column":40}},{"start":{"line":1115,"column":44},"end":{"line":1115,"column":45}}],"line":1115},"85":{"loc":{"start":{"line":1116,"column":16},"end":{"line":1116,"column":44}},"type":"binary-expr","locations":[{"start":{"line":1116,"column":16},"end":{"line":1116,"column":39}},{"start":{"line":1116,"column":43},"end":{"line":1116,"column":44}}],"line":1116},"86":{"loc":{"start":{"line":1118,"column":12},"end":{"line":1120,"column":45}},"type":"cond-expr","locations":[{"start":{"line":1119,"column":16},"end":{"line":1119,"column":51}},{"start":{"line":1120,"column":16},"end":{"line":1120,"column":45}}],"line":1118},"87":{"loc":{"start":{"line":1119,"column":17},"end":{"line":1119,"column":46}},"type":"binary-expr","locations":[{"start":{"line":1119,"column":17},"end":{"line":1119,"column":41}},{"start":{"line":1119,"column":45},"end":{"line":1119,"column":46}}],"line":1119},"88":{"loc":{"start":{"line":1120,"column":16},"end":{"line":1120,"column":45}},"type":"binary-expr","locations":[{"start":{"line":1120,"column":16},"end":{"line":1120,"column":40}},{"start":{"line":1120,"column":44},"end":{"line":1120,"column":45}}],"line":1120}},"s":{"0":0,"1":0,"2":0,"3":0,"4":0,"5":0,"6":0,"7":0,"8":0,"9":0,"10":0,"11":0,"12":0,"13":0,"14":0,"15":0,"16":0,"17":0,"18":0,"19":0,"20":0,"21":0,"22":0,"23":0,"24":0,"25":0,"26":0,"27":0,"28":0,"29":0,"30":0,"31":0,"32":0,"33":0,"34":0,"35":0,"36":0,"37":0,"38":0,"39":0,"40":0,"41":0,"42":0,"43":0,"44":0,"45":0,"46":0,"47":0,"48":0,"49":0,"50":0,"51":0,"52":0,"53":0,"54":0,"55":0,"56":0,"57":0,"58":0,"59":0,"60":0,"61":0,"62":0,"63":0,"64":0,"65":0,"66":0,"67":0,"68":0,"69":0,"70":0,"71":0,"72":0,"73":0,"74":0,"75":0,"76":0,"77":0,"78":0,"79":0,"80":0,"81":0,"82":0,"83":0,"84":0,"85":0,"86":0,"87":0,"88":0,"89":0,"90":0,"91":0,"92":0,"93":0,"94":0,"95":0,"96":0,"97":0,"98":0,"99":0,"100":0,"101":0,"102":0,"103":0,"104":0,"105":0,"106":0,"107":0,"108":0,"109":0,"110":0,"111":0,"112":0,"113":0,"114":0,"115":0,"116":0,"117":0,"118":0,"119":0,"120":0,"121":0,"122":0,"123":0,"124":0,"125":0,"126":0,"127":0,"128":0,"129":0,"130":0,"131":0,"132":0,"133":0,"134":0,"135":0,"136":0,"137":0,"138":0,"139":0,"140":0,"141":0,"142":0,"143":0,"144":0,"145":0,"146":0,"147":0,"148":0,"149":0,"150":0,"151":0,"152":0,"153":0,"154":0,"155":0,"156":0,"157":0,"158":0,"159":0,"160":0,"161":0,"162":0,"163":0,"164":0,"165":0,"166":0,"167":0,"168":0,"169":0,"170":0,"171":0,"172":0,"173":0,"174":0,"175":0,"176":0,"177":0,"178":0,"179":0,"180":0,"181":0,"182":0,"183":0,"184":0,"185":0,"186":0,"187":0,"188":0,"189":0,"190":0,"191":0,"192":0,"193":0,"194":0,"195":0,"196":0,"197":0,"198":0,"199":0,"200":0,"201":0,"202":0,"203":0,"204":0,"205":0,"206":0,"207":0,"208":0,"209":0,"210":0,"211":0,"212":0,"213":0,"214":0,"215":0,"216":0,"217":0,"218":0,"219":0,"220":0,"221":0,"222":0,"223":0,"224":0,"225":0,"226":0,"227":0,"228":0,"229":0,"230":0,"231":0,"232":0,"233":0,"234":0,"235":0,"236":0,"237":0,"238":0,"239":0,"240":0,"241":0,"242":0,"243":0,"244":0,"245":0,"246":0,"247":0,"248":0,"249":0,"250":0,"251":0,"252":0,"253":0,"254":0,"255":0,"256":0,"257":0,"258":0,"259":0,"260":0,"261":0,"262":0,"263":0,"264":0,"265":0,"266":0,"267":0,"268":0,"269":0,"270":0,"271":0,"272":0,"273":0,"274":0,"275":0,"276":0,"277":0,"278":0,"279":0,"280":0,"281":0,"282":0,"283":0,"284":0,"285":0,"286":0,"287":0,"288":0,"289":0,"290":0,"291":0,"292":0,"293":0,"294":0,"295":0,"296":0,"297":0,"298":0,"299":0,"300":0,"301":0,"302":0,"303":0,"304":0,"305":0,"306":0,"307":0,"308":0,"309":0,"310":0,"311":0,"312":0,"313":0,"314":0,"315":0,"316":0,"317":0,"318":0,"319":0,"320":0,"321":0,"322":0,"323":0,"324":0,"325":0,"326":0,"327":0,"328":0,"329":0,"330":0,"331":0,"332":0,"333":0,"334":0,"335":0,"336":0,"337":0,"338":0,"339":0,"340":0,"341":0,"342":0,"343":0,"344":0,"345":0,"346":0,"347":0,"348":0,"349":0,"350":0,"351":0,"352":0,"353":0,"354":0,"355":0,"356":0,"357":0,"358":0,"359":0,"360":0,"361":0,"362":0,"363":0,"364":0,"365":0,"366":0,"367":0,"368":0,"369":0,"370":0,"371":0,"372":0,"373":0,"374":0,"375":0,"376":0,"377":0,"378":0,"379":0,"380":0,"381":0,"382":0,"383":0,"384":0,"385":0,"386":0,"387":0,"388":0},"f":{"0":0,"1":0,"2":0,"3":0,"4":0,"5":0,"6":0,"7":0,"8":0,"9":0,"10":0,"11":0,"12":0,"13":0,"14":0,"15":0,"16":0,"17":0,"18":0,"19":0,"20":0,"21":0,"22":0,"23":0,"24":0,"25":0,"26":0,"27":0,"28":0,"29":0,"30":0,"31":0,"32":0,"33":0,"34":0,"35":0,"36":0,"37":0,"38":0},"b":{"0":[0,0],"1":[0],"2":[0,0],"3":[0,0],"4":[0,0],"5":[0,0],"6":[0,0],"7":[0,0],"8":[0,0],"9":[0,0],"10":[0,0],"11":[0,0],"12":[0,0],"13":[0,0],"14":[0],"15":[0,0],"16":[0],"17":[0,0],"18":[0,0],"19":[0,0],"20":[0,0],"21":[0,0],"22":[0,0],"23":[0],"24":[0,0],"25":[0,0],"26":[0,0],"27":[0,0],"28":[0,0],"29":[0],"30":[0,0],"31":[0,0],"32":[0,0],"33":[0,0],"34":[0,0],"35":[0,0],"36":[0,0],"37":[0,0],"38":[0,0],"39":[0,0],"40":[0,0],"41":[0,0],"42":[0,0],"43":[0,0],"44":[0],"45":[0,0],"46":[0,0],"47":[0,0],"48":[0,0],"49":[0],"50":[0,0],"51":[0,0],"52":[0,0],"53":[0,0],"54":[0,0],"55":[0,0],"56":[0,0],"57":[0,0],"58":[0,0,0],"59":[0,0],"60":[0,0],"61":[0,0],"62":[0,0],"63":[0],"64":[0,0],"65":[0,0],"66":[0,0],"67":[0,0],"68":[0,0],"69":[0],"70":[0,0],"71":[0,0],"72":[0,0],"73":[0,0],"74":[0,0],"75":[0,0],"76":[0,0],"77":[0,0],"78":[0,0],"79":[0,0],"80":[0,0],"81":[0,0],"82":[0,0],"83":[0,0],"84":[0,0],"85":[0,0],"86":[0,0],"87":[0,0],"88":[0,0]}}
,"D:\\PSOFP\\PSO-FP\\src\\js\\gameLogic.js": {"path":"D:\\PSOFP\\PSO-FP\\src\\js\\gameLogic.js","statementMap":{"0":{"start":{"line":7,"column":26},"end":{"line":16,"column":3}},"1":{"start":{"line":18,"column":2},"end":{"line":23,"column":3}},"2":{"start":{"line":19,"column":22},"end":{"line":19,"column":27}},"3":{"start":{"line":20,"column":4},"end":{"line":22,"column":5}},"4":{"start":{"line":21,"column":6},"end":{"line":21,"column":41}},"5":{"start":{"line":24,"column":2},"end":{"line":24,"column":14}},"6":{"start":{"line":28,"column":2},"end":{"line":28,"column":44}},"7":{"start":{"line":28,"column":31},"end":{"line":28,"column":42}},"8":{"start":{"line":35,"column":14},"end":{"line":35,"column":32}},"9":{"start":{"line":36,"column":2},"end":{"line":38,"column":3}},"10":{"start":{"line":37,"column":4},"end":{"line":37,"column":59}},"11":{"start":{"line":39,"column":2},"end":{"line":41,"column":3}},"12":{"start":{"line":40,"column":4},"end":{"line":40,"column":13}},"13":{"start":{"line":43,"column":2},"end":{"line":65,"column":3}},"14":{"start":{"line":44,"column":15},"end":{"line":44,"column":24}},"15":{"start":{"line":45,"column":4},"end":{"line":52,"column":5}},"16":{"start":{"line":45,"column":17},"end":{"line":45,"column":18}},"17":{"start":{"line":46,"column":6},"end":{"line":51,"column":7}},"18":{"start":{"line":47,"column":8},"end":{"line":47,"column":26}},"19":{"start":{"line":48,"column":22},"end":{"line":48,"column":72}},"20":{"start":{"line":49,"column":8},"end":{"line":49,"column":22}},"21":{"start":{"line":50,"column":8},"end":{"line":50,"column":37}},"22":{"start":{"line":53,"column":4},"end":{"line":53,"column":16}},"23":{"start":{"line":55,"column":15},"end":{"line":55,"column":23}},"24":{"start":{"line":56,"column":4},"end":{"line":63,"column":5}},"25":{"start":{"line":56,"column":17},"end":{"line":56,"column":18}},"26":{"start":{"line":57,"column":6},"end":{"line":62,"column":7}},"27":{"start":{"line":58,"column":8},"end":{"line":58,"column":28}},"28":{"start":{"line":59,"column":22},"end":{"line":59,"column":71}},"29":{"start":{"line":60,"column":8},"end":{"line":60,"column":22}},"30":{"start":{"line":61,"column":8},"end":{"line":61,"column":37}},"31":{"start":{"line":64,"column":4},"end":{"line":64,"column":16}},"32":{"start":{"line":69,"column":25},"end":{"line":71,"column":30}},"33":{"start":{"line":70,"column":20},"end":{"line":70,"column":39}},"34":{"start":{"line":71,"column":19},"end":{"line":71,"column":29}},"35":{"start":{"line":73,"column":2},"end":{"line":73,"column":47}},"36":{"start":{"line":73,"column":35},"end":{"line":73,"column":47}},"37":{"start":{"line":76,"column":19},"end":{"line":76,"column":46}},"38":{"start":{"line":78,"column":18},"end":{"line":78,"column":27}},"39":{"start":{"line":79,"column":18},"end":{"line":79,"column":20}},"40":{"start":{"line":81,"column":2},"end":{"line":92,"column":3}},"41":{"start":{"line":82,"column":19},"end":{"line":82,"column":29}},"42":{"start":{"line":83,"column":4},"end":{"line":83,"column":26}},"43":{"start":{"line":84,"column":18},"end":{"line":84,"column":61}},"44":{"start":{"line":86,"column":4},"end":{"line":91,"column":5}},"45":{"start":{"line":87,"column":6},"end":{"line":87,"column":24}},"46":{"start":{"line":88,"column":6},"end":{"line":88,"column":25}},"47":{"start":{"line":89,"column":11},"end":{"line":91,"column":5}},"48":{"start":{"line":90,"column":6},"end":{"line":90,"column":27}},"49":{"start":{"line":95,"column":2},"end":{"line":99,"column":3}},"50":{"start":{"line":96,"column":4},"end":{"line":98,"column":5}},"51":{"start":{"line":97,"column":6},"end":{"line":97,"column":42}},"52":{"start":{"line":97,"column":33},"end":{"line":97,"column":42}},"53":{"start":{"line":101,"column":2},"end":{"line":101,"column":22}},"54":{"start":{"line":109,"column":0},"end":{"line":115,"column":1}},"55":{"start":{"line":110,"column":2},"end":{"line":114,"column":4}},"56":{"start":{"line":118,"column":0},"end":{"line":124,"column":1}},"57":{"start":{"line":119,"column":2},"end":{"line":123,"column":4}}},"fnMap":{"0":{"name":"checkWinner","decl":{"start":{"line":6,"column":9},"end":{"line":6,"column":20}},"loc":{"start":{"line":6,"column":28},"end":{"line":25,"column":1}},"line":6},"1":{"name":"checkDraw","decl":{"start":{"line":27,"column":9},"end":{"line":27,"column":18}},"loc":{"start":{"line":27,"column":26},"end":{"line":29,"column":1}},"line":27},"2":{"name":"(anonymous_2)","decl":{"start":{"line":28,"column":21},"end":{"line":28,"column":22}},"loc":{"start":{"line":28,"column":31},"end":{"line":28,"column":42}},"line":28},"3":{"name":"minimax","decl":{"start":{"line":34,"column":9},"end":{"line":34,"column":16}},"loc":{"start":{"line":34,"column":75},"end":{"line":66,"column":1}},"line":34},"4":{"name":"findBestMove","decl":{"start":{"line":68,"column":9},"end":{"line":68,"column":21}},"loc":{"start":{"line":68,"column":59},"end":{"line":102,"column":1}},"line":68},"5":{"name":"(anonymous_5)","decl":{"start":{"line":70,"column":9},"end":{"line":70,"column":10}},"loc":{"start":{"line":70,"column":20},"end":{"line":70,"column":39}},"line":70},"6":{"name":"(anonymous_6)","decl":{"start":{"line":71,"column":12},"end":{"line":71,"column":13}},"loc":{"start":{"line":71,"column":19},"end":{"line":71,"column":29}},"line":71}},"branchMap":{"0":{"loc":{"start":{"line":20,"column":4},"end":{"line":22,"column":5}},"type":"if","locations":[{"start":{"line":20,"column":4},"end":{"line":22,"column":5}},{"start":{},"end":{}}],"line":20},"1":{"loc":{"start":{"line":20,"column":8},"end":{"line":20,"column":66}},"type":"binary-expr","locations":[{"start":{"line":20,"column":8},"end":{"line":20,"column":16}},{"start":{"line":20,"column":20},"end":{"line":20,"column":41}},{"start":{"line":20,"column":45},"end":{"line":20,"column":66}}],"line":20},"2":{"loc":{"start":{"line":34,"column":45},"end":{"line":34,"column":57}},"type":"default-arg","locations":[{"start":{"line":34,"column":54},"end":{"line":34,"column":57}}],"line":34},"3":{"loc":{"start":{"line":34,"column":59},"end":{"line":34,"column":73}},"type":"default-arg","locations":[{"start":{"line":34,"column":70},"end":{"line":34,"column":73}}],"line":34},"4":{"loc":{"start":{"line":36,"column":2},"end":{"line":38,"column":3}},"type":"if","locations":[{"start":{"line":36,"column":2},"end":{"line":38,"column":3}},{"start":{},"end":{}}],"line":36},"5":{"loc":{"start":{"line":37,"column":11},"end":{"line":37,"column":58}},"type":"cond-expr","locations":[{"start":{"line":37,"column":35},"end":{"line":37,"column":45}},{"start":{"line":37,"column":48},"end":{"line":37,"column":58}}],"line":37},"6":{"loc":{"start":{"line":39,"column":2},"end":{"line":41,"column":3}},"type":"if","locations":[{"start":{"line":39,"column":2},"end":{"line":41,"column":3}},{"start":{},"end":{}}],"line":39},"7":{"loc":{"start":{"line":43,"column":2},"end":{"line":65,"column":3}},"type":"if","locations":[{"start":{"line":43,"column":2},"end":{"line":65,"column":3}},{"start":{"line":54,"column":9},"end":{"line":65,"column":3}}],"line":43},"8":{"loc":{"start":{"line":46,"column":6},"end":{"line":51,"column":7}},"type":"if","locations":[{"start":{"line":46,"column":6},"end":{"line":51,"column":7}},{"start":{},"end":{}}],"line":46},"9":{"loc":{"start":{"line":57,"column":6},
[...]
":{"line":633,"column":8},"end":{"line":635,"column":9}},{"start":{},"end":{}}],"line":633},"129":{"loc":{"start":{"line":633,"column":12},"end":{"line":633,"column":60}},"type":"binary-expr","locations":[{"start":{"line":633,"column":12},"end":{"line":633,"column":43}},{"start":{"line":633,"column":47},"end":{"line":633,"column":60}}],"line":633},"130":{"loc":{"start":{"line":636,"column":8},"end":{"line":638,"column":9}},"type":"if","locations":[{"start":{"line":636,"column":8},"end":{"line":638,"column":9}},{"start":{},"end":{}}],"line":636},"131":{"loc":{"start":{"line":643,"column":2},"end":{"line":652,"column":3}},"type":"if","locations":[{"start":{"line":643,"column":2},"end":{"line":652,"column":3}},{"start":{},"end":{}}],"line":643},"132":{"loc":{"start":{"line":645,"column":6},"end":{"line":650,"column":7}},"type":"if","locations":[{"start":{"line":645,"column":6},"end":{"line":650,"column":7}},{"start":{},"end":{}}],"line":645},"133":{"loc":{"start":{"line":649,"column":8},"end":{"line":649,"column":68}},"type":"if","locations":[{"start":{"line":649,"column":8},"end":{"line":649,"column":68}},{"start":{},"end":{}}],"line":649},"134":{"loc":{"start":{"line":654,"column":2},"end":{"line":663,"column":3}},"type":"if","locations":[{"start":{"line":654,"column":2},"end":{"line":663,"column":3}},{"start":{},"end":{}}],"line":654},"135":{"loc":{"start":{"line":656,"column":6},"end":{"line":661,"column":7}},"type":"if","locations":[{"start":{"line":656,"column":6},"end":{"line":661,"column":7}},{"start":{},"end":{}}],"line":656},"136":{"loc":{"start":{"line":660,"column":8},"end":{"line":660,"column":68}},"type":"if","locations":[{"start":{"line":660,"column":8},"end":{"line":660,"column":68}},{"start":{},"end":{}}],"line":660},"137":{"loc":{"start":{"line":666,"column":0},"end":{"line":674,"column":1}},"type":"if","locations":[{"start":{"line":666,"column":0},"end":{"line":674,"column":1}},{"start":{"line":671,"column":7},"end":{"line":674,"column":1}}],"line":666},"138":{"loc":{"start":{"line":679,"column":0},"end":{"line":744,"column":1}},"type":"if","locations":[{"start":{"line":679,"column":0},"end":{"line":744,"column":1}},{"start":{},"end":{}}],"line":679}},"s":{"0":51,"1":51,"2":51,"3":0,"4":0,"5":0,"6":0,"7":0,"8":0,"9":0,"10":0,"11":51,"12":51,"13":51,"14":51,"15":51,"16":51,"17":51,"18":51,"19":51,"20":8,"21":59,"22":6,"23":6,"24":51,"25":51,"26":51,"27":51,"28":7,"29":51,"30":51,"31":51,"32":51,"33":0,"34":0,"35":0,"36":0,"37":0,"38":0,"39":0,"40":17,"41":13,"42":4,"43":3,"44":3,"45":1,"46":1,"47":1,"48":0,"49":1,"50":1,"51":1,"52":9,"53":1,"54":10,"55":10,"56":10,"57":10,"58":21,"59":21,"60":0,"61":51,"62":9,"63":9,"64":9,"65":81,"66":9,"67":9,"68":3,"69":3,"70":3,"71":9,"72":51,"73":3,"74":0,"75":3,"76":3,"77":3,"78":6,"79":6,"80":54,"81":6,"82":51,"83":2,"84":2,"85":18,"86":18,"87":2,"88":21,"89":21,"90":164,"91":2,"92":0,"93":2,"94":13,"95":117,"96":13,"97":13,"98":1,"99":1,"100":8,"101":72,"102":8,"103":8,"104":0,"105":1,"106":1,"107":0,"108":0,"109":0,"110":0,"111":0,"112":0,"113":0,"114":0,"115":0,"116":0,"117":0,"118":0,"119":0,"120":0,"121":51,"122":6,"123":6,"124":6,"125":6,"126":6,"127":6,"128":5,"129":5,"130":0,"131":0,"132":0,"133":0,"134":0,"135":0,"136":6,"137":6,"138":0,"139":0,"140":4,"141":4,"142":0,"143":0,"144":0,"145":2,"146":2,"147":0,"148":0,"149":0,"150":7,"151":7,"152":1,"153":6,"154":3,"155":3,"156":3,"157":3,"158":3,"159":3,"160":3,"161":0,"162":3,"163":0,"164":3,"165":1,"166":1,"167":1,"168":1,"169":0,"170":0,"171":1,"172":1,"173":1,"174":2,"175":1,"176":1,"177":1,"178":1,"179":1,"180":1,"181":0,"182":51,"183":5,"184":1,"185":4,"186":0,"187":0,"188":4,"189":4,"190":3,"191":1,"192":1,"193":4,"194":4,"195":4,"196":4,"197":4,"198":3,"199":3,"200":3,"201":1,"202":2,"203":2,"204":2,"205":2,"206":2,"207":5,"208":5,"209":5,"210":5,"211":5,"212":5,"213":5,"214":5,"215":5,"216":5,"217":0,"218":5,"219":0,"220":5,"221":5,"222":5,"223":5,"224":5,"225":5,"226":5,"227":4,"228":3,"229":1,"230":1,"231":1,"232":0,"233":5,"234":3,"235":3,"236":3,"237":3,"238":0,"239":3,"240":0,"241":5,"242":1,"243":1,"244":1,"245":1,"246":1,"247":4,"248":2,"249":2,"250":2,"251":2,"252":2,"253":51,"254":3,"255":3,"256":3,"257":3,"258":3,"259":3,"260":3,"261":3,"262":27,"263":27,"264":27,"265":27,"266":27,"267":3,"268":3,"269":3,"270":2,"271":3,"272":2,"273":3,"274":51,"275":3,"276":3,"277":3,"278":3,"279":3,"280":51,"281":51,"282":51,"283":51,"284":51,"285":51,"286":51,"287":51,"288":51,"289":51,"290":51,"291":51,"292":2,"293":1,"294":1,"295":1,"296":1,"297":1,"298":1,"299":1,"300":1,"301":51,"302":51,"303":0,"304":0,"305":0,"306":0,"307":0,"308":0,"309":51,"310":51,"311":0,"312":0,"313":0,"314":0,"315":0,"316":0,"317":51,"318":0,"319":0,"320":0,"321":51,"322":51,"323":51,"324":27,"325":2,"326":16,"327":2,"328":3,"329":2,"330":2,"331":21,"332":0,"333":3,"334":3,"335":2,"336":2,"337":0,"338":1},"f":{"0":8,"1":59,"2":6,"3":6,"4":51,"5":51,"6":51,"7":51,"8":7,"9":0,"10":0,"11":17,"12":1,"13":10,"14":21,"15":9,"16":81,"17":3,"18":6,"19":54,"20":2,"21":18,"22":18,"23":21,"24":164,"25":117,"26":72,"27":0,"28":0,"29":6,"30":5,"31":0,"32":6,"33":4,"34":2,"35":7,"36":5,"37":3,"38":2,"39":5,"40":5,"41":3,"42":27,"43":3,"44":51,"45":2,"46":0,"47":0,"48":0,"49":27,"50":2,"51":16,"52":2,"53":3,"54":2,"55":2,"56":21,"57":0,"58":3,"59":3,"60":2,"61":2,"62":0,"63":1},"b":{"0":[51,51],"1":[51,0],"2":[0,51],"3":[51,0],"4":[51,1],"5":[51,1],"6":[50,1],"7":[50,1],"8":[50,1],"9":[51,1],"10":[51,1],"11":[51,1],"12":[51,1],"13":[8,0],"14":[59,0],"15":[6,0],"16":[6,0],"17":[51,0],"18":[51,0],"19":[51,0],"20":[51,0],"21":[7,0],"22":[51,0],"23":[51,51],"24":[0,0],"25":[0,0,0],"26":[13,4],"27":[3,1],"28":[4,4],"29":[0,1],"30":[21,0],"31":[21,21],"32":[9,0],"33":[3,6],"34":[9,3],"35":[3,0],"36":[3,3,3],"37":[3,6],"38":[0,3],"39":[3,3,3],"40":[6,0],"41":[15,3],"42":[164,57,11],"43":[0,2],"44":[1,12],"45":[0,8],"46":[1,0],"47":[1,1],"48":[0,0],"49":[0,0],"50":[0,0],"51":[0,0],"52":[6],"53":[6],"54":[6,0],"55":[6,0],"56":[5,0],"57":[0,0],"58":[6,0],"59":[4,0],"60":[2,0],"61":[0,0],"62":[1,6],"63":[3,3],"64":[6,5],"65":[0,3],"66":[3,2],"67":[0,3],"68":[3,3],"69":[0,3],"70":[3,3],"71":[1,2],"72":[1,0],"73":[1,1],"74":[1,0],"75":[0,1],"76":[1,0],"77":[1,4],"78":[0,4],"79":[4,4,4],"80":[3,1],"81":[1,0],"82":[3,0],"83":[1,2],"84":[3,3],"85":[1,0],"86":[1,1],"87":[0,2],"88":[1,1],"89":[2,0],"90":[2,2],"91":[2,0],"92":[5,0],"93":[5,0],"94":[0,5],"95":[0,5],"96":[5,0],"97":[5,0],"98":[5,5,5],"99":[4,1],"100":[3,1],"101":[1,0],"102":[1,1],"103":[0,1],"104":[3,2],"105":[0,3],"106":[3,3],"107":[0,3],"108":[3,3],"109":[0,3],"110":[3,3],"111":[1,4],"112":[2,2],"113":[3,0],"114":[3,0],"115":[27,0],"116":[27,0],"117":[2,1],"118":[2,1],"119":[3,0],"120":[3,3],"121":[51,0],"122":[51,0],"123":[51,0],"124":[1,1],"125":[1,0],"126":[1,1],"127":[1,0],"128":[1,0],"129":[1,1],"130":[1,0],"131":[51,0],"132":[0,0],"133":[0,0],"134":[51,0],"135":[0,0],"136":[0,0],"137":[0,51],"138":[51,0]},"_coverageSchema":"1a1c01bbd47fc00a2c39e90264f33305004495a9","hash":"661eab28ad444e164e2819c3f9953e1ffcb40ce3"}
,"D:\\PSOFP\\PSO-FP\\src\\js\\utils\\environment.js": {"path":"D:\\PSOFP\\PSO-FP\\src\\js\\utils\\environment.js","statementMap":{"0":{"start":{"line":10,"column":30},"end":{"line":42,"column":1}},"1":{"start":{"line":12,"column":2},"end":{"line":14,"column":3}},"2":{"start":{"line":13,"column":4},"end":{"line":13,"column":66}},"3":{"start":{"line":17,"column":2},"end":{"line":34,"column":3}},"4":{"start":{"line":18,"column":21},"end":{"line":18,"column":45}},"5":{"start":{"line":20,"column":4},"end":{"line":22,"column":5}},"6":{"start":{"line":21,"column":6},"end":{"line":21,"column":27}},"7":{"start":{"line":24,"column":4},"end":{"line":31,"column":5}},"8":{"start":{"line":26,"column":27},"end":{"line":26,"column":110}},"9":{"start":{"line":27,"column":6},"end":{"line":29,"column":7}},"10":{"start":{"line":28,"column":8},"end":{"line":28,"column":28}},"11":{"start":{"line":30,"column":6},"end":{"line":30,"column":27}},"12":{"start":{"line":33,"column":4},"end":{"line":33,"column":24}},"13":{"start":{"line":37,"column":2},"end":{"line":39,"column":3}},"14":{"start":{"line":38,"column":4},"end":{"line":38,"column":73}},"15":{"start":{"line":41,"column":2},"end":{"line":41,"column":23}},"16":{"start":{"line":48,"column":28},"end":{"line":50,"column":1}},"17":{"start":{"line":49,"column":2},"end":{"line":49,"column":43}},"18":{"start":{"line":56,"column":29},"end":{"line":58,"column":1}},"19":{"start":{"line":57,"column":2},"end":{"line":57,"column":44}},"20":{"start":{"line":64,"column":33},"end":{"line":130,"column":1}},"21":{"start":{"line":65,"column":14},"end":{"line":65,"column":30}},"22":{"start":{"line":66,"column":17},"end":{"line":66,"column":37}},"23":{"start":{"line":69,"column":27},"end":{"line":77,"column":3}},"24":{"start":{"line":80,"column":28},"end":{"line":118,"column":3}},"25":{"start":{"line":121,"column":17},"end":{"line":121,"column":62}},"26":{"start":{"line":124,"column":2},"end":{"line":127,"column":3}},"27":{"start":{"line":125,"column":4},"end":{"line":125,"column":40}},"28":{"start":{"line":126,"column":4},"end":{"line":126,"column":58}},"29":{"start":{"line":129,"column":2},"end":{"line":129,"column":16}}},"fnMap":{"0":{"name":"(anonymous_0)","decl":{"start":{"line":10,"column":30},"end":{"line":10,"column":31}},"loc":{"start":{"line":10,"column":36},"end":{"line":42,"column":1}},"line":10},"1":{"name":"(anonymous_1)","decl":{"start":{"line":48,"column":28},"end":{"line":48,"column":29}},"loc":{"start":{"line":48,"column":34},"end":{"line":50,"column":1}},"line":48},"2":{"name":"(anonymous_2)","decl":{"start":{"line":56,"column":29},"end":{"line":56,"column":30}},"loc":{"start":{"line":56,"column":35},"end":{"line":58,"column":1}},"line":56},"3":{"name":"(anonymous_3)","decl":{"start":{"line":64,"column":33},"end":{"line":64,"column":34}},"loc":{"start":{"line":64,"column":39},"end":{"line":130,"column":1}},"line":64}},"branchMap":{"0":{"loc":{"start":{"line":12,"column":2},"end":{"line":14,"column":3}},"type":"if","locations":[{"start":{"line":12,"column":2},"end":{"line":14,"column":3}},{"start":{},"end":{}}],"line":12},"1":{"loc":{"start":{"line":12,"column":6},"end":{"line":12,"column":49}},"type":"binary-expr","locations":[{"start":{"line":12,"column":6},"end":{"line":12,"column":35}},{"start":{"line":12,"column":39},"end":{"line":12,"column":49}}],"line":12},"2":{"loc":{"start":{"line":13,"column":11},"end":{"line":13,"column":65}},"type":"binary-expr","locations":[{"start":{"line":13,"column":11},"end":{"line":13,"column":30}},{"start":{"line":13,"column":34},"end":{"line":13,"column":48}},{"start":{"line":13,"column":52},"end":{"line":13,"column":65}}],"line":13},"3":{"loc":{"start":{"line":17,"column":2},"end":{"line":34,"column":3}},"type":"if","locations":[{"start":{"line":17,"column":2},"end":{"line":34,"column":3}},{"start":{},"end":{}}],"line":17},"4":{"loc":{"start":{"line":20,"column":4},"end":{"line":22,"column":5}},"type":"if","locations":[{"start":{"line":20,"column":4},"end":{"line":22,"column":5}},{"start":{},"end":{}}],"line":20},"5":{"loc":{"start":{"line":20,"column":8},"end":{"line":20,"column":94}},"type":"binary-expr","locations":[{"start":{"line":20,"column":8},"end":{"line":20,"column":32}},{"start":{"line":20,"column":36},"end":{"line":20,"column":63}},{"start":{"line":20,"column":67},"end":{"line":20,"column":94}}],"line":20},"6":{"loc":{"start":{"line":24,"column":4},"end":{"line":31,"column":5}},"type":"if","locations":[{"start":{"line":24,"column":4},"end":{"line":31,"column":5}},{"start":{},"end":{}}],"line":24},"7":{"loc":{"start":{"line":27,"column":6},"end":{"line":29,"column":7}},"type":"if","locations":[{"start":{"line":27,"column":6},"end":{"line":29,"column":7}},{"start":{},"end":{}}],"line":27},"8":{"loc":{"start":{"line":37,"column":2},"end":{"line":39,"column":3}},"type":"if","locations":[{"start":{"line":37,"column":2},"end":{"line":39,"column":3}},{"start":{},"end":{}}],"line":37},"9":{"loc":{"start":{"line":37,"column":6},"end":{"line":37,"column":51}},"type":"binary-expr","locations":[{"start":{"line":37,"column":6},"end":{"line":37,"column":36}},{"start":{"line":37,"column":40},"end":{"line":37,"column":51}}],"line":37},"10":{"loc":{"start":{"line":38,"column":11},"end":{"line":38,"column":72}},"type":"binary-expr","locations":[{"start":{"line":38,"column":11},"end":{"line":38,"column":31}},{"start":{"line":38,"column":35},"end":{"line":38,"column":55}},{"start":{"line":38,"column":59},"end":{"line":38,"column":72}}],"line":38},"11":{"loc":{"start":{"line":82,"column":6},"end":{"line":84,"column":47}},"type":"binary-expr","locations":[{"start":{"line":82,"column":7},"end":{"line":82,"column":36}},{"start":{"line":82,"column":40},"end":{"line":82,"column":73}},{"start":{"line":83,"column":7},"end":{"line":83,"column":37}},{"start":{"line":83,"column":41},"end":{"line":83,"column":75}},{"start":{"line":84,"column":6},"end":{"line":84,"column":47}}],"line":82},"12":{"loc":{"start":{"line":86,"column":6},"end":{"line":90,"column":42}},"type":"binary-expr","locations":[{"start":{"line":86,"column":7},"end":{"line":86,"column":36}},{"start":{"line":87,"column":8},"end":{"line":87,"column":45}},{"start":{"line":88,"column":7},"end":{"line":88,"column":37}},{"start":{"line":89,"column":8},"end":{"line":89,"column":46}},{"start":{"line":90,"column":6},"end":{"line":90,"column":42}}],"line":86},"13":{"loc":{"start":{"line":92,"column":6},"end":{"line":95,"column":26}},"type":"binary-expr","locations":[{"start":{"line":92,"column":7},"end":{"line":92,"column":36}},{"start":{"line":92,"column":40},"end":{"line":92,"column":76}},{"start":{"line":93,"column":7},"end":{"line":93,"column":37}},{"start":{"line":94,"column":8},"end":{"line":94,"column":45}},{"start":{"line":95,"column":6},"end":{"line":95,"column":26}}],"line":92},"14":{"loc":{"start":{"line":97,"column":6},"end":{"line":101,"column":46}},"type":"binary-expr","locations":[{"start":{"line":97,"column":7},"end":{"line":97,"column":36}},{"start":{"line":98,"column":8},"end":{"line":98,"column":48}},{"start":{"line":99,"column":7},"end":{"line":99,"column":37}},{"start":{"line":100,"column":8},"end":{"line":100,"column":49}},{"start":{"line":101,"column":6},"end":{"line":101,"column":46}}],"line":97},"15":{"loc":{"start":{"line":103,"column":6},"end":{"line":107,"column":20}},"type":"binary-expr","locations":[{"start":{"line":103,"column":7},"end":{"line":103,"column":36}},{"start":{"line":104,"column":8},"end":{"line":104,"column":53}},{"start":{"line":105,"column":7},"end":{"line":105,"column":37}},{"start":{"line":106,"column":8},"end":{"line":106,"column":54}},{"start":{"line":107,"column":6},"end":{"line":107,"column":20}}],"line":103},"16":{"loc":{"start":{"line":109,"column":6},"end":{"line":111,"column":49}},"type":"binary-expr","locations":[{"start":{"line":109,"column":7},"end":{"line":109,"column":36}},{"start":{"line":109,"column":40},"end":{"line":109,"column":72}},{"start":{"line":110,"column":7},"end":{"line":110,"column":37}},{"start":{"line":110,"column":41},"end":{"line":110,"column":74}},{"start":{"line":111,"column":6},"end":{"line":111,"column":49}}],"line":109},"17":{"loc":{"start":{"line":113,"column":6},"end":{"line":117,"column":20}},"type":"binary-expr","locations":[{"start":{"line":113,"column":7},"end":{"line":113,"column":36}},{"start":{"line":114,"column":8},"end":{"line":114,"column":48}},{"start":{"line":115,"column":7},"end":{"line":115,"column":37}},{"start":{"line":116,"column":8},"end":{"line":116,"column":49}},{"start":{"line":117,"column":6},"end":{"line":117,"column":20}}],"line":113},"18":{"loc":{"start":{"line":121,"column":17},"end":{"line":121,"column":62}},"type":"cond-expr","locations":[{"start":{"line":121,"column":26},"end":{"line":121,"column":42}},{"start":{"line":121,"column":45},"end":{"line":121,"column":62}}],"line":121},"19":{"loc":{"start":{"line":124,"column":2},"end":{"line":127,"column":3}},"type":"if","locations":[{"start":{"line":124,"column":2},"end":{"line":127,"column":3}},{"start":{},"end":{}}],"line":124},"20":{"loc":{"start":{"line":124,"column":6},"end":{"line":124,"column":55}},"type":"binary-expr","locations":[{"start":{"line":124,"column":6},"end":{"line":124,"column":21}},{"start":{"line":124,"column":25},"end":{"line":124,"column":55}}],"line":124}},"s":{"0":0,"1":0,"2":0,"3":0,"4":0,"5":0,"6":0,"7":0,"8":0,"9":0,"10":0,"11":0,"12":0,"13":0,"14":0,"15":0,"16":0,"17":0,"18":0,"19":0,"20":0,"21":0,"22":0,"23":0,"24":0,"25":0,"26":0,"27":0,"28":0,"29":0},"f":{"0":0,"1":0,"2":0,"3":0},"b":{"0":[0,0],"1":[0,0],"2":[0,0,0],"3":[0,0],"4":[0,0],"5":[0,0,0],"6":[0,0],"7":[0,0],"8":[0,0],"9":[0,0],"10":[0,0,0],"11":[0,0,0,0,0],"12":[0,0,0,0,0],"13":[0,0,0,0,0],"14":[0,0,0,0,0],"15":[0,0,0,0,0],"16":[0,0,0,0,0],"17":[0,0,0,0,0],"18":[0,0],"19":[0,0],"20":[0,0]}}
,"D:\\PSOFP\\PSO-FP\\utils\\validation.js": {"path":"D:\\PSOFP\\PSO-FP\\utils\\validation.js","statementMap":{"0":{"start":{"line":1,"column":29},"end":{"line":9,"column":1}},"1":{"start":{"line":2,"column":2},"end":{"line":2,"column":48}},"2":{"start":{"line":2,"column":14},"end":{"line":2,"column":48}},"3":{"start":{"line":4,"column":16},"end":{"line":4,"column":44}},"4":{"start":{"line":6,"column":2},"end":{"line":6,"column":60}},"5":{"start":{"line":6,"column":26},"end":{"line":6,"column":60}},"6":{"start":{"line":8,"column":2},"end":{"line":8,"column":14}},"7":{"start":{"line":11,"column":32},"end":{"line":17,"column":1}},"8":{"start":{"line":12,"column":2},"end":{"line":12,"column":54}},"9":{"start":{"line":12,"column":17},"end":{"line":12,"column":54}},"10":{"start":{"line":14,"column":2},"end":{"line":14,"column":64}},"11":{"start":{"line":14,"column":27},"end":{"line":14,"column":64}},"12":{"start":{"line":16,"column":2},"end":{"line":16,"column":14}},"13":{"start":{"line":19,"column":28},"end":{"line":23,"column":1}},"14":{"start":{"line":20,"column":2},"end":{"line":20,"column":46}},"15":{"start":{"line":20,"column":13},"end":{"line":20,"column":46}},"16":{"start":{"line":22,"column":2},"end":{"line":22,"column":14}}},"fnMap":{"0":{"name":"(anonymous_0)","decl":{"start":{"line":1,"column":29},"end":{"line":1,"column":30}},"loc":{"start":{"line":1,"column":40},"end":{"line":9,"column":1}},"line":1},"1":{"name":"(anonymous_1)","decl":{"start":{"line":11,"column":32},"end":{"line":11,"column":33}},"loc":{"start":{"line":11,"column":46},"end":{"line":17,"column":1}},"line":11},"2":{"name":"(anonymous_2)","decl":{"start":{"line":19,"column":28},"end":{"line":19,"column":29}},"loc":{"start":{"line":19,"column":38},"end":{"line":23,"column":1}},"line":19}},"branchMap":{"0":{"loc":{"start":{"line":2,"column":2},"end":{"line":2,"column":48}},"type":"if","locations":[{"start":{"line":2,"column":2},"end":{"line":2,"column":48}},{"start":{},"end":{}}],"line":2},"1":{"loc":{"start":{"line":6,"column":2},"end":{"line":6,"column":60}},"type":"if","locations":[{"start":{"line":6,"column":2},"end":{"line":6,"column":60}},{"start":{},"end":{}}],"line":6},"2":{"loc":{"start":{"line":12,"column":2},"end":{"line":12,"column":54}},"type":"if","locations":[{"start":{"line":12,"column":2},"end":{"line":12,"column":54}},{"start":{},"end":{}}],"line":12},"3":{"loc":{"start":{"line":14,"column":2},"end":{"line":14,"column":64}},"type":"if","locations":[{"start":{"line":14,"column":2},"end":{"line":14,"column":64}},{"start":{},"end":{}}],"line":14},"4":{"loc":{"start":{"line":20,"column":2},"end":{"line":20,"column":46}},"type":"if","locations":[{"start":{"line":20,"column":2},"end":{"line":20,"column":46}},{"start":{},"end":{}}],"line":20}},"s":{"0":1,"1":3,"2":1,"3":2,"4":2,"5":1,"6":1,"7":1,"8":3,"9":1,"10":2,"11":1,"12":1,"13":1,"14":2,"15":1,"16":1},"f":{"0":3,"1":3,"2":2},"b":{"0":[1,2],"1":[1,1],"2":[1,2],"3":[1,1],"4":[1,1]},"_coverageSchema":"1a1c01bbd47fc00a2c39e90264f33305004495a9","hash":"5a10b2631d6cd87738991595cda67ec496715005"}
}
