{"total": {"lines":{"total":862,"covered":318,"skipped":0,"pct":36.89},"statements":{"total":910,"covered":352,"skipped":0,"pct":38.68},"functions":{"total":145,"covered":67,"skipped":0,"pct":46.2},"branches":{"total":574,"covered":235,"skipped":0,"pct":40.94},"branchesTrue":{"total":0,"covered":0,"skipped":0,"pct":100}}
,"D:\\PSOFP\\PSO-FP\\auth\\firebaseAuth.js": {"lines":{"total":15,"covered":15,"skipped":0,"pct":100},"functions":{"total":3,"covered":3,"skipped":0,"pct":100},"statements":{"total":16,"covered":15,"skipped":0,"pct":93.75},"branches":{"total":7,"covered":3,"skipped":0,"pct":42.85}}
,"D:\\PSOFP\\PSO-FP\\src\\js\\firebase.browser.config.js": {"lines":{"total":2,"covered":0,"skipped":0,"pct":0},"functions":{"total":0,"covered":0,"skipped":0,"pct":100},"statements":{"total":2,"covered":0,"skipped":0,"pct":0},"branches":{"total":0,"covered":0,"skipped":0,"pct":100}}
,"D:\\PSOFP\\PSO-FP\\src\\js\\firestoreCRUD.example.js": {"lines":{"total":59,"covered":0,"skipped":0,"pct":0},"functions":{"total":25,"covered":0,"skipped":0,"pct":0},"statements":{"total":59,"covered":0,"skipped":0,"pct":0},"branches":{"total":0,"covered":0,"skipped":0,"pct":100}}
,"D:\\PSOFP\\PSO-FP\\src\\js\\firestoreCRUD.js": {"lines":{"total":389,"covered":0,"skipped":0,"pct":0},"functions":{"total":39,"covered":0,"skipped":0,"pct":0},"statements":{"total":389,"covered":0,"skipped":0,"pct":0},"branches":{"total":170,"covered":0,"skipped":0,"pct":0}}
,"D:\\PSOFP\\PSO-FP\\src\\js\\gameLogic.js": {"lines":{"total":53,"covered":53,"skipped":0,"pct":100},"functions":{"total":7,"covered":7,"skipped":0,"pct":100},"statements":{"total":58,"covered":58,"skipped":0,"pct":100},"branches":{"total":39,"covered":34,"skipped":0,"pct":87.17}}
,"D:\\PSOFP\\PSO-FP\\src\\js\\script.js": {"lines":{"total":302,"covered":238,"skipped":0,"pct":78.8},"functions":{"total":64,"covered":54,"skipped":0,"pct":84.37},"statements":{"total":339,"covered":262,"skipped":0,"pct":77.28},"branches":{"total":282,"covered":188,"skipped":0,"pct":66.66}}
,"D:\\PSOFP\\PSO-FP\\src\\js\\utils\\environment.js": {"lines":{"total":30,"covered":0,"skipped":0,"pct":0},"functions":{"total":4,"covered":0,"skipped":0,"pct":0},"statements":{"total":30,"covered":0,"skipped":0,"pct":0},"branches":{"total":66,"covered":0,"skipped":0,"pct":0}}
,"D:\\PSOFP\\PSO-FP\\utils\\validation.js": {"lines":{"total":12,"covered":12,"skipped":0,"pct":100},"functions":{"total":3,"covered":3,"skipped":0,"pct":100},"statements":{"total":17,"covered":17,"skipped":0,"pct":100},"branches":{"total":10,"covered":10,"skipped":0,"pct":100}}
}
