{"total": {"lines":{"total":840,"covered":309,"skipped":0,"pct":36.78},"statements":{"total":882,"covered":340,"skipped":0,"pct":38.54},"functions":{"total":138,"covered":62,"skipped":0,"pct":44.92},"branches":{"total":568,"covered":235,"skipped":0,"pct":41.37},"branchesTrue":{"total":0,"covered":0,"skipped":0,"pct":100}}
,"D:\\PSOFP\\PSO-FP\\auth\\firebaseAuth.js": {"lines":{"total":15,"covered":15,"skipped":0,"pct":100},"functions":{"total":3,"covered":3,"skipped":0,"pct":100},"statements":{"total":16,"covered":15,"skipped":0,"pct":93.75},"branches":{"total":7,"covered":3,"skipped":0,"pct":42.85}}
,"D:\\PSOFP\\PSO-FP\\src\\js\\firebase.browser.config.js": {"lines":{"total":2,"covered":0,"skipped":0,"pct":0},"functions":{"total":0,"covered":0,"skipped":0,"pct":100},"statements":{"total":2,"covered":0,"skipped":0,"pct":0},"branches":{"total":0,"covered":0,"skipped":0,"pct":100}}
,"D:\\PSOFP\\PSO-FP\\src\\js\\firestoreCRUD.example.js": {"lines":{"total":59,"covered":0,"skipped":0,"pct":0},"functions":{"total":25,"covered":0,"skipped":0,"pct":0},"statements":{"total":59,"covered":0,"skipped":0,"pct":0},"branches":{"total":0,"covered":0,"skipped":0,"pct":100}}
,"D:\\PSOFP\\PSO-FP\\src\\js\\firestoreCRUD.js": {"lines":{"total":389,"covered":0,"skipped":0,"pct":0},"functions":{"total":39,"covered":0,"skipped":0,"pct":0},"statements":{"total":389,"covered":0,"skipped":0,"pct":0},"branches":{"total":170,"covered":0,"skipped":0,"pct":0}}
,"D:\\PSOFP\\PSO-FP\\src\\js\\gameLogic.js": {"lines":{"total":53,"covered":53,"skipped":0,"pct":100},"functions":{"total":7,"covered":7,"skipped":0,"pct":100},"statements":{"total":58,"covered":58,"skipped":0,"pct":100},"branches":{"total":39,"covered":34,"skipped":0,"pct":87.17}}
,"D:\\PSOFP\\PSO-FP\\src\\js\\script.js": {"lines":{"total":284,"covered":229,"skipped":0,"pct":80.63},"functions":{"total":57,"covered":49,"skipped":0,"pct":85.96},"statements":{"total":315,"covered":250,"skipped":0,"pct":79.36},"branches":{"total":277,"covered":188,"skipped":0,"pct":67.87}}
,"D:\\PSOFP\\PSO-FP\\src\\js\\utils\\environment.js": {"lines":{"total":26,"covered":0,"skipped":0,"pct":0},"functions":{"total":4,"covered":0,"skipped":0,"pct":0},"statements":{"total":26,"covered":0,"skipped":0,"pct":0},"branches":{"total":65,"covered":0,"skipped":0,"pct":0}}
,"D:\\PSOFP\\PSO-FP\\utils\\validation.js": {"lines":{"total":12,"covered":12,"skipped":0,"pct":100},"functions":{"total":3,"covered":3,"skipped":0,"pct":100},"statements":{"total":17,"covered":17,"skipped":0,"pct":100},"branches":{"total":10,"covered":10,"skipped":0,"pct":100}}
}
