{"D:\\PSOFP\\PSO-FP\\auth\\firebaseAuth.js": {"path":"D:\\PSOFP\\PSO-FP\\auth\\firebaseAuth.js","statementMap":{"0":{"start":{"line":8,"column":23},"end":{"line":15,"column":1}},"1":{"start":{"line":17,"column":12},"end":{"line":17,"column":71}},"2":{"start":{"line":18,"column":13},"end":{"line":18,"column":25}},"3":{"start":{"line":20,"column":23},"end":{"line":24,"column":1}},"4":{"start":{"line":26,"column":25},"end":{"line":29,"column":1}},"5":{"start":{"line":27,"column":2},"end":{"line":27,"column":41}},"6":{"start":{"line":27,"column":14},"end":{"line":27,"column":41}},"7":{"start":{"line":28,"column":2},"end":{"line":28,"column":76}},"8":{"start":{"line":31,"column":22},"end":{"line":37,"column":1}},"9":{"start":{"line":32,"column":2},"end":{"line":36,"column":3}},"10":{"start":{"line":33,"column":4},"end":{"line":33,"column":67}},"11":{"start":{"line":35,"column":4},"end":{"line":35,"column":34}},"12":{"start":{"line":39,"column":22},"end":{"line":45,"column":1}},"13":{"start":{"line":40,"column":2},"end":{"line":44,"column":3}},"14":{"start":{"line":41,"column":4},"end":{"line":41,"column":71}},"15":{"start":{"line":43,"column":4},"end":{"line":43,"column":34}}},"fnMap":{"0":{"name":"(anonymous_0)","decl":{"start":{"line":26,"column":25},"end":{"line":26,"column":26}},"loc":{"start":{"line":26,"column":36},"end":{"line":29,"column":1}},"line":26},"1":{"name":"(anonymous_1)","decl":{"start":{"line":31,"column":22},"end":{"line":31,"column":23}},"loc":{"start":{"line":31,"column":49},"end":{"line":37,"column":1}},"line":31},"2":{"name":"(anonymous_2)","decl":{"start":{"line":39,"column":22},"end":{"line":39,"column":23}},"loc":{"start":{"line":39,"column":49},"end":{"line":45,"column":1}},"line":39}},"branchMap":{"0":{"loc":{"start":{"line":17,"column":12},"end":{"line":17,"column":71}},"type":"cond-expr","locations":[{"start":{"line":17,"column":31},"end":{"line":17,"column":39}},{"start":{"line":17,"column":42},"end":{"line":17,"column":71}}],"line":17},"1":{"loc":{"start":{"line":27,"column":2},"end":{"line":27,"column":41}},"type":"if","locations":[{"start":{"line":27,"column":2},"end":{"line":27,"column":41}},{"start":{},"end":{}}],"line":27},"2":{"loc":{"start":{"line":28,"column":9},"end":{"line":28,"column":75}},"type":"binary-expr","locations":[{"start":{"line":28,"column":9},"end":{"line":28,"column":35}},{"start":{"line":28,"column":39},"end":{"line":28,"column":52}},{"start":{"line":28,"column":56},"end":{"line":28,"column":75}}],"line":28}},"s":{"0":1,"1":1,"2":1,"3":1,"4":1,"5":2,"6":0,"7":2,"8":1,"9":2,"10":2,"11":1,"12":1,"13":2,"14":2,"15":1},"f":{"0":2,"1":2,"2":2},"b":{"0":[0,1],"1":[0,2],"2":[2,0,0]},"_coverageSchema":"1a1c01bbd47fc00a2c39e90264f33305004495a9","hash":"fff481ed9cfc0ff9eb952856e12b030bb9d2838e"}
,"D:\\PSOFP\\PSO-FP\\src\\js\\firebase.config.js": {"path":"D:\\PSOFP\\PSO-FP\\src\\js\\firebase.config.js","statementMap":{"0":{"start":{"line":9,"column":23},"end":{"line":17,"column":1}},"1":{"start":{"line":20,"column":12},"end":{"line":20,"column":41}},"2":{"start":{"line":21,"column":18},"end":{"line":21,"column":35}}},"fnMap":{},"branchMap":{},"s":{"0":0,"1":0,"2":0},"f":{},"b":{}}
,"D:\\PSOFP\\PSO-FP\\src\\js\\gameLogic.js": {"path":"D:\\PSOFP\\PSO-FP\\src\\js\\gameLogic.js","statementMap":{"0":{"start":{"line":7,"column":26},"end":{"line":16,"column":3}},"1":{"start":{"line":18,"column":2},"end":{"line":23,"column":3}},"2":{"start":{"line":19,"column":22},"end":{"line":19,"column":27}},"3":{"start":{"line":20,"column":4},"end":{"line":22,"column":5}},"4":{"start":{"line":21,"column":6},"end":{"line":21,"column":41}},"5":{"start":{"line":24,"column":2},"end":{"line":24,"column":14}},"6":{"start":{"line":28,"column":2},"end":{"line":28,"column":44}},"7":{"start":{"line":28,"column":31},"end":{"line":28,"column":42}},"8":{"start":{"line":35,"column":14},"end":{"line":35,"column":32}},"9":{"start":{"line":36,"column":2},"end":{"line":38,"column":3}},"10":{"start":{"line":37,"column":4},"end":{"line":37,"column":59}},"11":{"start":{"line":39,"column":2},"end":{"line":41,"column":3}},"12":{"start":{"line":40,"column":4},"end":{"line":40,"column":13}},"13":{"start":{"line":43,"column":2},"end":{"line":65,"column":3}},"14":{"start":{"line":44,"column":15},"end":{"line":44,"column":24}},"15":{"start":{"line":45,"column":4},"end":{"line":52,"column":5}},"16":{"start":{"line":45,"column":17},"end":{"line":45,"column":18}},"17":{"start":{"line":46,"column":6},"end":{"line":51,"column":7}},"18":{"start":{"line":47,"column":8},"end":{"line":47,"column":26}},"19":{"start":{"line":48,"column":22},"end":{"line":48,"column":72}},"20":{"start":{"line":49,"column":8},"end":{"line":49,"column":22}},"21":{"start":{"line":50,"column":8},"end":{"line":50,"column":37}},"22":{"start":{"line":53,"column":4},"end":{"line":53,"column":16}},"23":{"start":{"line":55,"column":15},"end":{"line":55,"column":23}},"24":{"start":{"line":56,"column":4},"end":{"line":63,"column":5}},"25":{"start":{"line":56,"column":17},"end":{"line":56,"column":18}},"26":{"start":{"line":57,"column":6},"end":{"line":62,"column":7}},"27":{"start":{"line":58,"column":8},"end":{"line":58,"column":28}},"28":{"start":{"line":59,"column":22},"end":{"line":59,"column":71}},"29":{"start":{"line":60,"column":8},"end":{"line":60,"column":22}},"30":{"start":{"line":61,"column":8},"end":{"line":61,"column":37}},"31":{"start":{"line":64,"column":4},"end":{"line":64,"column":16}},"32":{"start":{"line":69,"column":25},"end":{"line":71,"column":30}},"33":{"start":{"line":70,"column":20},"end":{"line":70,"column":39}},"34":{"start":{"line":71,"column":19},"end":{"line":71,"column":29}},"35":{"start":{"line":73,"column":2},"end":{"line":73,"column":47}},"36":{"start":{"line":73,"column":35},"end":{"line":73,"column":47}},"37":{"start":{"line":76,"column":19},"end":{"line":76,"column":46}},"38":{"start":{"line":78,"column":18},"end":{"line":78,"column":27}},"39":{"start":{"line":79,"column":18},"end":{"line":79,"column":20}},"40":{"start":{"line":81,"column":2},"end":{"line":92,"column":3}},"41":{"start":{"line":82,"column":19},"end":{"line":82,"column":29}},"42":{"start":{"line":83,"column":4},"end":{"line":83,"column":26}},"43":{"start":{"line":84,"column":18},"end":{"line":84,"column":61}},"44":{"start":{"line":86,"column":4},"end":{"line":91,"column":5}},"45":{"start":{"line":87,"column":6},"end":{"line":87,"column":24}},"46":{"start":{"line":88,"column":6},"end":{"line":88,"column":25}},"47":{"start":{"line":89,"column":11},"end":{"line":91,"column":5}},"48":{"start":{"line":90,"column":6},"end":{"line":90,"column":27}},"49":{"start":{"line":95,"column":2},"end":{"line":99,"column":3}},"50":{"start":{"line":96,"column":4},"end":{"line":98,"column":5}},"51":{"start":{"line":97,"column":6},"end":{"line":97,"column":42}},"52":{"start":{"line":97,"column":33},"end":{"line":97,"column":42}},"53":{"start":{"line":101,"column":2},"end":{"line":101,"column":22}},"54":{"start":{"line":109,"column":0},"end":{"line":115,"column":1}},"55":{"start":{"line":110,"column":2},"end":{"line":114,"column":4}},"56":{"start":{"line":118,"column":0},"end":{"line":124,"column":1}},"57":{"start":{"line":119,"column":2},"end":{"line":123,"column":4}}},"fnMap":{"0":{"name":"checkWinner","decl":{"start":{"line":6,"column":9},"end":{"line":6,"column":20}},"loc":{"start":{"line":6,"column":28},"end":{"line":25,"column":1}},"line":6},"1":{"name":"checkDraw","decl":{"start":{"line":27,"column":9},"end":{"line":27,"column":18}},"loc":{"start":{"line":27,"column":26},"end":{"line":29,"column":1}},"line":27},"2":{"name":"(anonymous_2)","decl":{"start":{"line":28,"column":21},"end":{"line":28,"column":22}},"loc":{"start":{"line":28,"column":31},"end":{"line":28,"column":42}},"line":28},"3":{"name":"minimax","decl":{"start":{"line":34,"column":9},"end":{"line":34,"column":16}},"loc":{"start":{"line":34,"column":75},"end":{"line":66,"column":1}},"line":34},"4":{"name":"findBestMove","decl":{"start":{"line":68,"column":9},"end":{"line":68,"column":21}},"loc":{"start":{"line":68,"column":59},"end":{"line":102,"column":1}},"line":68},"5":{"name":"(anonymous_5)","decl":{"start":{"line":70,"column":9},"end":{"line":70,"column":10}},"loc":{"start":{"line":70,"column":20},"end":{"line":70,"column":39}},"line":70},"6":{"name":"(anonymous_6)","decl":{"start":{"line":71,"column":12},"end":{"line":71,"column":13}},"loc":{"start":{"line":71,"column":19},"end":{"line":71,"column":29}},"line":71}},"branchMap":{"0":{"loc":{"start":{"line":20,"column":4},"end":{"line":22,"column":5}},"type":"if","locations":[{"start":{"line":20,"column":4},"end":{"line":22,"column":5}},{"start":{},"end":{}}],"line":20},"1":{"loc":{"start":{"line":20,"column":8},"end":{"line":20,"column":66}},"type":"binary-expr","locations":[{"start":{"line":20,"column":8},"end":{"line":20,"column":16}},{"start":{"line":20,"column":20},"end":{"line":20,"column":41}},{"start":{"line":20,"column":45},"end":{"line":20,"column":66}}],"line":20},"2":{"loc":{"start":{"line":34,"column":45},"end":{"line":34,"column":57}},"type":"default-arg","locations":[{"start":{"line":34,"column":54},"end":{"line":34,"column":57}}],"line":34},"3":{"loc":{"start":{"line":34,"column":59},"end":{"line":34,"column":73}},"type":"default-arg","locations":[{"start":{"line":34,"column":70},"end":{"line":34,"column":73}}],"line":34},"4":{"loc":{"start":{"line":36,"column":2},"end":{"line":38,"column":3}},"type":"if","locations":[{"start":{"line":36,"column":2},"end":{"line":38,"column":3}},{"start":{},"end":{}}],"line":36},"5":{"loc":{"start":{"line":37,"column":11},"end":{"line":37,"column":58}},"type":"cond-expr","locations":[{"start":{"line":37,"column":35},"end":{"line":37,"column":45}},{"start":{"line":37,"column":48},"end":{"line":37,"column":58}}],"line":37},"6":{"loc":{"start":{"line":39,"column":2},"end":{"line":41,"column":3}},"type":"if","locations":[{"start":{"line":39,"column":2},"end":{"line":41,"column":3}},{"start":{},"end":{}}],"line":39},"7":{"loc":{"start":{"line":43,"column":2},"end":{"line":65,"column":3}},"type":"if","locations":[{"start":{"line":43,"column":2},"end":{"line":65,"column":3}},{"start":{"line":54,"column":9},"end":{"line":65,"column":3}}],"line":43},"8":{"loc":{"start":{"line":46,"column":6},"end":{"line":51,"column":7}},"type":"if","locations":[{"start":{"line":46,"column":6},"end":{"line":51,"column":7}},{"start":{},"end":{}}],"line":46},"9":{"loc":{"start":{"line":57,"column":6},"end":{"line":62,"column":7}},"type":"if","locations":[{"start":{"line":57,"column":6},"end":{"line":62,"column":7}},{"start":{},"end":{}}],"line":57},"10":{"loc":{"start":{"line":68,"column":29},"end":{"line":68,"column":41}},"type":"default-arg","locations":[{"start":{"line":68,"column":38},"end":{"line":68,"column":41}}],"line":68},"11":{"loc":{"start":{"line":68,"column":43},"end":{"line":68,"column":57}},"type":"default-arg","locations":[{"start":{"line":68,"column":54},"end":{"line":68,"column":57}}],"line":68},"12":{"loc":{"start":{"line":70,"column":20},"end":{"line":70,"column":39}},"type":"cond-expr","locations":[{"start":{"line":70,"column":31},"end":{"line":70,"column":32}},{"start":{"line":70,"column":35},"end":{"line":70,"column":39}}],"line":70},"13":{"loc":{"start":{"line":73,"column":2},"end":{"line":73,"column":47}},"type":"if","locations":[{"start":{"line":73,"column":2},"end":{"line":73,"column":47}},{"start":{},"end":{}}],"line":73},"14":{"loc":{"start":{"line":86,"column":4},"end":{"line":91,"column":5}},"type":"if","locations":[{"start":{"line":86,"column":4},"end":{"line":91,"column":5}},{"start":{"line":89,"column":11},"end":{"line":91,"column":5}}],"line":86},"15":{"loc":{"start":{"line":89,"column":11},"end":{"line":91,"column":5}},"type":"if","locations":[{"start":{"line":89,"column":11},"end":{"line":91,"column":5}},{"start":{},"end":{}}],"line":89},"16":{"loc":{"start":{"line":95,"column":2},"end":{"line":99,"column":3}},"type":"if","locations":[{"start":{"line":95,"column":2},"end":{"line":99,"column":3}},{"start":{},"end":{}}],"line":95},"17":{"loc":{"start":{"line":97,"column":6},"end":{"line":97,"column":42}},"type":"if","locations":[{"start":{"line":97,"column":6},"end":{"line":97,"column":42}},{"start":{},"end":{}}],"line":97},"18":{"loc":{"start":{"line":109,"column":0},"end":{"line":115,"column":1}},"type":"if","locations":[{"start":{"line":109,"column":0},"end":{"line":115,"column":1}},{"start":{},"end":{}}],"line":109},"19":{"loc":{"start":{"line":118,"column":0},"end":{"line":124,"column":1}},"type":"if","locations":[{"start":{"line":118,"column":0},"end":{"line":124,"column":1}},{"start":{},"end":{}}],"line":118},"20":{"loc":{"start":{"line":118,"column":4},"end":{"line":118,"column":51}},"type":"binary-expr","locations":[{"start":{"line":118,"column":4},"end":{"line":118,"column":33}},{"start":{"line":118,"column":37},"end":{"line":118,"column":51}}],"line":118}},"s":{"0":623443,"1":623443,"2":4214535,"3":4214535,"4":238157,"5":385286,"6":385287,"7":1766622,"8":623429,"9":623429,"10":238148,"11":385281,"12":51697,"13":333584,"14":196712,"15":196712,"16":196712,"17":1770408,"18":326772,"19":326772,"20":326772,"21":326772,"22":196712,"23":136872,"24":136872,"25":136872,"26":1231848,"27":296618,"28":296618,"29":296618,"30":296618,"31":136872,"32":7,"33":63,"34":63,"35":7,"36":1,"37":6,"38":6,"39":6,"40":6,"41":39,"42":39,"43":39,"44":39,"45":8,"46":8,"47":31,"48":13,"49":6,"50":1,"51":1,"52":1,"53":5,"54":1,"55":1,"56":1,"57":1},"f":{"0":623443,"1":385287,"2":1766622,"3":623429,"4":7,"5":63,"6":63},"b":{"0":[238157,3976378],"1":[4214535,3576694,1251622],"2":[0],"3":[0],"4":[238148,385281],"5":[143426,94722],"6":[51697,333584],"7":[196712,136872],"8":[326772,1443636],"9":[296618,935230],"10":[7],"11":[7],"12":[39,24],"13":[1,6],"14":[8,31],"15":[13,18],"16":[1,5],"17":[1,0],"18":[1,0],"19":[1,0],"20":[1,1]},"_coverageSchema":"1a1c01bbd47fc00a2c39e90264f33305004495a9","hash":"1f2e8132d7f0711766c4e2e313af2c710c03554e"}
,"D:\\PSOFP\\PSO-FP\\src\\js\\leaderboard.js": {"path":"D:\\PSOFP\\PSO-FP\\src\\js\\leaderboard.js","statementMap":{"0":{"start":{"line":7,"column":9},"end":{"line":7,"column":13}},"1":{"start":{"line":8,"column":11},"end":{"line":8,"column":15}},"2":{"start":{"line":12,"column":2},"end":{"line":12,"column":44}},"3":{"start":{"line":12,"column":37},"end":{"line":12,"column":44}},"4":{"start":{"line":14,"column":2},"end":{"line":23,"column":3}},"5":{"start":{"line":16,"column":4},"end":{"line":20,"column":5}},"6":{"start":{"line":17,"column":6},"end":{"line":17,"column":29}},"7":{"start":{"line":18,"column":6},"end":{"line":18,"column":33}},"8":{"start":{"line":19,"column":6},"end":{"line":19,"column":55}},"9":{"start":{"line":22,"column":4},"end":{"line":22,"column":80}},"10":{"start":{"line":27,"column":0},"end":{"line":35,"column":1}},"11":{"start":{"line":28,"column":2},"end":{"line":34,"column":3}},"12":{"start":{"line":29,"column":4},"end":{"line":31,"column":7}},"13":{"start":{"line":30,"column":6},"end":{"line":30,"column":37}},"14":{"start":{"line":33,"column":4},"end":{"line":33,"column":35}},"15":{"start":{"line":49,"column":2},"end":{"line":51,"column":3}},"16":{"start":{"line":50,"column":4},"end":{"line":50,"column":16}},"17":{"start":{"line":53,"column":2},"end":{"line":104,"column":3}},"18":{"start":{"line":55,"column":4},"end":{"line":59,"column":5}},"19":{"start":{"line":56,"column":6},"end":{"line":56,"column":22}},"20":{"start":{"line":58,"column":6},"end":{"line":58,"column":63}},"21":{"start":{"line":58,"column":37},"end":{"line":58,"column":61}},"22":{"start":{"line":62,"column":4},"end":{"line":64,"column":5}},"23":{"start":{"line":63,"column":6},"end":{"line":63,"column":33}},"24":{"start":{"line":65,"column":4},"end":{"line":67,"column":5}},"25":{"start":{"line":66,"column":6},"end":{"line":66,"column":29}},"26":{"start":{"line":69,"column":4},"end":{"line":72,"column":5}},"27":{"start":{"line":70,"column":6},"end":{"line":70,"column":52}},"28":{"start":{"line":71,"column":6},"end":{"line":71,"column":18}},"29":{"start":{"line":74,"column":17},"end":{"line":74,"column":33}},"30":{"start":{"line":75,"column":4},"end":{"line":78,"column":5}},"31":{"start":{"line":76,"column":6},"end":{"line":76,"column":61}},"32":{"start":{"line":77,"column":6},"end":{"line":77,"column":18}},"33":{"start":{"line":81,"column":52},"end":{"line":83,"column":5}},"34":{"start":{"line":85,"column":22},"end":{"line":96,"column":5}},"35":{"start":{"line":98,"column":19},"end":{"line":98,"column":73}},"36":{"start":{"line":99,"column":4},"end":{"line":99,"column":65}},"37":{"start":{"line":100,"column":4},"end":{"line":100,"column":21}},"38":{"start":{"line":102,"column":4},"end":{"line":102,"column":51}},"39":{"start":{"line":103,"column":4},"end":{"line":103,"column":16}},"40":{"start":{"line":116,"column":2},"end":{"line":118,"column":3}},"41":{"start":{"line":117,"column":4},"end":{"line":117,"column":14}},"42":{"start":{"line":120,"column":2},"end":{"line":174,"column":3}},"43":{"start":{"line":122,"column":4},"end":{"line":125,"column":5}},"44":{"start":{"line":123,"column":6},"end":{"line":123,"column":22}},"45":{"start":{"line":124,"column":6},"end":{"line":124,"column":63}},"46":{"start":{"line":124,"column":37},"end":{"line":124,"column":61}},"47":{"start":{"line":127,"column":4},"end":{"line":129,"column":5}},"48":{"start":{"line":128,"column":6},"end":{"line":128,"column":29}},"49":{"start":{"line":131,"column":4},"end":{"line":134,"column":5}},"50":{"start":{"line":132,"column":6},"end":{"line":132,"column":47}},"51":{"start":{"line":133,"column":6},"end":{"line":133,"column":16}},"52":{"start":{"line":142,"column":8},"end":{"line":144,"column":5}},"53":{"start":{"line":146,"column":14},"end":{"line":151,"column":5}},"54":{"start":{"line":153,"column":26},"end":{"line":153,"column":42}},"55":{"start":{"line":154,"column":24},"end":{"line":154,"column":26}},"56":{"start":{"line":156,"column":4},"end":{"line":168,"column":7}},"57":{"start":{"line":157,"column":19},"end":{"line":157,"column":29}},"58":{"start":{"line":158,"column":6},"end":{"line":167,"column":9}},"59":{"start":{"line":170,"column":4},"end":{"line":170,"column":23}},"60":{"start":{"line":172,"column":4},"end":{"line":172,"column":57}},"61":{"start":{"line":173,"column":4},"end":{"line":173,"column":14}},"62":{"start":{"line":186,"column":2},"end":{"line":188,"column":3}},"63":{"start":{"line":187,"column":4},"end":{"line":187,"column":14}},"64":{"start":{"line":190,"column":2},"end":{"line":246,"column":3}},"65":{"start":{"line":192,"column":4},"end":{"line":195,"column":5}},"66":{"start":{"line":193,"column":6},"end":{"line":193,"column":22}},"67":{"start":{"line":194,"column":6},"end":{"line":194,"column":63}},"68":{"start":{"line":194,"column":37},"end":{"line":194,"column":61}},"69":{"start":{"line":197,"column":4},"end":{"line":199,"column":5}},"70":{"start":{"line":198,"column":6},"end":{"line":198,"column":33}},"71":{"start":{"line":200,"column":4},"end":{"line":202,"column":5}},"72":{"start":{"line":201,"column":6},"end":{"line":201,"column":29}},"73":{"start":{"line":204,"column":4},"end":{"line":207,"column":5}},"74":{"start":{"line":205,"column":6},"end":{"line":205,"column":52}},"75":{"start":{"line":206,"column":6},"end":{"line":206,"column":16}},"76":{"start":{"line":209,"column":17},"end":{"line":209,"column":33}},"77":{"start":{"line":210,"column":4},"end":{"line":213,"column":5}},"78":{"start":{"line":211,"column":6},"end":{"line":211,"column":39}},"79":{"start":{"line":212,"column":6},"end":{"line":212,"column":16}},"80":{"start":{"line":215,"column":25},"end":{"line":215,"column":43}},"81":{"start":{"line":217,"column":59},"end":{"line":219,"column":5}},"82":{"start":{"line":221,"column":14},"end":{"line":225,"column":5}},"83":{"start":{"line":227,"column":26},"end":{"line":227,"column":42}},"84":{"start":{"line":228,"column":23},"end":{"line":228,"column":25}},"85":{"start":{"line":230,"column":4},"end":{"line":240,"column":7}},"86":{"start":{"line":231,"column":19},"end":{"line":231,"column":29}},"87":{"start":{"line":232,"column":6},"end":{"line":239,"column":9}},"88":{"start":{"line":242,"column":4},"end":{"line":242,"column":22}},"89":{"start":{"line":244,"column":4},"end":{"line":244,"column":57}},"90":{"start":{"line":245,"column":4},"end":{"line":245,"column":14}},"91":{"start":{"line":252,"column":0},"end":{"line":259,"column":1}},"92":{"start":{"line":253,"column":2},"end":{"line":258,"column":4}},"93":{"start":{"line":262,"column":0},"end":{"line":269,"column":1}},"94":{"start":{"line":263,"column":2},"end":{"line":268,"column":4}}},"fnMap":{"0":{"name":"initFirestore","decl":{"start":{"line":11,"column":9},"end":{"line":11,"column":22}},"loc":{"start":{"line":11,"column":25},"end":{"line":24,"column":1}},"line":11},"1":{"name":"(anonymous_1)","decl":{"start":{"line":29,"column":50},"end":{"line":29,"column":51}},"loc":{"start":{"line":29,"column":56},"end":{"line":31,"column":5}},"line":29},"2":{"name":"saveScore","decl":{"start":{"line":48,"column":15},"end":{"line":48,"column":24}},"loc":{"start":{"line":48,"column":70},"end":{"line":105,"column":1}},"line":48},"3":{"name":"(anonymous_3)","decl":{"start":{"line":58,"column":24},"end":{"line":58,"column":25}},"loc":{"start":{"line":58,"column":37},"end":{"line":58,"column":61}},"line":58},"4":{"name":"getLeaderboard","decl":{"start":{"line":115,"column":15},"end":{"line":115,"column":29}},"loc":{"start":{"line":115,"column":42},"end":{"line":175,"column":1}},"line":115},"5":{"name":"(anonymous_5)","decl":{"start":{"line":124,"column":24},"end":{"line":124,"column":25}},"loc":{"start":{"line":124,"column":37},"end":{"line":124,"column":61}},"line":124},"6":{"name":"(anonymous_6)","decl":{"start":{"line":156,"column":26},"end":{"line":156,"column":27}},"loc":{"start":{"line":156,"column":35},"end":{"line":168,"column":5}},"line":156},"7":{"name":"getUserScores","decl":{"start":{"line":185,"column":15},"end":{"line":185,"column":28}},"loc":{"start":{"line":185,"column":44},"end":{"line":247,"column":1}},"line":185},"8":{"name":"(anonymous_8)","decl":{"start":{"line":194,"column":24},"end":{"line":194,"column":25}},"loc":{"start":{"line":194,"column":37},"end":{"line":194,"column":61}},"line":194},"9":{"name":"(anonymous_9)","decl":{"start":{"line":230,"column":26},"end":{"line":230,"column":27}},"loc":{"start":{"line":230,"column":35},"end":{"line":240,"column":5}},"line":230}},"branchMap":{"0":{"loc":{"start":{"line":12,"column":2},"end":{"line":12,"column":44}},"type":"if","locations":[{"start":{"line":12,"column":2},"end":{"line":12,"column":44}},{"start":{},"end":{}}],"line":12},"1":{"loc":{"start":{"line":16,"column":4},"end":{"line":20,"column":5}},"type":"if","locations":[{"start":{"line":16,"column":4},"end":{"line":20,"column":5}},{"start":{},"end":{}}],"line":16},"2":{"loc":{"start":{"line":16,"column":8},"end":{"line":16,"column":70}},"type":"binary-expr","locations":[{"start":{"line":16,"column":8},"end":{"line":16,"column":26}},{"start":{"line":16,"column":30},"end":{"line":16,"column":49}},{"start":{"line":16,"column":53},"end":{"line":16,"column":70}}],"line":16},"3":{"loc":{"start":{"line":27,"column":0},"end":{"line":35,"column":1}},"type":"if","locations":[{"start":{"line":27,"column":0},"end":{"line":35,"column":1}},{"start":{},"end":{}}],"line":27},"4":{"loc":{"start":{"line":28,"column":2},"end":{"line":34,"column":3}},"type":"if","locations":[{"start":{"line":28,"column":2},"end":{"line":34,"column":3}},{"start":{"line":32,"column":9},"end":{"line":34,"column":3}}],"line":28},"5":{"loc":{"start":{"line":49,"column":2},"end":{"line":51,"column":3}},"type":"if","locations":[{"start":{"line":49,"column":2},"end":{"line":51,"column":3}},{"start":{},"end":{}}],"line":49},"6":{"loc":{"start":{"line":55,"column":4},"end":{"line":59,"column":5}},"type":"if","locations":[{"start":{"line":55,"column":4},"end":{"line":59,"column":5}},{"start":{},"end":{}}],"line":55},"7":{"loc":{"start":{"line":55,"column":8},"end":{"line":55,"column":20}},"type":"binary-expr","locations":[{"start":{"line":55,"column":8},"end":{"line":55,"column":11}},{"start":{"line":55,"column":15},"end":{"line":55,"column":20}}],"line":55},"8":{"loc":{"start":{"line":62,"column":4},"end":{"line":64,"column":5}},"type":"if","locations":[{"start":{"line":62,"column":4},"end":{"line":64,"column":5}},{"start":{},"end":{}}],"line":62},"9":{"loc":{"start":{"line":62,"column":8},"end":{"line":62,"column":36}},"type":"binary-expr","locations":[{"start":{"line":62,"column":8},"end":{"line":62,"column":13}},{"start":{"line":62,"column":17},"end":{"line":62,"column":36}}],"line":62},"10":{"loc":{"start":{"line":65,"column":4},"end":{"line":67,"column":5}},"type":"if","locations":[{"start":{"line":65,"column":4},"end":{"line":67,"column":5}},{"start":{},"end":{}}],"line":65},"11":{"loc":{"start":{"line":65,"column":8},"end":{"line":65,"column":32}},"type":"binary-expr","locations":[{"start":{"line":65,"column":8},"end":{"line":65,"column":11}},{"start":{"line":65,"column":15},"end":{"line":65,"column":32}}],"line":65},"12":{"loc":{"start":{"line":69,"column":4},"end":{"line":72,"column":5}},"type":"if","locations":[{"start":{"line":69,"column":4},"end":{"line":72,"column":5}},{"start":{},"end":{}}],"line":69},"13":{"loc":{"start":{"line":69,"column":8},"end":{"line":69,"column":20}},"type":"binary-expr","locations":[{"start":{"line":69,"column":8},"end":{"line":69,"column":11}},{"start":{"line":69,"column":15},"end":{"line":69,"column":20}}],"line":69},"14":{"loc":{"start":{"line":75,"column":4},"end":{"line":78,"column":5}},"type":"if","locations":[{"start":{"line":75,"column":4},"end":{"line":78,"column":5}},{"start":{},"end":{}}],"line":75},"15":{"loc":{"start":{"line":92,"column":18},"end":{"line":92,"column":53}},"type":"binary-expr","locations":[{"start":{"line":92,"column":18},"end":{"line":92,"column":33}},{"start":{"line":92,"column":37},"end":{"line":92,"column":53}}],"line":92},"16":{"loc":{"start":{"line":93,"column":23},"end":{"line":93,"column":47}},"type":"binary-expr","locations":[{"start":{"line":93,"column":23},"end":{"line":93,"column":33}},{"start":{"line":93,"column":37},"end":{"line":93,"column":47}}],"line":93},"17":{"loc":{"start":{"line":115,"column":30},"end":{"line":115,"column":40}},"type":"default-arg","locations":[{"start":{"line":115,"column":38},"end":{"line":115,"column":40}}],"line":115},"18":{"loc":{"start":{"line":116,"column":2},"end":{"line":118,"column":3}},"type":"if","locations":[{"start":{"line":116,"column":2},"end":{"line":118,"column":3}},{"start":{},"end":{}}],"line":116},"19":{"loc":{"start":{"line":122,"column":4},"end":{"line":125,"column":5}},"type":"if","locations":[{"start":{"line":122,"column":4},"end":{"line":125,"column":5}},{"start":{},"end":{}}],"line":122},"20":{"loc":{"start":{"line":127,"column":4},"end":{"line":129,"column":5}},"type":"if","locations":[{"start":{"line":127,"column":4},"end":{"line":129,"column":5}},{"start":{},"end":{}}],"line":127},"21":{"loc":{"start":{"line":127,"column":8},"end":{"line":127,"column":32}},"type":"binary-expr","locations":[{"start":{"line":127,"column":8},"end":{"line":127,"column":11}},{"start":{"line":127,"column":15},"end":{"line":127,"column":32}}],"line":127},"22":{"loc":{"start":{"line":131,"column":4},"end":{"line":134,"column":5}},"type":"if","locations":[{"start":{"line":131,"column":4},"end":{"line":134,"column":5}},{"start":{},"end":{}}],"line":131},"23":{"loc":{"start":{"line":185,"column":29},"end":{"line":185,"column":42}},"type":"default-arg","locations":[{"start":{"line":185,"column":38},"end":{"line":185,"column":42}}],"line":185},"24":{"loc":{"start":{"line":186,"column":2},"end":{"line":188,"column":3}},"type":"if","locations":[{"start":{"line":186,"column":2},"end":{"line":188,"column":3}},{"start":{},"end":{}}],"line":186},"25":{"loc":{"start":{"line":192,"column":4},"end":{"line":195,"column":5}},"type":"if","locations":[{"start":{"line":192,"column":4},"end":{"line":195,"column":5}},{"start":{},"end":{}}],"line":192},"26":{"loc":{"start":{"line":192,"column":8},"end":{"line":192,"column":20}},"type":"binary-expr","locations":[{"start":{"line":192,"column":8},"end":{"line":192,"column":11}},{"start":{"line":192,"column":15},"end":{"line":192,"column":20}}],"line":192},"27":{"loc":{"start":{"line":197,"column":4},"end":{"line":199,"column":5}},"type":"if","locations":[{"start":{"line":197,"column":4},"end":{"line":199,"column":5}},{"start":{},"end":{}}],"line":197},"28":{"loc":{"start":{"line":197,"column":8},"end":{"line":197,"column":36}},"type":"binary-expr","locations":[{"start":{"line":197,"column":8},"end":{"line":197,"column":13}},{"start":{"line":197,"column":17},"end":{"line":197,"column":36}}],"line":197},"29":{"loc":{"start":{"line":200,"column":4},"end":{"line":202,"column":5}},"type":"if","locations":[{"start":{"line":200,"column":4},"end":{"line":202,"column":5}},{"start":{},"end":{}}],"line":200},"30":{"loc":{"start":{"line":200,"column":8},"end":{"line":200,"column":32}},"type":"binary-expr","locations":[{"start":{"line":200,"column":8},"end":{"line":200,"column":11}},{"start":{"line":200,"column":15},"end":{"line":200,"column":32}}],"line":200},"31":{"loc":{"start":{"line":204,"column":4},"end":{"line":207,"column":5}},"type":"if","locations":[{"start":{"line":204,"column":4},"end":{"line":207,"column":5}},{"start":{},"end":{}}],"line":204},"32":{"loc":{"start":{"line":204,"column":8},"end":{"line":204,"column":20}},"type":"binary-expr","locations":[{"start":{"line":204,"column":8},"end":{"line":204,"column":11}},{"start":{"line":204,"column":15},"end":{"line":204,"column":20}}],"line":204},"33":{"loc":{"start":{"line":210,"column":4},"end":{"line":213,"column":5}},"type":"if","locations":[{"start":{"line":210,"column":4},"end":{"line":213,"column":5}},{"start":{},"end":{}}],"line":210},"34":{"loc":{"start":{"line":210,"column":8},"end":{"line":210,"column":24}},"type":"binary-expr","locations":[{"start":{"line":210,"column":8},"end":{"line":210,"column":13}},{"start":{"line":210,"column":17},"end":{"line":210,"column":24}}],"line":210},"35":{"loc":{"start":{"line":215,"column":25},"end":{"line":215,"column":43}},"type":"binary-expr","locations":[{"start":{"line":215,"column":25},"end":{"line":215,"column":31}},{"start":{"line":215,"column":35},"end":{"line":215,"column":43}}],"line":215},"36":{"loc":{"start":{"line":252,"column":0},"end":{"line":259,"column":1}},"type":"if","locations":[{"start":{"line":252,"column":0},"end":{"line":259,"column":1}},{"start":{},"end":{}}],"line":252},"37":{"loc":{"start":{"line":262,"column":0},"end":{"line":269,"column":1}},"type":"if","locations":[{"start":{"line":262,"column":0},"end":{"line":269,"column":1}},{"start":{},"end":{}}],"line":262},"38":{"loc":{"start":{"line":262,"column":4},"end":{"line":262,"column":51}},"type":"binary-expr","locations":[{"start":{"line":262,"column":4},"end":{"line":262,"column":33}},{"start":{"line":262,"column":37},"end":{"line":262,"column":51}}],"line":262}},"s":{"0":0,"1":0,"2":0,"3":0,"4":0,"5":0,"6":0,"7":0,"8":0,"9":0,"10":0,"11":0,"12":0,"13":0,"14":0,"15":0,"16":0,"17":0,"18":0,"19":0,"20":0,"21":0,"22":0,"23":0,"24":0,"25":0,"26":0,"27":0,"28":0,"29":0,"30":0,"31":0,"32":0,"33":0,"34":0,"35":0,"36":0,"37":0,"38":0,"39":0,"40":0,"41":0,"42":0,"43":0,"44":0,"45":0,"46":0,"47":0,"48":0,"49":0,"50":0,"51":0,"52":0,"53":0,"54":0,"55":0,"56":0,"57":0,"58":0,"59":0,"60":0,"61":0,"62":0,"63":0,"64":0,"65":0,"66":0,"67":0,"68":0,"69":0,"70":0,"71":0,"72":0,"73":0,"74":0,"75":0,"76":0,"77":0,"78":0,"79":0,"80":0,"81":0,"82":0,"83":0,"84":0,"85":0,"86":0,"87":0,"88":0,"89":0,"90":0,"91":0,"92":0,"93":0,"94":0},"f":{"0":0,"1":0,"2":0,"3":0,"4":0,"5":0,"6":0,"7":0,"8":0,"9":0},"b":{"0":[0,0],"1":[0,0],"2":[0,0,0],"3":[0,0],"4":[0,0],"5":[0,0],"6":[0,0],"7":[0,0],"8":[0,0],"9":[0,0],"10":[0,0],"11":[0,0],"12":[0,0],"13":[0,0],"14":[0,0],"15":[0,0],"16":[0,0],"17":[0],"18":[0,0],"19":[0,0],"20":[0,0],"21":[0,0],"22":[0,0],"23":[0],"24":[0,0],"25":[0,0],"26":[0,0],"27":[0,0],"28":[0,0],"29":[0,0],"30":[0,0],"31":[0,0],"32":[0,0],"33":[0,0],"34":[0,0],"35":[0,0],"36":[0,0],"37":[0,0],"38":[0,0]}}
,"D:\\PSOFP\\PSO-FP\\src\\js\\main.js": {"path":"D:\\PSOFP\\PSO-FP\\src\\js\\main.js","statementMap":{"0":{"start":{"line":12,"column":23},"end":{"line":20,"column":1}},"1":{"start":{"line":23,"column":12},"end":{"line":23,"column":41}},"2":{"start":{"line":24,"column":13},"end":{"line":24,"column":25}},"3":{"start":{"line":27,"column":0},"end":{"line":29,"column":3}},"4":{"start":{"line":28,"column":2},"end":{"line":28,"column":62}},"5":{"start":{"line":32,"column":28},"end":{"line":32,"column":65}},"6":{"start":{"line":33,"column":28},"end":{"line":33,"column":65}},"7":{"start":{"line":34,"column":23},"end":{"line":34,"column":64}},"8":{"start":{"line":35,"column":23},"end":{"line":35,"column":64}},"9":{"start":{"line":36,"column":18},"end":{"line":36,"column":54}},"10":{"start":{"line":37,"column":19},"end":{"line":37,"column":56}},"11":{"start":{"line":40,"column":0},"end":{"line":43,"column":3}},"12":{"start":{"line":41,"column":2},"end":{"line":41,"column":46}},"13":{"start":{"line":42,"column":2},"end":{"line":42,"column":49}},"14":{"start":{"line":45,"column":0},"end":{"line":48,"column":3}},"15":{"start":{"line":46,"column":2},"end":{"line":46,"column":46}},"16":{"start":{"line":47,"column":2},"end":{"line":47,"column":49}},"17":{"start":{"line":51,"column":0},"end":{"line":75,"column":1}},"18":{"start":{"line":52,"column":2},"end":{"line":74,"column":5}},"19":{"start":{"line":53,"column":4},"end":{"line":53,"column":23}},"20":{"start":{"line":56,"column":18},"end":{"line":56,"column":68}},"21":{"start":{"line":57,"column":21},"end":{"line":57,"column":74}},"22":{"start":{"line":59,"column":4},"end":{"line":62,"column":5}},"23":{"start":{"line":60,"column":6},"end":{"line":60,"column":47}},"24":{"start":{"line":61,"column":6},"end":{"line":61,"column":13}},"25":{"start":{"line":65,"column":4},"end":{"line":73,"column":9}},"26":{"start":{"line":67,"column":8},"end":{"line":67,"column":58}},"27":{"start":{"line":68,"column":8},"end":{"line":68,"column":43}},"28":{"start":{"line":71,"column":8},"end":{"line":71,"column":65}},"29":{"start":{"line":72,"column":8},"end":{"line":72,"column":68}},"30":{"start":{"line":78,"column":0},"end":{"line":123,"column":1}},"31":{"start":{"line":79,"column":2},"end":{"line":122,"column":5}},"32":{"start":{"line":80,"column":4},"end":{"line":80,"column":23}},"33":{"start":{"line":82,"column":18},"end":{"line":82,"column":69}},"34":{"start":{"line":83,"column":21},"end":{"line":83,"column":75}},"35":{"start":{"line":84,"column":28},"end":{"line":86,"column":19}},"36":{"start":{"line":90,"column":6},"end":{"line":90,"column":46}},"37":{"start":{"line":90,"column":33},"end":{"line":90,"column":46}},"38":{"start":{"line":91,"column":19},"end":{"line":91,"column":20}},"39":{"start":{"line":92,"column":6},"end":{"line":94,"column":7}},"40":{"start":{"line":92,"column":19},"end":{"line":92,"column":20}},"41":{"start":{"line":93,"column":8},"end":{"line":93,"column":52}},"42":{"start":{"line":95,"column":6},"end":{"line":95,"column":26}},"43":{"start":{"line":98,"column":4},"end":{"line":101,"column":5}},"44":{"start":{"line":99,"column":6},"end":{"line":99,"column":61}},"45":{"start":{"line":100,"column":6},"end":{"line":100,"column":13}},"46":{"start":{"line":103,"column":4},"end":{"line":106,"column":5}},"47":{"start":{"line":104,"column":6},"end":{"line":104,"column":47}},"48":{"start":{"line":105,"column":6},"end":{"line":105,"column":13}},"49":{"start":{"line":109,"column":4},"end":{"line":121,"column":9}},"50":{"start":{"line":111,"column":8},"end":{"line":111,"column":60}},"51":{"start":{"line":112,"column":8},"end":{"line":112,"column":54}},"52":{"start":{"line":115,"column":8},"end":{"line":115,"column":52}},"53":{"start":{"line":116,"column":8},"end":{"line":116,"column":55}},"54":{"start":{"line":119,"column":8},"end":{"line":119,"column":67}},"55":{"start":{"line":120,"column":8},"end":{"line":120,"column":72}},"56":{"start":{"line":126,"column":0},"end":{"line":131,"column":3}},"57":{"start":{"line":128,"column":2},"end":{"line":130,"column":3}},"58":{"start":{"line":129,"column":4},"end":{"line":129,"column":39}}},"fnMap":{"0":{"name":"(anonymous_0)","decl":{"start":{"line":27,"column":54},"end":{"line":27,"column":55}},"loc":{"start":{"line":27,"column":65},"end":{"line":29,"column":1}},"line":27},"1":{"name":"(anonymous_1)","decl":{"start":{"line":40,"column":42},"end":{"line":40,"column":43}},"loc":{"start":{"line":40,"column":48},"end":{"line":43,"column":1}},"line":40},"2":{"name":"(anonymous_2)","decl":{"start":{"line":45,"column":42},"end":{"line":45,"column":43}},"loc":{"start":{"line":45,"column":48},"end":{"line":48,"column":1}},"line":45},"3":{"name":"(anonymous_3)","decl":{"start":{"line":52,"column":39},"end":{"line":52,"column":40}},"loc":{"start":{"line":52,"column":46},"end":{"line":74,"column":3}},"line":52},"4":{"name":"(anonymous_4)","decl":{"start":{"line":66,"column":12},"end":{"line":66,"column":13}},"loc":{"start":{"line":66,"column":32},"end":{"line":69,"column":7}},"line":66},"5":{"name":"(anonymous_5)","decl":{"start":{"line":70,"column":13},"end":{"line":70,"column":14}},"loc":{"start":{"line":70,"column":24},"end":{"line":73,"column":7}},"line":70},"6":{"name":"(anonymous_6)","decl":{"start":{"line":79,"column":40},"end":{"line":79,"column":41}},"loc":{"start":{"line":79,"column":47},"end":{"line":122,"column":3}},"line":79},"7":{"name":"constantTimeEquals","decl":{"start":{"line":89,"column":13},"end":{"line":89,"column":31}},"loc":{"start":{"line":89,"column":38},"end":{"line":96,"column":5}},"line":89},"8":{"name":"(anonymous_8)","decl":{"start":{"line":110,"column":12},"end":{"line":110,"column":13}},"loc":{"start":{"line":110,"column":32},"end":{"line":117,"column":7}},"line":110},"9":{"name":"(anonymous_9)","decl":{"start":{"line":118,"column":13},"end":{"line":118,"column":14}},"loc":{"start":{"line":118,"column":24},"end":{"line":121,"column":7}},"line":118},"10":{"name":"(anonymous_10)","decl":{"start":{"line":126,"column":25},"end":{"line":126,"column":26}},"loc":{"start":{"line":126,"column":35},"end":{"line":131,"column":1}},"line":126}},"branchMap":{"0":{"loc":{"start":{"line":51,"column":0},"end":{"line":75,"column":1}},"type":"if","locations":[{"start":{"line":51,"column":0},"end":{"line":75,"column":1}},{"start":{},"end":{}}],"line":51},"1":{"loc":{"start":{"line":59,"column":4},"end":{"line":62,"column":5}},"type":"if","locations":[{"start":{"line":59,"column":4},"end":{"line":62,"column":5}},{"start":{},"end":{}}],"line":59},"2":{"loc":{"start":{"line":59,"column":8},"end":{"line":59,"column":39}},"type":"binary-expr","locations":[{"start":{"line":59,"column":8},"end":{"line":59,"column":20}},{"start":{"line":59,"column":24},"end":{"line":59,"column":39}}],"line":59},"3":{"loc":{"start":{"line":78,"column":0},"end":{"line":123,"column":1}},"type":"if","locations":[{"start":{"line":78,"column":0},"end":{"line":123,"column":1}},{"start":{},"end":{}}],"line":78},"4":{"loc":{"start":{"line":90,"column":6},"end":{"line":90,"column":46}},"type":"if","locations":[{"start":{"line":90,"column":6},"end":{"line":90,"column":46}},{"start":{},"end":{}}],"line":90},"5":{"loc":{"start":{"line":98,"column":4},"end":{"line":101,"column":5}},"type":"if","locations":[{"start":{"line":98,"column":4},"end":{"line":101,"column":5}},{"start":{},"end":{}}],"line":98},"6":{"loc":{"start":{"line":103,"column":4},"end":{"line":106,"column":5}},"type":"if","locations":[{"start":{"line":103,"column":4},"end":{"line":106,"column":5}},{"start":{},"end":{}}],"line":103},"7":{"loc":{"start":{"line":103,"column":8},"end":{"line":103,"column":39}},"type":"binary-expr","locations":[{"start":{"line":103,"column":8},"end":{"line":103,"column":20}},{"start":{"line":103,"column":24},"end":{"line":103,"column":39}}],"line":103},"8":{"loc":{"start":{"line":128,"column":2},"end":{"line":130,"column":3}},"type":"if","locations":[{"start":{"line":128,"column":2},"end":{"line":130,"column":3}},{"start":{},"end":{}}],"line":128},"9":{"loc":{"start":{"line":128,"column":6},"end":{"line":128,"column":61}},"type":"binary-expr","locations":[{"start":{"line":128,"column":6},"end":{"line":128,"column":10}},{"start":{"line":128,"column":14},"end":{"line":128,"column":61}}],"line":128}},"s":{"0":0,"1":0,"2":0,"3":0,"4":0,"5":0,"6":0,"7":0,"8":0,"9":0,"10":0,"11":0,"12":0,"13":0,"14":0,"15":0,"16":0,"17":0,"18":0,"19":0,"20":0,"21":0,"22":0,"23":0,"24":0,"25":0,"26":0,"27":0,"28":0,"29":0,"30":0,"31":0,"32":0,"33":0,"34":0,"35":0,"36":0,"37":0,"38":0,"39":0,"40":0,"41":0,"42":0,"43":0,"44":0,"45":0,"46":0,"47":0,"48":0,"49":0,"50":0,"51":0,"52":0,"53":0,"54":0,"55":0,"56":0,"57":0,"58":0},"f":{"0":0,"1":0,"2":0,"3":0,"4":0,"5":0,"6":0,"7":0,"8":0,"9":0,"10":0},"b":{"0":[0,0],"1":[0,0],"2":[0,0],"3":[0,0],"4":[0,0],"5":[0,0],"6":[0,0],"7":[0,0],"8":[0,0],"9":[0,0]}}
,"D:\\PSOFP\\PSO-FP\\src\\js\\script.js": {"path":"D:\\PSOFP\\PSO-FP\\src\\js\\script.js","statementMap":{"0":{"start":{"line":7,"column":2},"end":{"line":7,"column":76}},"1":{"start":{"line":10,"column":15},"end":{"line":10,"column":57}},"2":{"start":{"line":16,"column":0},"end":{"line":29,"column":1}},"3":{"start":{"line":18,"column":2},"end":{"line":18,"column":61}},"4":{"start":{"line":19,"column":2},"end":{"line":19,"column":20}},"5":{"start":{"line":20,"column":2},"end":{"line":20,"column":20}},"6":{"start":{"line":21,"column":2},"end":{"line":21,"column":23}},"7":{"start":{"line":22,"column":2},"end":{"line":22,"column":39}},"8":{"start":{"line":24,"column":2},"end":{"line":28,"column":4}},"9":{"start":{"line":32,"column":17},"end":{"line":34,"column":10}},"10":{"start":{"line":37,"column":0},"end":{"line":40,"column":2}},"11":{"start":{"line":41,"column":0},"end":{"line":41,"column":76}},"12":{"start":{"line":42,"column":0},"end":{"line":42,"column":76}},"13":{"start":{"line":43,"column":0},"end":{"line":44,"column":66}},"14":{"start":{"line":45,"column":0},"end":{"line":45,"column":60}},"15":{"start":{"line":46,"column":0},"end":{"line":50,"column":2}},"16":{"start":{"line":57,"column":2},"end":{"line":59,"column":11}},"17":{"start":{"line":63,"column":2},"end":{"line":65,"column":11}},"18":{"start":{"line":69,"column":2},"end":{"line":71,"column":11}},"19":{"start":{"line":75,"column":2},"end":{"line":77,"column":11}},"20":{"start":{"line":81,"column":2},"end":{"line":83,"column":11}},"21":{"start":{"line":87,"column":2},"end":{"line":89,"column":11}},"22":{"start":{"line":93,"column":2},"end":{"line":95,"column":11}},"23":{"start":{"line":99,"column":2},"end":{"line":101,"column":11}},"24":{"start":{"line":105,"column":2},"end":{"line":107,"column":11}},"25":{"start":{"line":112,"column":0},"end":{"line":132,"column":1}},"26":{"start":{"line":113,"column":2},"end":{"line":113,"column":47}},"27":{"start":{"line":114,"column":2},"end":{"line":114,"column":49}},"28":{"start":{"line":115,"column":2},"end":{"line":115,"column":49}},"29":{"start":{"line":118,"column":26},"end":{"line":128,"column":4}},"30":{"start":{"line":118,"column":33},"end":{"line":128,"column":3}},"31":{"start":{"line":120,"column":6},"end":{"line":126,"column":7}},"32":{"start":{"line":125,"column":8},"end":{"line":125,"column":58}},"33":{"start":{"line":129,"column":2},"end":{"line":129,"column":31}},"34":{"start":{"line":130,"column":2},"end":{"line":130,"column":32}},"35":{"start":{"line":131,"column":2},"end":{"line":131,"column":32}},"36":{"start":{"line":139,"column":2},"end":{"line":139,"column":52}},"37":{"start":{"line":139,"column":26},"end":{"line":139,"column":52}},"38":{"start":{"line":140,"column":2},"end":{"line":143,"column":3}},"39":{"start":{"line":141,"column":4},"end":{"line":141,"column":42}},"40":{"start":{"line":142,"column":4},"end":{"line":142,"column":28}},"41":{"start":{"line":144,"column":2},"end":{"line":144,"column":14}},"42":{"start":{"line":151,"column":16},"end":{"line":151,"column":26}},"43":{"start":{"line":152,"column":2},"end":{"line":152,"column":21}},"44":{"start":{"line":152,"column":14},"end":{"line":152,"column":21}},"45":{"start":{"line":154,"column":2},"end":{"line":154,"column":23}},"46":{"start":{"line":155,"column":2},"end":{"line":155,"column":62}},"47":{"start":{"line":155,"column":15},"end":{"line":155,"column":16}},"48":{"start":{"line":155,"column":30},"end":{"line":155,"column":62}},"49":{"start":{"line":156,"column":2},"end":{"line":156,"column":23}},"50":{"start":{"line":160,"column":15},"end":{"line":160,"column":44}},"51":{"start":{"line":161,"column":2},"end":{"line":161,"column":29}},"52":{"start":{"line":162,"column":2},"end":{"line":162,"column":50}},"53":{"start":{"line":163,"column":2},"end":{"line":163,"column":14}},"54":{"start":{"line":167,"column":2},"end":{"line":169,"column":3}},"55":{"start":{"line":168,"column":4},"end":{"line":168,"column":58}},"56":{"start":{"line":170,"column":2},"end":{"line":170,"column":12}},"57":{"start":{"line":172,"column":0},"end":{"line":172,"column":29}},"58":{"start":{"line":178,"column":16},"end":{"line":178,"column":30}},"59":{"start":{"line":179,"column":16},"end":{"line":179,"column":26}},"60":{"start":{"line":180,"column":17},"end":{"line":180,"column":48}},"61":{"start":{"line":180,"column":34},"end":{"line":180,"column":47}},"62":{"start":{"line":182,"column":17},"end":{"line":182,"column":57}},"63":{"start":{"line":183,"column":2},"end":{"line":188,"column":3}},"64":{"start":{"line":184,"column":22},"end":{"line":184,"column":34}},"65":{"start":{"line":185,"column":4},"end":{"line":187,"column":5}},"66":{"start":{"line":186,"column":6},"end":{"line":186,"column":52}},"67":{"start":{"line":189,"column":2},"end":{"line":189,"column":31}},"68":{"start":{"line":191,"column":0},"end":{"line":191,"column":35}},"69":{"start":{"line":194,"column":2},"end":{"line":194,"column":29}},"70":{"start":{"line":194,"column":22},"end":{"line":194,"column":29}},"71":{"start":{"line":195,"column":2},"end":{"line":195,"column":28}},"72":{"start":{"line":196,"column":2},"end":{"line":196,"column":28}},"73":{"start":{"line":197,"column":2},"end":{"line":197,"column":28}},"74":{"start":{"line":201,"column":16},"end":{"line":201,"column":30}},"75":{"start":{"line":202,"column":16},"end":{"line":202,"column":52}},"76":{"start":{"line":202,"column":38},"end":{"line":202,"column":51}},"77":{"start":{"line":203,"column":2},"end":{"line":203,"column":48}},"78":{"start":{"line":205,"column":0},"end":{"line":205,"column":31}},"79":{"start":{"line":212,"column":2},"end":{"line":219,"column":3}},"80":{"start":{"line":218,"column":4},"end":{"line":218,"column":57}},"81":{"start":{"line":222,"column":2},"end":{"line":227,"column":3}},"82":{"start":{"line":226,"column":4},"end":{"line":226,"column":35}},"83":{"start":{"line":229,"column":16},"end":{"line":229,"column":30}},"84":{"start":{"line":230,"column":2},"end":{"line":230,"column":26}},"85":{"start":{"line":230,"column":14},"end":{"line":230,"column":26}},"86":{"start":{"line":232,"column":17},"end":{"line":232,"column":53}},"87":{"start":{"line":232,"column":39},"end":{"line":232,"column":52}},"88":{"start":{"line":233,"column":12},"end":{"line":233,"column":38}},"89":{"start":{"line":234,"column":2},"end":{"line":237,"column":3}},"90":{"start":{"line":235,"column":18},"end":{"line":235,"column":52}},"91":{"start":{"line":236,"column":4},"end":{"line":236,"column":25}},"92":{"start":{"line":238,"column":2},"end":{"line":238,"column":11}},"93":{"start":{"line":240,"column":0},"end":{"line":240,"column":37}},"94":{"start":{"line":246,"column":24},"end":{"line":246,"column":42}},"95":{"start":{"line":247,"column":24},"end":{"line":247,"column":42}},"96":{"start":{"line":248,"column":2},"end":{"line":248,"column":65}},"97":{"start":{"line":248,"column":21},"end":{"line":248,"column":65}},"98":{"start":{"line":249,"column":2},"end":{"line":249,"column":65}},"99":{"start":{"line":249,"column":21},"end":{"line":249,"column":65}},"100":{"start":{"line":256,"column":2},"end":{"line":256,"column":21}},"101":{"start":{"line":256,"column":14},"end":{"line":256,"column":21}},"102":{"start":{"line":257,"column":2},"end":{"line":257,"column":41}},"103":{"start":{"line":257,"column":34},"end":{"line":257,"column":41}},"104":{"start":{"line":258,"column":2},"end":{"line":258,"column":36}},"105":{"start":{"line":259,"column":2},"end":{"line":262,"column":11}},"106":{"start":{"line":260,"column":4},"end":{"line":260,"column":33}},"107":{"start":{"line":261,"column":4},"end":{"line":261,"column":20}},"108":{"start":{"line":266,"column":2},"end":{"line":266,"column":21}},"109":{"start":{"line":266,"column":14},"end":{"line":266,"column":21}},"110":{"start":{"line":267,"column":2},"end":{"line":267,"column":45}},"111":{"start":{"line":268,"column":2},"end":{"line":268,"column":37}},"112":{"start":{"line":272,"column":2},"end":{"line":272,"column":21}},"113":{"start":{"line":272,"column":14},"end":{"line":272,"column":21}},"114":{"start":{"line":273,"column":2},"end":{"line":273,"column":14}},"115":{"start":{"line":274,"column":2},"end":{"line":274,"column":33}},"116":{"start":{"line":275,"column":2},"end":{"line":275,"column":18}},"117":{"start":{"line":279,"column":2},"end":{"line":279,"column":21}},"118":{"start":{"line":279,"column":14},"end":{"line":279,"column":21}},"119":{"start":{"line":280,"column":12},"end":{"line":280,"column":44}},"120":{"start":{"line":281,"column":2},"end":{"line":281,"column":69}},"121":{"start":{"line":281,"column":9},"end":{"line":281,"column":69}},"122":{"start":{"line":288,"column":15},"end":{"line":288,"column":27}},"123":{"start":{"line":289,"column":2},"end":{"line":289,"column":20}},"124":{"start":{"line":289,"column":13},"end":{"line":289,"column":20}},"125":{"start":{"line":291,"column":2},"end":{"line":291,"column":69}},"126":{"start":{"line":291,"column":62},"end":{"line":291,"column":69}},"127":{"start":{"line":292,"column":2},"end":{"line":292,"column":15}},"128":{"start":{"line":294,"column":2},"end":{"line":294,"column":54}},"129":{"start":{"line":296,"column":2},"end":{"line":308,"column":3}},"130":{"start":{"line":297,"column":19},"end":{"line":297,"column":51}},"131":{"start":{"line":298,"column":4},"end":{"line":304,"column":5}},"132":{"start":{"line":299,"column":6},"end":{"line":299,"column":24}},"133":{"start":{"line":300,"column":6},"end":{"line":300,"column":22}},"134":{"start":{"line":302,"column":6},"end":{"line":302,"column":24}},"135":{"start":{"line":303,"column":6},"end":{"line":303,"column":23}},"136":{"start":{"line":305,"column":4},"end":{"line":305,"column":25}},"137":{"start":{"line":306,"column":4},"end":{"line":306,"column":34}},"138":{"start":{"line":307,"column":4},"end":{"line":307,"column":11}},"139":{"start":{"line":310,"column":2},"end":{"line":315,"column":3}},"140":{"start":{"line":311,"column":4},"end":{"line":311,"column":25}},"141":{"start":{"line":312,"column":4},"end":{"line":312,"column":21}},"142":{"start":{"line":313,"column":4},"end":{"line":313,"column":31}},"143":{"start":{"line":314,"column":4},"end":{"line":314,"column":11}},"144":{"start":{"line":317,"column":2},"end":{"line":318,"column":57}},"145":{"start":{"line":320,"column":2},"end":{"line":325,"column":3}},"146":{"start":{"line":324,"column":4},"end":{"line":324,"column":34}},"147":{"start":{"line":327,"column":0},"end":{"line":327,"column":43}},"148":{"start":{"line":334,"column":2},"end":{"line":336,"column":3}},"149":{"start":{"line":335,"column":4},"end":{"line":335,"column":11}},"150":{"start":{"line":339,"column":2},"end":{"line":346,"column":3}},"151":{"start":{"line":344,"column":4},"end":{"line":344,"column":55}},"152":{"start":{"line":345,"column":4},"end":{"line":345,"column":11}},"153":{"start":{"line":349,"column":19},"end":{"line":349,"column":25}},"154":{"start":{"line":350,"column":2},"end":{"line":354,"column":3}},"155":{"start":{"line":351,"column":4},"end":{"line":351,"column":23}},"156":{"start":{"line":352,"column":9},"end":{"line":354,"column":3}},"157":{"start":{"line":353,"column":4},"end":{"line":353,"column":24}},"158":{"start":{"line":356,"column":22},"end":{"line":356,"column":37}},"159":{"start":{"line":357,"column":23},"end":{"line":357,"column":41}},"160":{"start":{"line":360,"column":26},"end":{"line":360,"column":43}},"161":{"start":{"line":363,"column":21},"end":{"line":363,"column":47}},"162":{"start":{"line":366,"column":2},"end":{"line":383,"column":7}},"163":{"start":{"line":377,"column":6},"end":{"line":379,"column":7}},"164":{"start":{"line":378,"column":8},"end":{"line":378,"column":62}},"165":{"start":{"line":382,"column":6},"end":{"line":382,"column":53}},"166":{"start":{"line":390,"column":2},"end":{"line":390,"column":37}},"167":{"start":{"line":391,"column":26},"end":{"line":391,"column":46}},"168":{"start":{"line":392,"column":24},"end":{"line":392,"column":42}},"169":{"start":{"line":393,"column":2},"end":{"line":396,"column":3}},"170":{"start":{"line":394,"column":4},"end":{"line":394,"column":39}},"171":{"start":{"line":395,"column":4},"end":{"line":395,"column":44}},"172":{"start":{"line":397,"column":2},"end":{"line":397,"column":59}},"173":{"start":{"line":397,"column":21},"end":{"line":397,"column":59}},"174":{"start":{"line":398,"column":2},"end":{"line":398,"column":14}},"175":{"start":{"line":401,"column":2},"end":{"line":403,"column":3}},"176":{"start":{"line":402,"column":4},"end":{"line":402,"column":31}},"177":{"start":{"line":410,"column":2},"end":{"line":410,"column":42}},"178":{"start":{"line":410,"column":35},"end":{"line":410,"column":42}},"179":{"start":{"line":413,"column":23},"end":{"line":413,"column":44}},"180":{"start":{"line":414,"column":2},"end":{"line":420,"column":3}},"181":{"start":{"line":419,"column":4},"end":{"line":419,"column":65}},"182":{"start":{"line":421,"column":15},"end":{"line":421,"column":31}},"183":{"start":{"line":422,"column":19},"end":{"line":422,"column":23}},"184":{"start":{"line":424,"column":2},"end":{"line":433,"column":3}},"185":{"start":{"line":426,"column":4},"end":{"line":432,"column":5}},"186":{"start":{"line":428,"column":6},"end":{"line":428,"column":24}},"187":{"start":{"line":429,"column":11},"end":{"line":432,"column":5}},"188":{"start":{"line":430,"column":20},"end":{"line":430,"column":54}},"189":{"start":{"line":431,"column":6},"end":{"line":431,"column":48}},"190":{"start":{"line":431,"column":23},"end":{"line":431,"column":48}},"191":{"start":{"line":435,"column":2},"end":{"line":437,"column":3}},"192":{"start":{"line":436,"column":4},"end":{"line":436,"column":33}},"193":{"start":{"line":439,"column":2},"end":{"line":445,"column":3}},"194":{"start":{"line":440,"column":4},"end":{"line":440,"column":22}},"195":{"start":{"line":441,"column":4},"end":{"line":441,"column":21}},"196":{"start":{"line":442,"column":4},"end":{"line":442,"column":25}},"197":{"start":{"line":443,"column":4},"end":{"line":443,"column":26}},"198":{"start":{"line":444,"column":4},"end":{"line":444,"column":11}},"199":{"start":{"line":447,"column":2},"end":{"line":452,"column":3}},"200":{"start":{"line":448,"column":4},"end":{"line":448,"column":25}},"201":{"start":{"line":449,"column":4},"end":{"line":449,"column":21}},"202":{"start":{"line":450,"column":4},"end":{"line":450,"column":31}},"203":{"start":{"line":451,"column":4},"end":{"line":451,"column":11}},"204":{"start":{"line":454,"column":2},"end":{"line":454,"column":41}},"205":{"start":{"line":456,"column":0},"end":{"line":456,"column":37}},"206":{"start":{"line":462,"column":2},"end":{"line":462,"column":41}},"207":{"start":{"line":463,"column":2},"end":{"line":463,"column":38}},"208":{"start":{"line":465,"column":16},"end":{"line":465,"column":26}},"209":{"start":{"line":466,"column":2},"end":{"line":470,"column":5}},"210":{"start":{"line":467,"column":4},"end":{"line":467,"column":23}},"211":{"start":{"line":468,"column":4},"end":{"line":468,"column":50}},"212":{"start":{"line":468,"column":21},"end":{"line":468,"column":50}},"213":{"start":{"line":469,"column":4},"end":{"line":469,"column":46}},"214":{"start":{"line":469,"column":17},"end":{"line":469,"column":46}},"215":{"start":{"line":472,"column":26},"end":{"line":472,"column":46}},"216":{"start":{"line":473,"column":24},"end":{"line":473,"column":42}},"217":{"start":{"line":474,"column":2},"end":{"line":474,"column":62}},"218":{"start":{"line":474,"column":23},"end":{"line":474,"column":62}},"219":{"start":{"line":475,"column":2},"end":{"line":475,"column":58}},"220":{"start":{"line":475,"column":21},"end":{"line":475,"column":58}},"221":{"start":{"line":477,"column":2},"end":{"line":477,"column":15}},"222":{"start":{"line":479,"column":0},"end":{"line":479,"column":35}},"223":{"start":{"line":482,"column":2},"end":{"line":482,"column":22}},"224":{"start":{"line":483,"column":2},"end":{"line":483,"column":22}},"225":{"start":{"line":484,"column":2},"end":{"line":484,"column":23}},"226":{"start":{"line":486,"column":0},"end":{"line":486,"column":35}},"227":{"start":{"line":492,"column":24},"end":{"line":492,"column":42}},"228":{"start":{"line":493,"column":22},"end":{"line":493,"column":38}},"229":{"start":{"line":494,"column":22},"end":{"line":494,"column":38}},"230":{"start":{"line":495,"column":26},"end":{"line":495,"column":46}},"231":{"start":{"line":496,"column":24},"end":{"line":496,"column":42}},"232":{"start":{"line":498,"column":2},"end":{"line":498,"column":74}},"233":{"start":{"line":498,"column":21},"end":{"line":498,"column":74}},"234":{"start":{"line":499,"column":2},"end":{"line":499,"column":70}},"235":{"start":{"line":499,"column":19},"end":{"line":499,"column":70}},"236":{"start":{"line":501,"column":2},"end":{"line":519,"column":3}},"237":{"start":{"line":502,"column":4},"end":{"line":518,"column":7}},"238":{"start":{"line":503,"column":6},"end":{"line":517,"column":7}},"239":{"start":{"line":504,"column":8},"end":{"line":506,"column":9}},"240":{"start":{"line":505,"column":10},"end":{"line":505,"column":51}},"241":{"start":{"line":507,"column":8},"end":{"line":509,"column":9}},"242":{"start":{"line":508,"column":10},"end":{"line":508,"column":48}},"243":{"start":{"line":511,"column":8},"end":{"line":513,"column":9}},"244":{"start":{"line":512,"column":10},"end":{"line":512,"column":54}},"245":{"start":{"line":514,"column":8},"end":{"line":516,"column":9}},"246":{"start":{"line":515,"column":10},"end":{"line":515,"column":49}},"247":{"start":{"line":521,"column":2},"end":{"line":530,"column":3}},"248":{"start":{"line":522,"column":4},"end":{"line":529,"column":7}},"249":{"start":{"line":523,"column":6},"end":{"line":528,"column":7}},"250":{"start":{"line":524,"column":8},"end":{"line":524,"column":47}},"251":{"start":{"line":525,"column":8},"end":{"line":525,"column":22}},"252":{"start":{"line":526,"column":32},"end":{"line":526,"column":52}},"253":{"start":{"line":527,"column":8},"end":{"line":527,"column":68}},"254":{"start":{"line":527,"column":29},"end":{"line":527,"column":68}},"255":{"start":{"line":532,"column":2},"end":{"line":541,"column":3}},"256":{"start":{"line":533,"column":4},"end":{"line":540,"column":7}},"257":{"start":{"line":534,"column":6},"end":{"line":539,"column":7}},"258":{"start":{"line":535,"column":8},"end":{"line":535,"column":45}},"259":{"start":{"line":536,"column":8},"end":{"line":536,"column":22}},"260":{"start":{"line":537,"column":32},"end":{"line":537,"column":52}},"261":{"start":{"line":538,"column":8},"end":{"line":538,"column":68}},"262":{"start":{"line":538,"column":29},"end":{"line":538,"column":68}},"263":{"start":{"line":544,"column":0},"end":{"line":552,"column":1}},"264":{"start":{"line":545,"column":2},"end":{"line":548,"column":5}},"265":{"start":{"line":546,"column":4},"end":{"line":546,"column":22}},"266":{"start":{"line":547,"column":4},"end":{"line":547,"column":26}},"267":{"start":{"line":551,"column":2},"end":{"line":551,"column":24}},"268":{"start":{"line":557,"column":0},"end":{"line":593,"column":1}},"269":{"start":{"line":558,"column":2},"end":{"line":592,"column":4}},"270":{"start":{"line":560,"column":6},"end":{"line":560,"column":32}},"271":{"start":{"line":563,"column":6},"end":{"line":563,"column":31}},"272":{"start":{"line":566,"column":6},"end":{"line":566,"column":30}},"273":{"start":{"line":569,"column":6},"end":{"line":569,"column":29}},"274":{"start":{"line":572,"column":6},"end":{"line":572,"column":28}},"275":{"start":{"line":575,"column":6},"end":{"line":575,"column":29}},"276":{"start":{"line":578,"column":6},"end":{"line":578,"column":28}}},"fnMap":{"0":{"name":"getGameOverMessage","decl":{"start":{"line":56,"column":9},"end":{"line":56,"column":27}},"loc":{"start":{"line":56,"column":30},"end":{"line":60,"column":1}},"line":56},"1":{"name":"getRestartButton","decl":{"start":{"line":62,"column":9},"end":{"line":62,"column":25}},"loc":{"start":{"line":62,"column":28},"end":{"line":66,"column":1}},"line":62},"2":{"name":"getScoreXElement","decl":{"start":{"line":68,"column":9},"end":{"line":68,"column":25}},"loc":{"start":{"line":68,"column":28},"end":{"line":72,"column":1}},"line":68},"3":{"name":"getScoreOElement","decl":{"start":{"line":74,"column":9},"end":{"line":74,"column":25}},"loc":{"start":{"line":74,"column":28},"end":{"line":78,"column":1}},"line":74},"4":{"name":"getThemeToggle","decl":{"start":{"line":80,"column":9},"end":{"line":80,"column":23}},"loc":{"start":{"line":80,"column":26},"end":{"line":84,"column":1}},"line":80},"5":{"name":"getVsComputerRadio","decl":{"start":{"line":86,"column":9},"end":{"line":86,"column":27}},"loc":{"start":{"line":86,"column":30},"end":{"line":90,"column":1}},"line":86},"6":{"name":"getVsPlayerRadio","decl":{"start":{"line":92,"column":9},"end":{"line":92,"column":25}},"loc":{"start":{"line":92,"column":28},"end":{"line":96,"column":1}},"line":92},"7":{"name":"getResetButton","decl":{"start":{"line":98,"column":9},"end":{"line":98,"column":23}},"loc":{"start":{"line":98,"column":26},"end":{"line":102,"column":1}},"line":98},"8":{"name":"getBoard","decl":{"start":{"line":104,"column":9},"end":{"line":104,"column":17}},"loc":{"start":{"line":104,"column":20},"end":{"line":108,"column":1}},"line":104},"9":{"name":"(anonymous_9)","decl":{"start":{"line":118,"column":26},"end":{"line":118,"column":27}},"loc":{"start":{"line":118,"column":33},"end":{"line":128,"column":3}},"line":118},"10":{"name":"(anonymous_10)","decl":{"start":{"line":119,"column":4},"end":{"line":119,"column":5}},"loc":{"start":{"line":119,"column":11},"end":{"line":127,"column":5}},"line":119},"11":{"name":"getGameLogic","decl":{"start":{"line":137,"column":9},"end":{"line":137,"column":21}},"loc":{"start":{"line":137,"column":24},"end":{"line":145,"column":1}},"line":137},"12":{"name":"initializeBoard","decl":{"start":{"line":150,"column":9},"end":{"line":150,"column":24}},"loc":{"start":{"line":150,"column":27},"end":{"line":157,"column":1}},"line":150},"13":{"name":"createCell","decl":{"start":{"line":159,"column":9},"end":{"line":159,"column":19}},"loc":{"start":{"line":159,"column":22},"end":{"line":164,"column":1}},"line":159},"14":{"name":"getCells","decl":{"start":{"line":166,"column":9},"end":{"line":166,"column":17}},"loc":{"start":{"line":166,"column":20},"end":{"line":171,"column":1}},"line":166},"15":{"name":"checkWinner","decl":{"start":{"line":177,"column":9},"end":{"line":177,"column":20}},"loc":{"start":{"line":177,"column":23},"end":{"line":190,"column":1}},"line":177},"16":{"name":"(anonymous_16)","decl":{"start":{"line":180,"column":27},"end":{"line":180,"column":28}},"loc":{"start":{"line":180,"column":34},"end":{"line":180,"column":47}},"line":180},"17":{"name":"highlightWinner","decl":{"start":{"line":193,"column":9},"end":{"line":193,"column":24}},"loc":{"start":{"line":193,"column":34},"end":{"line":198,"column":1}},"line":193},"18":{"name":"checkDraw","decl":{"start":{"line":200,"column":9},"end":{"line":200,"column":18}},"loc":{"start":{"line":200,"column":21},"end":{"line":204,"column":1}},"line":200},"19":{"name":"(anonymous_19)","decl":{"start":{"line":202,"column":31},"end":{"line":202,"column":32}},"loc":{"start":{"line":202,"column":38},"end":{"line":202,"column":51}},"line":202},"20":{"name":"findBestMove","decl":{"start":{"line":210,"column":9},"end":{"line":210,"column":21}},"loc":{"start":{"line":210,"column":24},"end":{"line":239,"column":1}},"line":210},"21":{"name":"(anonymous_21)","decl":{"start":{"line":232,"column":32},"end":{"line":232,"column":33}},"loc":{"start":{"line":232,"column":39},"end":{"line":232,"column":52}},"line":232},"22":{"name":"updateScoreDisplay","decl":{"start":{"line":245,"column":9},"end":{"line":245,"column":27}},"loc":{"start":{"line":245,"column":78},"end":{"line":250,"column":1}},"line":245},"23":{"name":"startTimer","decl":{"start":{"line":255,"column":9},"end":{"line":255,"column":19}},"loc":{"start":{"line":255,"column":22},"end":{"line":263,"column":1}},"line":255},"24":{"name":"(anonymous_24)","decl":{"start":{"line":259,"column":44},"end":{"line":259,"column":45}},"loc":{"start":{"line":259,"column":50},"end":{"line":262,"column":3}},"line":259},"25":{"name":"stopTimer","decl":{"start":{"line":265,"column":9},"end":{"line":265,"column":18}},"loc":{"start":{"line":265,"column":21},"end":{"line":269,"column":1}},"line":265},"26":{"name":"resetTimer","decl":{"start":{"line":271,"column":9},"end":{"line":271,"column":19}},"loc":{"start":{"line":271,"column":22},"end":{"line":276,"column":1}},"line":271},"27":{"name":"updateTimerUI","decl":{"start":{"line":278,"column":9},"end":{"line":278,"column":22}},"loc":{"start":{"line":278,"column":25},"end":{"line":282,"column":1}},"line":278},"28":{"name":"handleCellClick","decl":{"start":{"line":287,"column":9},"end":{"line":287,"column":24}},"loc":{"start":{"line":287,"column":32},"end":{"line":326,"column":1}},"line":287},"29":{"name":"saveScoreToFirestore","decl":{"start":{"line":332,"column":9},"end":{"line":332,"column":29}},"loc":{"start":{"line":332,"column":38},"end":{"line":384,"column":1}},"line":332},"30":{"name":"(anonymous_30)","decl":{"start":{"line":376,"column":10},"end":{"line":376,"column":11}},"loc":{"start":{"line":376,"column":21},"end":{"line":380,"column":5}},"line":376},"31":{"name":"(anonymous_31)","decl":{"start":{"line":381,"column":11},"end":{"line":381,"column":12}},"loc":{"start":{"line":381,"column":22},"end":{"line":383,"column":5}},"line":381},"32":{"name":"finishGame","decl":{"start":{"line":389,"column":9},"end":{"line":389,"column":19}},"loc":{"start":{"line":389,"column":26},"end":{"line":404,"column":1}},"line":389},"33":{"name":"computerMove","decl":{"start":{"line":409,"column":9},"end":{"line":409,"column":21}},"loc":{"start":{"line":409,"column":24},"end":{"line":455,"column":1}},"line":409},"34":{"name":"restartGame","decl":{"start":{"line":461,"column":9},"end":{"line":461,"column":20}},"loc":{"start":{"line":461,"column":23},"end":{"line":478,"column":1}},"line":461},"35":{"name":"(anonymous_35)","decl":{"start":{"line":466,"column":16},"end":{"line":466,"column":17}},"loc":{"start":{"line":466,"column":23},"end":{"line":470,"column":3}},"line":466},"36":{"name":"resetScores","decl":{"start":{"line":481,"column":9},"end":{"line":481,"column":20}},"loc":{"start":{"line":481,"column":23},"end":{"line":485,"column":1}},"line":481},"37":{"name":"setupEventListeners","decl":{"start":{"line":491,"column":9},"end":{"line":491,"column":28}},"loc":{"start":{"line":491,"column":31},"end":{"line":542,"column":1}},"line":491},"38":{"name":"(anonymous_38)","decl":{"start":{"line":502,"column":43},"end":{"line":502,"column":44}},"loc":{"start":{"line":502,"column":49},"end":{"line":518,"column":5}},"line":502},"39":{"name":"(anonymous_39)","decl":{"start":{"line":522,"column":47},"end":{"line":522,"column":48}},"loc":{"start":{"line":522,"column":53},"end":{"line":529,"column":5}},"line":522},"40":{"name":"(anonymous_40)","decl":{"start":{"line":533,"column":45},"end":{"line":533,"column":46}},"loc":{"start":{"line":533,"column":51},"end":{"line":540,"column":5}},"line":533},"41":{"name":"(anonymous_41)","decl":{"start":{"line":545,"column":48},"end":{"line":545,"column":49}},"loc":{"start":{"line":545,"column":54},"end":{"line":548,"column":3}},"line":545},"42":{"name":"(anonymous_42)","decl":{"start":{"line":559,"column":4},"end":{"line":559,"column":5}},"loc":{"start":{"line":559,"column":20},"end":{"line":561,"column":5}},"line":559},"43":{"name":"(anonymous_43)","decl":{"start":{"line":562,"column":4},"end":{"line":562,"column":5}},"loc":{"start":{"line":562,"column":19},"end":{"line":564,"column":5}},"line":562},"44":{"name":"(anonymous_44)","decl":{"start":{"line":565,"column":4},"end":{"line":565,"column":5}},"loc":{"start":{"line":565,"column":22},"end":{"line":567,"column":5}},"line":565},"45":{"name":"(anonymous_45)","decl":{"start":{"line":568,"column":4},"end":{"line":568,"column":5}},"loc":{"start":{"line":568,"column":17},"end":{"line":570,"column":5}},"line":568},"46":{"name":"(anonymous_46)","decl":{"start":{"line":571,"column":4},"end":{"line":571,"column":5}},"loc":{"start":{"line":571,"column":20},"end":{"line":573,"column":5}},"line":571},"47":{"name":"(anonymous_47)","decl":{"start":{"line":574,"column":4},"end":{"line":574,"column":5}},"loc":{"start":{"line":574,"column":17},"end":{"line":576,"column":5}},"line":574},"48":{"name":"(anonymous_48)","decl":{"start":{"line":577,"column":4},"end":{"line":577,"column":5}},"loc":{"start":{"line":577,"column":20},"end":{"line":579,"column":5}},"line":577}},"branchMap":{"0":{"loc":{"start":{"line":7,"column":2},"end":{"line":7,"column":76}},"type":"binary-expr","locations":[{"start":{"line":7,"column":2},"end":{"line":7,"column":32}},{"start":{"line":7,"column":36},"end":{"line":7,"column":76}}],"line":7},"1":{"loc":{"start":{"line":10,"column":15},"end":{"line":10,"column":57}},"type":"binary-expr","locations":[{"start":{"line":10,"column":15},"end":{"line":10,"column":24}},{"start":{"line":10,"column":28},"end":{"line":10,"column":57}}],"line":10},"2":{"loc":{"start":{"line":16,"column":0},"end":{"line":29,"column":1}},"type":"if","locations":[{"start":{"line":16,"column":0},"end":{"line":29,"column":1}},{"start":{},"end":{}}],"line":16},"3":{"loc":{"start":{"line":32,"column":17},"end":{"line":34,"column":10}},"type":"cond-expr","locations":[{"start":{"line":33,"column":5},"end":{"line":33,"column":74}},{"start":{"line":34,"column":4},"end":{"line":34,"column":10}}],"line":32},"4":{"loc":{"start":{"line":33,"column":38},"end":{"line":33,"column":74}},"type":"binary-expr","locations":[{"start":{"line":33,"column":38},"end":{"line":33,"column":68}},{"start":{"line":33,"column":72},"end":{"line":33,"column":74}}],"line":33},"5":{"loc":{"start":{"line":37,"column":21},"end":{"line":40,"column":1}},"type":"binary-expr","locations":[{"start":{"line":37,"column":21},"end":{"line":37,"column":39}},{"start":{"line":37,"column":43},"end":{"line":40,"column":1}}],"line":37},"6":{"loc":{"start":{"line":41,"column":18},"end":{"line":41,"column":75}},"type":"cond-expr","locations":[{"start":{"line":41,"column":56},"end":{"line":41,"column":71}},{"start":{"line":41,"column":74},"end":{"line":41,"column":75}}],"line":41},"7":{"loc":{"start":{"line":42,"column":18},"end":{"line":42,"column":75}},"type":"cond-expr","locations":[{"start":{"line":42,"column":56},"end":{"line":42,"column":71}},{"start":{"line":42,"column":74},"end":{"line":42,"column":75}}],"line":42},"8":{"loc":{"start":{"line":44,"column":2},"end":{"line":44,"column":65}},"type":"cond-expr","locations":[{"start":{"line":44,"column":43},"end":{"line":44,"column":61}},{"start":{"line":44,"column":64},"end":{"line":44,"column":65}}],"line":44},"9":{"loc":{"start":{"line":45,"column":20},"end":{"line":45,"column":59}},"type":"binary-expr","locations":[{"start":{"line":45,"column":20},"end":{"line":45,"column":37}},{"start":{"line":45,"column":41},"end":{"line":45,"column":59}}],"line":45},"10":{"loc":{"start":{"line":46,"column":21},"end":{"line":50,"column":1}},"type":"binary-expr","locations":[{"start":{"line":46,"column":21},"end":{"line":46,"column":39}},{"start":{"line":46,"column":43},"end":{"line":50,"column":1}}],"line":46},"11":{"loc":{"start":{"line":57,"column":9},"end":{"line":59,"column":10}},"type":"cond-expr","locations":[{"start":{"line":58,"column":6},"end":{"line":58,"column":50}},{"start":{"line":59,"column":6},"end":{"line":59,"column":10}}],"line":57},"12":{"loc":{"start":{"line":63,"column":9},"end":{"line":65,"column":10}},"type":"cond-expr","locations":[{"start":{"line":64,"column":6},"end":{"line":64,"column":47}},{"start":{"line":65,"column":6},"end":{"line":65,"column":10}}],"line":63},"13":{"loc":{"start":{"line":69,"column":9},"end":{"line":71,"column":10}},"type":"cond-expr","locations":[{"start":{"line":70,"column":6},"end":{"line":70,"column":39}},{"start":{"line":71,"column":6},"end":{"line":71,"column":10}}],"line":69},"14":{"loc":{"start":{"line":75,"column":9},"end":{"line":77,"column":10}},"type":"cond-expr","locations":[{"start":{"line":76,"column":6},"end":{"line":76,"column":39}},{"start":{"line":77,"column":6},"end":{"line":77,"column":10}}],"line":75},"15":{"loc":{"start":{"line":81,"column":9},"end":{"line":83,"column":10}},"type":"cond-expr","locations":[{"start":{"line":82,"column":6},"end":{"line":82,"column":45}},{"start":{"line":83,"column":6},"end":{"line":83,"column":10}}],"line":81},"16":{"loc":{"start":{"line":87,"column":9},"end":{"line":89,"column":10}},"type":"cond-expr","locations":[{"start":{"line":88,"column":6},"end":{"line":88,"column":43}},{"start":{"line":89,"column":6},"end":{"line":89,"column":10}}],"line":87},"17":{"loc":{"start":{"line":93,"column":9},"end":{"line":95,"column":10}},"type":"cond-expr","locations":[{"start":{"line":94,"column":6},"end":{"line":94,"column":41}},{"start":{"line":95,"column":6},"end":{"line":95,"column":10}}],"line":93},"18":{"loc":{"start":{"line":99,"column":9},"end":{"line":101,"column":10}},"type":"cond-expr","locations":[{"start":{"line":100,"column":6},"end":{"line":100,"column":51}},{"start":{"line":101,"column":6},"end":{"line":101,"column":10}}],"line":99},"19":{"loc":{"start":{"line":105,"column":9},"end":{"line":107,"column":10}},"type":"cond-expr","locations":[{"start":{"line":106,"column":6},"end":{"line":106,"column":43}},{"start":{"line":107,"column":6},"end":{"line":107,"column":10}}],"line":105},"20":{"loc":{"start":{"line":112,"column":0},"end":{"line":132,"column":1}},"type":"if","locations":[{"start":{"line":112,"column":0},"end":{"line":132,"column":1}},{"start":{"line":116,"column":7},"end":{"line":132,"column":1}}],"line":112},"21":{"loc":{"start":{"line":112,"column":4},"end":{"line":112,"column":49}},"type":"binary-expr","locations":[{"start":{"line":112,"column":4},"end":{"line":112,"column":33}},{"start":{"line":112,"column":37},"end":{"line":112,"column":49}}],"line":112},"22":{"loc":{"start":{"line":120,"column":6},"end":{"line":126,"column":7}},"type":"if","locations":[{"start":{"line":120,"column":6},"end":{"line":126,"column":7}},{"start":{},"end":{}}],"line":120},"23":{"loc":{"start":{"line":121,"column":8},"end":{"line":123,"column":46}},"type":"binary-expr","locations":[{"start":{"line":121,"column":8},"end":{"line":121,"column":37}},{"start":{"line":122,"column":8},"end":{"line":122,"column":31}},{"start":{"line":123,"column":8},"end":{"line":123,"column":46}}],"line":121},"24":{"loc":{"start":{"line":139,"column":2},"end":{"line":139,"column":52}},"type":"if","locations":[{"start":{"line":139,"column":2},"end":{"line":139,"column":52}},{"start":{},"end":{}}],"line":139},"25":{"loc":{"start":{"line":140,"column":2},"end":{"line":143,"column":3}},"type":"if","locations":[{"start":{"line":140,"column":2},"end":{"line":143,"column":3}},{"start":{},"end":{}}],"line":140},"26":{"loc":{"start":{"line":140,"column":6},"end":{"line":140,"column":55}},"type":"binary-expr","locations":[{"start":{"line":140,"column":6},"end":{"line":140,"column":35}},{"start":{"line":140,"column":39},"end":{"line":140,"column":55}}],"line":140},"27":{"loc":{"start":{"line":152,"column":2},"end":{"line":152,"column":21}},"type":"if","locations":[{"start":{"line":152,"column":2},"end":{"line":152,"column":21}},{"start":{},"end":{}}],"line":152},"28":{"loc":{"start":{"line":167,"column":2},"end":{"line":169,"column":3}},"type":"if","locations":[{"start":{"line":167,"column":2},"end":{"line":169,"column":3}},{"start":{},"end":{}}],"line":167},"29":{"loc":{"start":{"line":167,"column":6},"end":{"line":167,"column":66}},"type":"binary-expr","locations":[{"start":{"line":167,"column":6},"end":{"line":167,"column":37}},{"start":{"line":167,"column":41},"end":{"line":167,"column":66}}],"line":167},"30":{"loc":{"start":{"line":182,"column":17},"end":{"line":182,"column":57}},"type":"cond-expr","locations":[{"start":{"line":182,"column":25},"end":{"line":182,"column":50}},{"start":{"line":182,"column":53},"end":{"line":182,"column":57}}],"line":182},"31":{"loc":{"start":{"line":183,"column":2},"end":{"line":188,"column":3}},"type":"if","locations":[{"start":{"line":183,"column":2},"end":{"line":188,"column":3}},{"start":{},"end":{}}],"line":183},"32":{"loc":{"start":{"line":183,"column":6},"end":{"line":183,"column":32}},"type":"binary-expr","locations":[{"start":{"line":183,"column":6},"end":{"line":183,"column":12}},{"start":{"line":183,"column":16},"end":{"line":183,"column":32}}],"line":183},"33":{"loc":{"start":{"line":185,"column":4},"end":{"line":187,"column":5}},"type":"if","locations":[{"start":{"line":185,"column":4},"end":{"line":187,"column":5}},{"start":{},"end":{}}],"line":185},"34":{"loc":{"start":{"line":185,"column":8},"end":{"line":185,"column":40}},"type":"binary-expr","locations":[{"start":{"line":185,"column":8},"end":{"line":185,"column":16}},{"start":{"line":185,"column":20},"end":{"line":185,"column":28}},{"start":{"line":185,"column":32},"end":{"line":185,"column":40}}],"line":185},"35":{"loc":{"start":{"line":189,"column":9},"end":{"line":189,"column":30}},"type":"cond-expr","locations":[{"start":{"line":189,"column":18},"end":{"line":189,"column":22}},{"start":{"line":189,"column":25},"end":{"line":189,"column":30}}],"line":189},"36":{"loc":{"start":{"line":194,"column":2},"end":{"line":194,"column":29}},"type":"if","locations":[{"start":{"line":194,"column":2},"end":{"line":194,"column":29}},{"start":{},"end":{}}],"line":194},"37":{"loc":{"start":{"line":194,"column":6},"end":{"line":194,"column":20}},"type":"binary-expr","locations":[{"start":{"line":194,"column":6},"end":{"line":194,"column":8}},{"start":{"line":194,"column":12},"end":{"line":194,"column":14}},{"start":{"line":194,"column":18},"end":{"line":194,"column":20}}],"line":194},"38":{"loc":{"start":{"line":203,"column":9},"end":{"line":203,"column":47}},"type":"cond-expr","locations":[{"start":{"line":203,"column":17},"end":{"line":203,"column":39}},{"start":{"line":203,"column":42},"end":{"line":203,"column":47}}],"line":203},"39":{"loc":{"start":{"line":212,"column":2},"end":{"line":219,"column":3}},"type":"if","locations":[{"start":{"line":212,"column":2},"end":{"line":219,"column":3}},{"start":{},"end":{}}],"line":212},"40":{"loc":{"start":{"line":213,"column":4},"end":{"line":216,"column":64}},"type":"binary-expr","locations":[{"start":{"line":213,"column":4},"end":{"line":213,"column":10}},{"start":{"line":214,"column":4},"end":{"line":214,"column":34}},{"start":{"line":215,"column":4},"end":{"line":215,"column":47}},{"start":{"line":216,"column":4},"end":{"line":216,"column":64}}],"line":213},"41":{"loc":{"start":{"line":222,"column":2},"end":{"line":227,"column":3}},"type":"if","locations":[{"start":{"line":222,"column":2},"end":{"line"
[...]
e":236,"column":24}}],"line":236},"47":{"loc":{"start":{"line":245,"column":28},"end":{"line":245,"column":51}},"type":"default-arg","locations":[{"start":{"line":245,"column":36},"end":{"line":245,"column":51}}],"line":245},"48":{"loc":{"start":{"line":245,"column":53},"end":{"line":245,"column":76}},"type":"default-arg","locations":[{"start":{"line":245,"column":61},"end":{"line":245,"column":76}}],"line":245},"49":{"loc":{"start":{"line":248,"column":2},"end":{"line":248,"column":65}},"type":"if","locations":[{"start":{"line":248,"column":2},"end":{"line":248,"column":65}},{"start":{},"end":{}}],"line":248},"50":{"loc":{"start":{"line":249,"column":2},"end":{"line":249,"column":65}},"type":"if","locations":[{"start":{"line":249,"column":2},"end":{"line":249,"column":65}},{"start":{},"end":{}}],"line":249},"51":{"loc":{"start":{"line":256,"column":2},"end":{"line":256,"column":21}},"type":"if","locations":[{"start":{"line":256,"column":2},"end":{"line":256,"column":21}},{"start":{},"end":{}}],"line":256},"52":{"loc":{"start":{"line":257,"column":2},"end":{"line":257,"column":41}},"type":"if","locations":[{"start":{"line":257,"column":2},"end":{"line":257,"column":41}},{"start":{},"end":{}}],"line":257},"53":{"loc":{"start":{"line":266,"column":2},"end":{"line":266,"column":21}},"type":"if","locations":[{"start":{"line":266,"column":2},"end":{"line":266,"column":21}},{"start":{},"end":{}}],"line":266},"54":{"loc":{"start":{"line":272,"column":2},"end":{"line":272,"column":21}},"type":"if","locations":[{"start":{"line":272,"column":2},"end":{"line":272,"column":21}},{"start":{},"end":{}}],"line":272},"55":{"loc":{"start":{"line":279,"column":2},"end":{"line":279,"column":21}},"type":"if","locations":[{"start":{"line":279,"column":2},"end":{"line":279,"column":21}},{"start":{},"end":{}}],"line":279},"56":{"loc":{"start":{"line":281,"column":2},"end":{"line":281,"column":69}},"type":"if","locations":[{"start":{"line":281,"column":2},"end":{"line":281,"column":69}},{"start":{},"end":{}}],"line":281},"57":{"loc":{"start":{"line":289,"column":2},"end":{"line":289,"column":20}},"type":"if","locations":[{"start":{"line":289,"column":2},"end":{"line":289,"column":20}},{"start":{},"end":{}}],"line":289},"58":{"loc":{"start":{"line":291,"column":2},"end":{"line":291,"column":69}},"type":"if","locations":[{"start":{"line":291,"column":2},"end":{"line":291,"column":69}},{"start":{},"end":{}}],"line":291},"59":{"loc":{"start":{"line":291,"column":6},"end":{"line":291,"column":60}},"type":"binary-expr","locations":[{"start":{"line":291,"column":6},"end":{"line":291,"column":29}},{"start":{"line":291,"column":33},"end":{"line":291,"column":60}}],"line":291},"60":{"loc":{"start":{"line":296,"column":2},"end":{"line":308,"column":3}},"type":"if","locations":[{"start":{"line":296,"column":2},"end":{"line":308,"column":3}},{"start":{},"end":{}}],"line":296},"61":{"loc":{"start":{"line":298,"column":4},"end":{"line":304,"column":5}},"type":"if","locations":[{"start":{"line":298,"column":4},"end":{"line":304,"column":5}},{"start":{"line":301,"column":11},"end":{"line":304,"column":5}}],"line":298},"62":{"loc":{"start":{"line":310,"column":2},"end":{"line":315,"column":3}},"type":"if","locations":[{"start":{"line":310,"column":2},"end":{"line":315,"column":3}},{"start":{},"end":{}}],"line":310},"63":{"loc":{"start":{"line":318,"column":4},"end":{"line":318,"column":56}},"type":"cond-expr","locations":[{"start":{"line":318,"column":47},"end":{"line":318,"column":50}},{"start":{"line":318,"column":53},"end":{"line":318,"column":56}}],"line":318},"64":{"loc":{"start":{"line":320,"column":2},"end":{"line":325,"column":3}},"type":"if","locations":[{"start":{"line":320,"column":2},"end":{"line":325,"column":3}},{"start":{},"end":{}}],"line":320},"65":{"loc":{"start":{"line":321,"column":4},"end":{"line":322,"column":44}},"type":"binary-expr","locations":[{"start":{"line":321,"column":4},"end":{"line":321,"column":44}},{"start":{"line":322,"column":4},"end":{"line":322,"column":44}}],"line":321},"66":{"loc":{"start":{"line":334,"column":2},"end":{"line":336,"column":3}},"type":"if","locations":[{"start":{"line":334,"column":2},"end":{"line":336,"column":3}},{"start":{},"end":{}}],"line":334},"67":{"loc":{"start":{"line":339,"column":2},"end":{"line":346,"column":3}},"type":"if","locations":[{"start":{"line":339,"column":2},"end":{"line":346,"column":3}},{"start":{},"end":{}}],"line":339},"68":{"loc":{"start":{"line":340,"column":4},"end":{"line":342,"column":40}},"type":"binary-expr","locations":[{"start":{"line":340,"column":4},"end":{"line":340,"column":33}},{"start":{"line":341,"column":4},"end":{"line":341,"column":30}},{"start":{"line":342,"column":4},"end":{"line":342,"column":40}}],"line":340},"69":{"loc":{"start":{"line":350,"column":2},"end":{"line":354,"column":3}},"type":"if","locations":[{"start":{"line":350,"column":2},"end":{"line":354,"column":3}},{"start":{"line":352,"column":9},"end":{"line":354,"column":3}}],"line":350},"70":{"loc":{"start":{"line":352,"column":9},"end":{"line":354,"column":3}},"type":"if","locations":[{"start":{"line":352,"column":9},"end":{"line":354,"column":3}},{"start":{},"end":{}}],"line":352},"71":{"loc":{"start":{"line":377,"column":6},"end":{"line":379,"column":7}},"type":"if","locations":[{"start":{"line":377,"column":6},"end":{"line":379,"column":7}},{"start":{},"end":{}}],"line":377},"72":{"loc":{"start":{"line":393,"column":2},"end":{"line":396,"column":3}},"type":"if","locations":[{"start":{"line":393,"column":2},"end":{"line":396,"column":3}},{"start":{},"end":{}}],"line":393},"73":{"loc":{"start":{"line":397,"column":2},"end":{"line":397,"column":59}},"type":"if","locations":[{"start":{"line":397,"column":2},"end":{"line":397,"column":59}},{"start":{},"end":{}}],"line":397},"74":{"loc":{"start":{"line":401,"column":2},"end":{"line":403,"column":3}},"type":"if","locations":[{"start":{"line":401,"column":2},"end":{"line":403,"column":3}},{"start":{},"end":{}}],"line":401},"75":{"loc":{"start":{"line":410,"column":2},"end":{"line":410,"column":42}},"type":"if","locations":[{"start":{"line":410,"column":2},"end":{"line":410,"column":42}},{"start":{},"end":{}}],"line":410},"76":{"loc":{"start":{"line":414,"column":2},"end":{"line":420,"column":3}},"type":"if","locations":[{"start":{"line":414,"column":2},"end":{"line":420,"column":3}},{"start":{},"end":{}}],"line":414},"77":{"loc":{"start":{"line":415,"column":4},"end":{"line":417,"column":47}},"type":"binary-expr","locations":[{"start":{"line":415,"column":4},"end":{"line":415,"column":10}},{"start":{"line":416,"column":4},"end":{"line":416,"column":34}},{"start":{"line":417,"column":4},"end":{"line":417,"column":47}}],"line":415},"78":{"loc":{"start":{"line":424,"column":2},"end":{"line":433,"column":3}},"type":"if","locations":[{"start":{"line":424,"column":2},"end":{"line":433,"column":3}},{"start":{},"end":{}}],"line":424},"79":{"loc":{"start":{"line":426,"column":4},"end":{"line":432,"column":5}},"type":"if","locations":[{"start":{"line":426,"column":4},"end":{"line":432,"column":5}},{"start":{"line":429,"column":11},"end":{"line":432,"column":5}}],"line":426},"80":{"loc":{"start":{"line":429,"column":11},"end":{"line":432,"column":5}},"type":"if","locations":[{"start":{"line":429,"column":11},"end":{"line":432,"column":5}},{"start":{},"end":{}}],"line":429},"81":{"loc":{"start":{"line":429,"column":15},"end":{"line":429,"column":74}},"type":"binary-expr","locations":[{"start":{"line":429,"column":15},"end":{"line":429,"column":39}},{"start":{"line":429,"column":43},"end":{"line":429,"column":74}}],"line":429},"82":{"loc":{"start":{"line":431,"column":6},"end":{"line":431,"column":48}},"type":"if","locations":[{"start":{"line":431,"column":6},"end":{"line":431,"column":48}},{"start":{},"end":{}}],"line":431},"83":{"loc":{"start":{"line":435,"column":2},"end":{"line":437,"column":3}},"type":"if","locations":[{"start":{"line":435,"column":2},"end":{"line":437,"column":3}},{"start":{},"end":{}}],"line":435},"84":{"loc":{"start":{"line":439,"column":2},"end":{"line":445,"column":3}},"type":"if","locations":[{"start":{"line":439,"column":2},"end":{"line":445,"column":3}},{"start":{},"end":{}}],"line":439},"85":{"loc":{"start":{"line":447,"column":2},"end":{"line":452,"column":3}},"type":"if","locations":[{"start":{"line":447,"column":2},"end":{"line":452,"column":3}},{"start":{},"end":{}}],"line":447},"86":{"loc":{"start":{"line":468,"column":4},"end":{"line":468,"column":50}},"type":"if","locations":[{"start":{"line":468,"column":4},"end":{"line":468,"column":50}},{"start":{},"end":{}}],"line":468},"87":{"loc":{"start":{"line":469,"column":4},"end":{"line":469,"column":46}},"type":"if","locations":[{"start":{"line":469,"column":4},"end":{"line":469,"column":46}},{"start":{},"end":{}}],"line":469},"88":{"loc":{"start":{"line":474,"column":2},"end":{"line":474,"column":62}},"type":"if","locations":[{"start":{"line":474,"column":2},"end":{"line":474,"column":62}},{"start":{},"end":{}}],"line":474},"89":{"loc":{"start":{"line":475,"column":2},"end":{"line":475,"column":58}},"type":"if","locations":[{"start":{"line":475,"column":2},"end":{"line":475,"column":58}},{"start":{},"end":{}}],"line":475},"90":{"loc":{"start":{"line":498,"column":2},"end":{"line":498,"column":74}},"type":"if","locations":[{"start":{"line":498,"column":2},"end":{"line":498,"column":74}},{"start":{},"end":{}}],"line":498},"91":{"loc":{"start":{"line":499,"column":2},"end":{"line":499,"column":70}},"type":"if","locations":[{"start":{"line":499,"column":2},"end":{"line":499,"column":70}},{"start":{},"end":{}}],"line":499},"92":{"loc":{"start":{"line":501,"column":2},"end":{"line":519,"column":3}},"type":"if","locations":[{"start":{"line":501,"column":2},"end":{"line":519,"column":3}},{"start":{},"end":{}}],"line":501},"93":{"loc":{"start":{"line":503,"column":6},"end":{"line":517,"column":7}},"type":"if","locations":[{"start":{"line":503,"column":6},"end":{"line":517,"column":7}},{"start":{"line":510,"column":13},"end":{"line":517,"column":7}}],"line":503},"94":{"loc":{"start":{"line":504,"column":8},"end":{"line":506,"column":9}},"type":"if","locations":[{"start":{"line":504,"column":8},"end":{"line":506,"column":9}},{"start":{},"end":{}}],"line":504},"95":{"loc":{"start":{"line":504,"column":12},"end":{"line":504,"column":60}},"type":"binary-expr","locations":[{"start":{"line":504,"column":12},"end":{"line":504,"column":43}},{"start":{"line":504,"column":47},"end":{"line":504,"column":60}}],"line":504},"96":{"loc":{"start":{"line":507,"column":8},"end":{"line":509,"column":9}},"type":"if","locations":[{"start":{"line":507,"column":8},"end":{"line":509,"column":9}},{"start":{},"end":{}}],"line":507},"97":{"loc":{"start":{"line":511,"column":8},"end":{"line":513,"column":9}},"type":"if","locations":[{"start":{"line":511,"column":8},"end":{"line":513,"column":9}},{"start":{},"end":{}}],"line":511},"98":{"loc":{"start":{"line":511,"column":12},"end":{"line":511,"column":60}},"type":"binary-expr","locations":[{"start":{"line":511,"column":12},"end":{"line":511,"column":43}},{"start":{"line":511,"column":47},"end":{"line":511,"column":60}}],"line":511},"99":{"loc":{"start":{"line":514,"column":8},"end":{"line":516,"column":9}},"type":"if","locations":[{"start":{"line":514,"column":8},"end":{"line":516,"column":9}},{"start":{},"end":{}}],"line":514},"100":{"loc":{"start":{"line":521,"column":2},"end":{"line":530,"column":3}},"type":"if","locations":[{"start":{"line":521,"column":2},"end":{"line":530,"column":3}},{"start":{},"end":{}}],"line":521},"101":{"loc":{"start":{"line":523,"column":6},"end":{"line":528,"column":7}},"type":"if","locations":[{"start":{"line":523,"column":6},"end":{"line":528,"column":7}},{"start":{},"end":{}}],"line":523},"102":{"loc":{"start":{"line":527,"column":8},"end":{"line":527,"column":68}},"type":"if","locations":[{"start":{"line":527,"column":8},"end":{"line":527,"column":68}},{"start":{},"end":{}}],"line":527},"103":{"loc":{"start":{"line":532,"column":2},"end":{"line":541,"column":3}},"type":"if","locations":[{"start":{"line":532,"column":2},"end":{"line":541,"column":3}},{"start":{},"end":{}}],"line":532},"104":{"loc":{"start":{"line":534,"column":6},"end":{"line":539,"column":7}},"type":"if","locations":[{"start":{"line":534,"column":6},"end":{"line":539,"column":7}},{"start":{},"end":{}}],"line":534},"105":{"loc":{"start":{"line":538,"column":8},"end":{"line":538,"column":68}},"type":"if","locations":[{"start":{"line":538,"column":8},"end":{"line":538,"column":68}},{"start":{},"end":{}}],"line":538},"106":{"loc":{"start":{"line":544,"column":0},"end":{"line":552,"column":1}},"type":"if","locations":[{"start":{"line":544,"column":0},"end":{"line":552,"column":1}},{"start":{"line":549,"column":7},"end":{"line":552,"column":1}}],"line":544},"107":{"loc":{"start":{"line":557,"column":0},"end":{"line":593,"column":1}},"type":"if","locations":[{"start":{"line":557,"column":0},"end":{"line":593,"column":1}},{"start":{},"end":{}}],"line":557}},"s":{"0":25,"1":25,"2":25,"3":0,"4":0,"5":0,"6":0,"7":0,"8":0,"9":25,"10":25,"11":25,"12":25,"13":25,"14":25,"15":25,"16":5,"17":30,"18":3,"19":3,"20":25,"21":25,"22":25,"23":25,"24":0,"25":25,"26":25,"27":25,"28":25,"29":0,"30":0,"31":0,"32":0,"33":0,"34":0,"35":0,"36":13,"37":12,"38":1,"39":1,"40":1,"41":0,"42":0,"43":0,"44":0,"45":0,"46":0,"47":0,"48":0,"49":0,"50":0,"51":0,"52":0,"53":0,"54":14,"55":14,"56":0,"57":25,"58":7,"59":7,"60":7,"61":63,"62":7,"63":7,"64":3,"65":3,"66":3,"67":7,"68":25,"69":3,"70":0,"71":3,"72":3,"73":3,"74":4,"75":4,"76":36,"77":4,"78":25,"79":2,"80":0,"81":2,"82":0,"83":2,"84":2,"85":0,"86":2,"87":18,"88":2,"89":2,"90":2,"91":2,"92":0,"93":25,"94":3,"95":3,"96":3,"97":3,"98":3,"99":3,"100":3,"101":3,"102":0,"103":0,"104":0,"105":0,"106":0,"107":0,"108":4,"109":4,"110":0,"111":0,"112":1,"113":1,"114":0,"115":0,"116":0,"117":0,"118":0,"119":0,"120":0,"121":0,"122":4,"123":4,"124":0,"125":4,"126":1,"127":3,"128":3,"129":3,"130":1,"131":1,"132":1,"133":1,"134":0,"135":0,"136":1,"137":1,"138":1,"139":2,"140":1,"141":1,"142":1,"143":1,"144":1,"145":1,"146":0,"147":25,"148":0,"149":0,"150":0,"151":0,"152":0,"153":0,"154":0,"155":0,"156":0,"157":0,"158":0,"159":0,"160":0,"161":0,"162":0,"163":0,"164":0,"165":0,"166":4,"167":4,"168":4,"169":4,"170":4,"171":4,"172":4,"173":4,"174":4,"175":4,"176":0,"177":3,"178":0,"179":3,"180":3,"181":3,"182":3,"183":3,"184":3,"185":3,"186":3,"187":0,"188":0,"189":0,"190":0,"191":3,"192":3,"193":3,"194":1,"195":1,"196":1,"197":1,"198":1,"199":2,"200":1,"201":1,"202":1,"203":1,"204":1,"205":25,"206":1,"207":1,"208":1,"209":1,"210":9,"211":9,"212":9,"213":9,"214":9,"215":1,"216":1,"217":1,"218":1,"219":1,"220":1,"221":1,"222":25,"223":1,"224":1,"225":1,"226":25,"227":25,"228":25,"229":25,"230":25,"231":25,"232":25,"233":25,"234":25,"235":25,"236":25,"237":25,"238":2,"239":1,"240":1,"241":1,"242":1,"243":1,"244":1,"245":1,"246":1,"247":25,"248":25,"249":0,"250":0,"251":0,"252":0,"253":0,"254":0,"255":25,"256":25,"257":0,"258":0,"259":0,"260":0,"261":0,"262":0,"263":25,"264":0,"265":0,"266":0,"267":25,"268":25,"269":25,"270":21,"271":2,"272":7,"273":2,"274":2,"275":2,"276":1},"f":{"0":5,"1":30,"2":3,"3":3,"4":25,"5":25,"6":25,"7":25,"8":0,"9":0,"10":0,"11":13,"12":0,"13":0,"14":14,"15":7,"16":63,"17":3,"18":4,"19":36,"20":2,"21":18,"22":3,"23":3,"24":0,"25":4,"26":1,"27":0,"28":4,"29":0,"30":0,"31":0,"32":4,"33":3,"34":1,"35":9,"36":1,"37":25,"38":2,"39":0,"40":0,"41":0,"42":21,"43":2,"44":7,"45":2,"46":2,"47":2,"48":1},"b":{"0":[25,25],"1":[25,0],"2":[0,25],"3":[25,0],"4":[25,1],"5":[25,1],"6":[24,1],"7":[24,1],"8":[24,1],"9":[25,1],"10":[25,1],"11":[5,0],"12":[30,0],"13":[3,0],"14":[3,0],"15":[25,0],"16":[25,0],"17":[25,0],"18":[25,0],"19":[0,0],"20":[25,0],"21":[25,25],"22":[0,0],"23":[0,0,0],"24":[12,1],"25":[1,0],"26":[1,1],"27":[0,0],"28":[14,0],"29":[14,14],"30":[7,0],"31":[3,4],"32":[7,3],"33":[3,0],"34":[3,3,3],"35":[3,4],"36":[0,3],"37":[3,3,3],"38":[4,0],"39":[0,2],"40":[2,2,2,2],"41":[0,2],"42":[2,0],"43":[0,2],"44":[2,0],"45":[2,2],"46":[2,0],"47":[3],"48":[3],"49":[3,0],"50":[3,0],"51":[3,0],"52":[0,0],"53":[4,0],"54":[1,0],"55":[0,0],"56":[0,0],"57":[0,4],"58":[1,3],"59":[4,3],"60":[1,2],"61":[1,0],"62":[1,1],"63":[1,0],"64":[0,1],"65":[1,0],"66":[0,0],"67":[0,0],"68":[0,0,0],"69":[0,0],"70":[0,0],"71":[0,0],"72":[4,0],"73":[4,0],"74":[0,4],"75":[0,3],"76":[3,0],"77":[3,3,3],"78":[3,0],"79":[3,0],"80":[0,0],"81":[0,0],"82":[0,0],"83":[3,0],"84":[1,2],"85":[1,1],"86":[9,0],"87":[9,0],"88":[1,0],"89":[1,0],"90":[25,0],"91":[25,0],"92":[25,0],"93":[1,1],"94":[1,0],"95":[1,1],"96":[1,0],"97":[1,0],"98":[1,1],"99":[1,0],"100":[25,0],"101":[0,0],"102":[0,0],"103":[25,0],"104":[0,0],"105":[0,0],"106":[0,25],"107":[25,0]},"_coverageSchema":"1a1c01bbd47fc00a2c39e90264f33305004495a9","hash":"21f14a2bf42d8a0b6501a33ce7d3cedce2d2b55d"}
,"D:\\PSOFP\\PSO-FP\\utils\\validation.js": {"path":"D:\\PSOFP\\PSO-FP\\utils\\validation.js","statementMap":{"0":{"start":{"line":1,"column":29},"end":{"line":9,"column":1}},"1":{"start":{"line":2,"column":2},"end":{"line":2,"column":48}},"2":{"start":{"line":2,"column":14},"end":{"line":2,"column":48}},"3":{"start":{"line":4,"column":16},"end":{"line":4,"column":44}},"4":{"start":{"line":6,"column":2},"end":{"line":6,"column":60}},"5":{"start":{"line":6,"column":26},"end":{"line":6,"column":60}},"6":{"start":{"line":8,"column":2},"end":{"line":8,"column":14}},"7":{"start":{"line":11,"column":32},"end":{"line":17,"column":1}},"8":{"start":{"line":12,"column":2},"end":{"line":12,"column":54}},"9":{"start":{"line":12,"column":17},"end":{"line":12,"column":54}},"10":{"start":{"line":14,"column":2},"end":{"line":14,"column":64}},"11":{"start":{"line":14,"column":27},"end":{"line":14,"column":64}},"12":{"start":{"line":16,"column":2},"end":{"line":16,"column":14}},"13":{"start":{"line":19,"column":28},"end":{"line":23,"column":1}},"14":{"start":{"line":20,"column":2},"end":{"line":20,"column":46}},"15":{"start":{"line":20,"column":13},"end":{"line":20,"column":46}},"16":{"start":{"line":22,"column":2},"end":{"line":22,"column":14}}},"fnMap":{"0":{"name":"(anonymous_0)","decl":{"start":{"line":1,"column":29},"end":{"line":1,"column":30}},"loc":{"start":{"line":1,"column":40},"end":{"line":9,"column":1}},"line":1},"1":{"name":"(anonymous_1)","decl":{"start":{"line":11,"column":32},"end":{"line":11,"column":33}},"loc":{"start":{"line":11,"column":46},"end":{"line":17,"column":1}},"line":11},"2":{"name":"(anonymous_2)","decl":{"start":{"line":19,"column":28},"end":{"line":19,"column":29}},"loc":{"start":{"line":19,"column":38},"end":{"line":23,"column":1}},"line":19}},"branchMap":{"0":{"loc":{"start":{"line":2,"column":2},"end":{"line":2,"column":48}},"type":"if","locations":[{"start":{"line":2,"column":2},"end":{"line":2,"column":48}},{"start":{},"end":{}}],"line":2},"1":{"loc":{"start":{"line":6,"column":2},"end":{"line":6,"column":60}},"type":"if","locations":[{"start":{"line":6,"column":2},"end":{"line":6,"column":60}},{"start":{},"end":{}}],"line":6},"2":{"loc":{"start":{"line":12,"column":2},"end":{"line":12,"column":54}},"type":"if","locations":[{"start":{"line":12,"column":2},"end":{"line":12,"column":54}},{"start":{},"end":{}}],"line":12},"3":{"loc":{"start":{"line":14,"column":2},"end":{"line":14,"column":64}},"type":"if","locations":[{"start":{"line":14,"column":2},"end":{"line":14,"column":64}},{"start":{},"end":{}}],"line":14},"4":{"loc":{"start":{"line":20,"column":2},"end":{"line":20,"column":46}},"type":"if","locations":[{"start":{"line":20,"column":2},"end":{"line":20,"column":46}},{"start":{},"end":{}}],"line":20}},"s":{"0":1,"1":3,"2":1,"3":2,"4":2,"5":1,"6":1,"7":1,"8":3,"9":1,"10":2,"11":1,"12":1,"13":1,"14":2,"15":1,"16":1},"f":{"0":3,"1":3,"2":2},"b":{"0":[1,2],"1":[1,1],"2":[1,2],"3":[1,1],"4":[1,1]},"_coverageSchema":"1a1c01bbd47fc00a2c39e90264f33305004495a9","hash":"5a10b2631d6cd87738991595cda67ec496715005"}
}
