TN:
SF:auth\firebaseAuth.js
FN:26,(anonymous_0)
FN:31,(anonymous_1)
FN:39,(anonymous_2)
FNF:3
FNH:3
FNDA:2,(anonymous_0)
FNDA:2,(anonymous_1)
FNDA:2,(anonymous_2)
DA:8,1
DA:17,1
DA:18,1
DA:20,1
DA:26,1
DA:27,2
DA:28,2
DA:31,1
DA:32,2
DA:33,2
DA:35,1
DA:39,1
DA:40,2
DA:41,2
DA:43,1
LF:15
LH:15
BRDA:17,0,0,0
BRDA:17,0,1,1
BRDA:27,1,0,0
BRDA:27,1,1,2
BRDA:28,2,0,2
BRDA:28,2,1,0
BRDA:28,2,2,0
BRF:7
BRH:3
end_of_record
TN:
SF:src\js\firebase.browser.config.js
FNF:0
FNH:0
DA:5,0
DA:6,0
LF:2
LH:0
BRF:0
BRH:0
end_of_record
TN:
SF:src\js\firestoreCRUD.example.js
FN:58,contohAddScore
FN:66,contohGetLeaderboard
FN:72,contohGetScoreById
FN:78,contohGetUserScores
FN:86,contohUpdateScore
FN:92,contohDeleteScore
FN:101,contohAddHistory
FN:115,contohGetHistory
FN:127,contohUpdateHistory
FN:140,contohDeleteHistory
FN:149,contohSavePreferences
FN:157,contohGetPreferences
FN:163,contohUpdatePreferences
FN:169,contohDeletePreferences
FN:178,contohSaveStatistics
FN:190,contohGetStatistics
FN:196,contohUpdateStatistics
FN:203,contohDeleteStatistics
FN:212,contohAddSession
FN:223,contohGetSession
FN:232,contohUpdateSession
FN:238,contohDeleteSession
FN:247,contohBatchedWrite
FN:272,contohTransaction
FN:284,contohWorkflowLengkap
FNF:25
FNH:0
FNDA:0,contohAddScore
FNDA:0,contohGetLeaderboard
FNDA:0,contohGetScoreById
FNDA:0,contohGetUserScores
FNDA:0,contohUpdateScore
FNDA:0,contohDeleteScore
FNDA:0,contohAddHistory
FNDA:0,contohGetHistory
FNDA:0,contohUpdateHistory
FNDA:0,contohDeleteHistory
FNDA:0,contohSavePreferences
FNDA:0,contohGetPreferences
FNDA:0,contohUpdatePreferences
FNDA:0,contohDeletePreferences
FNDA:0,contohSaveStatistics
FNDA:0,contohGetStatistics
FNDA:0,contohUpdateStatistics
FNDA:0,contohDeleteStatistics
FNDA:0,contohAddSession
FNDA:0,contohGetSession
FNDA:0,contohUpdateSession
FNDA:0,contohDeleteSession
FNDA:0,contohBatchedWrite
FNDA:0,contohTransaction
FNDA:0,contohWorkflowLengkap
DA:59,0
DA:62,0
DA:67,0
DA:68,0
DA:73,0
DA:74,0
DA:79,0
DA:82,0
DA:87,0
DA:88,0
DA:93,0
DA:102,0
DA:107,0
DA:108,0
DA:110,0
DA:111,0
DA:117,0
DA:120,0
DA:123,0
DA:128,0
DA:133,0
DA:135,0
DA:136,0
DA:141,0
DA:150,0
DA:158,0
DA:159,0
DA:164,0
DA:165,0
DA:170,0
DA:179,0
DA:191,0
DA:192,0
DA:197,0
DA:198,0
DA:199,0
DA:204,0
DA:213,0
DA:219,0
DA:225,0
DA:228,0
DA:233,0
DA:234,0
DA:239,0
DA:248,0
DA:258,0
DA:268,0
DA:273,0
DA:274,0
DA:285,0
DA:287,0
DA:290,0
DA:295,0
DA:296,0
DA:299,0
DA:300,0
DA:301,0
DA:306,0
DA:308,0
LF:59
LH:0
BRF:0
BRH:0
end_of_record
TN:
SF:src\js\firestoreCRUD.js
FN:51,addScoreToLeaderboard
FN:124,getLeaderboard
FN:135,(anonymous_2)
FN:155,getScoreById
FN:180,getUserScores
FN:198,(anonymous_5)
FN:218,updateScoreResult
FN:239,updateScoreGameTime
FN:258,deleteScore
FN:275,removeScoreField
FN:300,addGameHistory
FN:332,getGameHistoryById
FN:357,getUserGameHistory
FN:375,(anonymous_13)
FN:394,getGameHistoryByGameId
FN:425,addMoveToHistory
FN:447,updateHistoryBoardState
FN:466,deleteGameHistory
FN:486,saveUserPreferences
FN:517,getUserPreferences
FN:549,updateUserTheme
FN:603,updateUserGameMode
FN:657,deleteUserPreferences
FN:684,saveUserStatistics
FN:715,getUserStatistics
FN:746,incrementTotalGames
FN:771,incrementWins
FN:797,updateBestTime
FN:857,deleteUserStatistics
FN:884,addSessionData
FN:916,getSessionById
FN:941,getUserSessions
FN:959,(anonymous_32)
FN:979,closeSession
FN:999,incrementSessionGames
FN:1019,deleteSession
FN:1040,saveGameDataWithHistory
FN:1075,updateStatisticsAtomically
FN:1090,(anonymous_38)
FNF:39
FNH:0
FNDA:0,addScoreToLeaderboard
FNDA:0,getLeaderboard
FNDA:0,(anonymous_2)
FNDA:0,getScoreById
FNDA:0,getUserScores
FNDA:0,(anonymous_5)
FNDA:0,updateScoreResult
FNDA:0,updateScoreGameTime
FNDA:0,deleteScore
FNDA:0,removeScoreField
FNDA:0,addGameHistory
FNDA:0,getGameHistoryById
FNDA:0,getUserGameHistory
FNDA:0,(anonymous_13)
FNDA:0,getGameHistoryByGameId
FNDA:0,addMoveToHistory
FNDA:0,updateHistoryBoardState
FNDA:0,deleteGameHistory
FNDA:0,saveUserPreferences
FNDA:0,getUserPreferences
FNDA:0,updateUserTheme
FNDA:0,updateUserGameMode
FNDA:0,deleteUserPreferences
FNDA:0,saveUserStatistics
FNDA:0,getUserStatistics
FNDA:0,incrementTotalGames
FNDA:0,incrementWins
FNDA:0,updateBestTime
FNDA:0,deleteUserStatistics
FNDA:0,addSessionData
FNDA:0,getSessionById
FNDA:0,getUserSessions
FNDA:0,(anonymous_32)
FNDA:0,closeSession
FNDA:0,incrementSessionGames
FNDA:0,deleteSession
FNDA:0,saveGameDataWithHistory
FNDA:0,updateStatisticsAtomically
FNDA:0,(anonymous_38)
DA:34,0
DA:35,0
DA:36,0
DA:58,0
DA:59,0
DA:60,0
DA:61,0
DA:62,0
DA:66,0
DA:67,0
DA:68,0
DA:69,0
DA:70,0
DA:71,0
DA:75,0
DA:110,0
DA:111,0
DA:112,0
DA:114,0
DA:115,0
DA:125,0
DA:126,0
DA:132,0
DA:133,0
DA:135,0
DA:136,0
DA:142,0
DA:143,0
DA:145,0
DA:146,0
DA:156,0
DA:157,0
DA:158,0
DA:160,0
DA:161,0
DA:166,0
DA:167,0
DA:170,0
DA:171,0
DA:181,0
DA:182,0
DA:183,0
DA:184,0
DA:185,0
DA:188,0
DA:189,0
DA:195,0
DA:196,0
DA:198,0
DA:199,0
DA:205,0
DA:207,0
DA:208,0
DA:219,0
DA:220,0
DA:221,0
DA:225,0
DA:226,0
DA:228,0
DA:229,0
DA:240,0
DA:241,0
DA:242,0
DA:245,0
DA:246,0
DA:248,0
DA:249,0
DA:259,0
DA:260,0
DA:261,0
DA:262,0
DA:264,0
DA:265,0
DA:276,0
DA:277,0
DA:278,0
DA:281,0
DA:282,0
DA:284,0
DA:285,0
DA:301,0
DA:302,0
DA:303,0
DA:304,0
DA:305,0
DA:308,0
DA:318,0
DA:319,0
DA:320,0
DA:322,0
DA:323,0
DA:333,0
DA:334,0
DA:335,0
DA:337,0
DA:338,0
DA:343,0
DA:344,0
DA:347,0
DA:348,0
DA:358,0
DA:359,0
DA:360,0
DA:361,0
DA:362,0
DA:365,0
DA:366,0
DA:372,0
DA:373,0
DA:375,0
DA:376,0
DA:382,0
DA:384,0
DA:385,0
DA:395,0
DA:396,0
DA:402,0
DA:403,0
DA:404,0
DA:405,0
DA:410,0
DA:411,0
DA:414,0
DA:415,0
DA:426,0
DA:427,0
DA:428,0
DA:433,0
DA:434,0
DA:436,0
DA:437,0
DA:448,0
DA:449,0
DA:450,0
DA:453,0
DA:454,0
DA:456,0
DA:457,0
DA:467,0
DA:468,0
DA:469,0
DA:470,0
DA:472,0
DA:473,0
DA:487,0
DA:488,0
DA:489,0
DA:490,0
DA:491,0
DA:494,0
DA:502,0
DA:503,0
DA:504,0
DA:505,0
DA:507,0
DA:508,0
DA:518,0
DA:519,0
DA:520,0
DA:521,0
DA:522,0
DA:525,0
DA:526,0
DA:527,0
DA:529,0
DA:530,0
DA:535,0
DA:536,0
DA:539,0
DA:540,0
DA:550,0
DA:551,0
DA:552,0
DA:553,0
DA:554,0
DA:557,0
DA:560,0
DA:562,0
DA:564,0
DA:572,0
DA:575,0
DA:579,0
DA:581,0
DA:583,0
DA:585,0
DA:586,0
DA:587,0
DA:588,0
DA:591,0
DA:592,0
DA:594,0
DA:604,0
DA:605,0
DA:606,0
DA:607,0
DA:608,0
DA:611,0
DA:614,0
DA:616,0
DA:618,0
DA:626,0
DA:629,0
DA:633,0
DA:635,0
DA:637,0
DA:639,0
DA:640,0
DA:641,0
DA:642,0
DA:645,0
DA:646,0
DA:648,0
DA:658,0
DA:659,0
DA:660,0
DA:661,0
DA:662,0
DA:665,0
DA:666,0
DA:667,0
DA:668,0
DA:670,0
DA:671,0
DA:685,0
DA:686,0
DA:687,0
DA:688,0
DA:689,0
DA:692,0
DA:700,0
DA:701,0
DA:702,0
DA:703,0
DA:705,0
DA:706,0
DA:716,0
DA:717,0
DA:718,0
DA:719,0
DA:720,0
DA:723,0
DA:724,0
DA:725,0
DA:727,0
DA:728,0
DA:733,0
DA:734,0
DA:737,0
DA:738,0
DA:747,0
DA:748,0
DA:749,0
DA:750,0
DA:751,0
DA:754,0
DA:755,0
DA:759,0
DA:760,0
DA:762,0
DA:763,0
DA:772,0
DA:773,0
DA:774,0
DA:775,0
DA:776,0
DA:779,0
DA:780,0
DA:784,0
DA:785,0
DA:787,0
DA:788,0
DA:798,0
DA:799,0
DA:800,0
DA:801,0
DA:802,0
DA:806,0
DA:807,0
DA:812,0
DA:817,0
DA:829,0
DA:830,0
DA:831,0
DA:833,0
DA:835,0
DA:838,0
DA:839,0
DA:841,0
DA:843,0
DA:844,0
DA:845,0
DA:846,0
DA:848,0
DA:858,0
DA:859,0
DA:860,0
DA:861,0
DA:862,0
DA:865,0
DA:866,0
DA:867,0
DA:868,0
DA:870,0
DA:871,0
DA:885,0
DA:886,0
DA:887,0
DA:888,0
DA:889,0
DA:892,0
DA:899,0
DA:903,0
DA:904,0
DA:906,0
DA:907,0
DA:917,0
DA:918,0
DA:919,0
DA:921,0
DA:922,0
DA:927,0
DA:928,0
DA:931,0
DA:932,0
DA:942,0
DA:943,0
DA:944,0
DA:945,0
DA:946,0
DA:949,0
DA:950,0
DA:956,0
DA:957,0
DA:959,0
DA:960,0
DA:966,0
DA:968,0
DA:969,0
DA:980,0
DA:981,0
DA:982,0
DA:986,0
DA:987,0
DA:989,0
DA:990,0
DA:1000,0
DA:1001,0
DA:1002,0
DA:1006,0
DA:1007,0
DA:1009,0
DA:1010,0
DA:1020,0
DA:1021,0
DA:1022,0
DA:1023,0
DA:1025,0
DA:1026,0
DA:1041,0
DA:1042,0
DA:1045,0
DA:1046,0
DA:1052,0
DA:1053,0
DA:1060,0
DA:1061,0
DA:1062,0
DA:1064,0
DA:1065,0
DA:1076,0
DA:1078,0
DA:1079,0
DA:1080,0
DA:1081,0
DA:1085,0
DA:1086,0
DA:1087,0
DA:1090,0
DA:1091,0
DA:1092,0
DA:1094,0
DA:1096,0
DA:1106,0
DA:1107,0
DA:1123,0
DA:1126,0
DA:1127,0
DA:1129,0
DA:1130,0
LF:389
LH:0
BRDA:34,0,0,0
BRDA:34,0,1,0
BRDA:56,1,0,0
BRDA:60,2,0,0
BRDA:60,2,1,0
BRDA:67,3,0,0
BRDA:67,3,1,0
BRDA:69,4,0,0
BRDA:69,4,1,0
BRDA:83,5,0,0
BRDA:83,5,1,0
BRDA:88,6,0,0
BRDA:88,6,1,0
BRDA:92,7,0,0
BRDA:92,7,1,0
BRDA:93,8,0,0
BRDA:93,8,1,0
BRDA:95,9,0,0
BRDA:95,9,1,0
BRDA:97,10,0,0
BRDA:97,10,1,0
BRDA:103,11,0,0
BRDA:103,11,1,0
BRDA:104,12,0,0
BRDA:104,12,1,0
BRDA:105,13,0,0
BRDA:105,13,1,0
BRDA:124,14,0,0
BRDA:160,15,0,0
BRDA:160,15,1,0
BRDA:180,16,0,0
BRDA:183,17,0,0
BRDA:183,17,1,0
BRDA:183,18,0,0
BRDA:183,18,1,0
BRDA:188,19,0,0
BRDA:188,19,1,0
BRDA:303,20,0,0
BRDA:303,20,1,0
BRDA:315,21,0,0
BRDA:315,21,1,0
BRDA:337,22,0,0
BRDA:337,22,1,0
BRDA:357,23,0,0
BRDA:360,24,0,0
BRDA:360,24,1,0
BRDA:360,25,0,0
BRDA:360,25,1,0
BRDA:365,26,0,0
BRDA:365,26,1,0
BRDA:403,27,0,0
BRDA:403,27,1,0
BRDA:489,28,0,0
BRDA:489,28,1,0
BRDA:517,29,0,0
BRDA:520,30,0,0
BRDA:520,30,1,0
BRDA:520,31,0,0
BRDA:520,31,1,0
BRDA:525,32,0,0
BRDA:525,32,1,0
BRDA:529,33,0,0
BRDA:529,33,1,0
BRDA:552,34,0,0
BRDA:552,34,1,0
BRDA:562,35,0,0
BRDA:562,35,1,0
BRDA:585,36,0,0
BRDA:585,36,1,0
BRDA:587,37,0,0
BRDA:587,37,1,0
BRDA:591,38,0,0
BRDA:591,38,1,0
BRDA:606,39,0,0
BRDA:606,39,1,0
BRDA:616,40,0,0
BRDA:616,40,1,0
BRDA:639,41,0,0
BRDA:639,41,1,0
BRDA:641,42,0,0
BRDA:641,42,1,0
BRDA:645,43,0,0
BRDA:645,43,1,0
BRDA:657,44,0,0
BRDA:660,45,0,0
BRDA:660,45,1,0
BRDA:660,46,0,0
BRDA:660,46,1,0
BRDA:665,47,0,0
BRDA:665,47,1,0
BRDA:687,48,0,0
BRDA:687,48,1,0
BRDA:715,49,0,0
BRDA:718,50,0,0
BRDA:718,50,1,0
BRDA:718,51,0,0
BRDA:718,51,1,0
BRDA:723,52,0,0
BRDA:723,52,1,0
BRDA:727,53,0,0
BRDA:727,53,1,0
BRDA:749,54,0,0
BRDA:749,54,1,0
BRDA:774,55,0,0
BRDA:774,55,1,0
BRDA:800,56,0,0
BRDA:800,56,1,0
BRDA:807,57,0,0
BRDA:807,57,1,0
BRDA:808,58,0,0
BRDA:808,58,1,0
BRDA:808,58,2,0
BRDA:817,59,0,0
BRDA:817,59,1,0
BRDA:830,60,0,0
BRDA:830,60,1,0
BRDA:843,61,0,0
BRDA:843,61,1,0
BRDA:845,62,0,0
BRDA:845,62,1,0
BRDA:857,63,0,0
BRDA:860,64,0,0
BRDA:860,64,1,0
BRDA:860,65,0,0
BRDA:860,65,1,0
BRDA:865,66,0,0
BRDA:865,66,1,0
BRDA:887,67,0,0
BRDA:887,67,1,0
BRDA:921,68,0,0
BRDA:921,68,1,0
BRDA:941,69,0,0
BRDA:944,70,0,0
BRDA:944,70,1,0
BRDA:944,71,0,0
BRDA:944,71,1,0
BRDA:949,72,0,0
BRDA:949,72,1,0
BRDA:1079,73,0,0
BRDA:1079,73,1,0
BRDA:1085,74,0,0
BRDA:1085,74,1,0
BRDA:1094,75,0,0
BRDA:1094,75,1,0
BRDA:1100,76,0,0
BRDA:1100,76,1,0
BRDA:1101,77,0,0
BRDA:1101,77,1,0
BRDA:1102,78,0,0
BRDA:1102,78,1,0
BRDA:1108,79,0,0
BRDA:1108,79,1,0
BRDA:1110,80,0,0
BRDA:1110,80,1,0
BRDA:1111,81,0,0
BRDA:1111,81,1,0
BRDA:1112,82,0,0
BRDA:1112,82,1,0
BRDA:1114,83,0,0
BRDA:1114,83,1,0
BRDA:1115,84,0,0
BRDA:1115,84,1,0
BRDA:1116,85,0,0
BRDA:1116,85,1,0
BRDA:1118,86,0,0
BRDA:1118,86,1,0
BRDA:1119,87,0,0
BRDA:1119,87,1,0
BRDA:1120,88,0,0
BRDA:1120,88,1,0
BRF:170
BRH:0
end_of_record
TN:
SF:src\js\gameLogic.js
FN:6,checkWinner
FN:27,checkDraw
FN:28,(anonymous_2)
FN:34,minimax
FN:68,findBestMove
FN:70,(anonymous_5)
FN:71,(anonymous_6)
FNF:7
FNH:7
FNDA:623445,checkWinner
FNDA:385289,checkDraw
FNDA:1766632,(anonymous_2)
FNDA:623429,minimax
FNDA:7,findBestMove
FNDA:63,(anonymous_5)
FNDA:63,(anonymous_6)
DA:7,623445
DA:18,623445
DA:19,4214551
DA:20,4214551
DA:21,238157
DA:24,385288
DA:28,1766632
DA:35,623429
DA:36,623429
DA:37,238148
DA:39,385281
DA:40,51697
DA:43,333584
DA:44,196712
DA:45,196712
DA:46,1770408
DA:47,326772
DA:48,326772
DA:49,326772
DA:50,326772
DA:53,196712
DA:55,136872
DA:56,136872
DA:57,1231848
DA:58,296618
DA:59,296618
DA:60,296618
DA:61,296618
DA:64,136872
DA:69,7
DA:70,63
DA:71,63
DA:73,7
DA:76,6
DA:78,6
DA:79,6
DA:81,6
DA:82,39
DA:83,39
DA:84,39
DA:86,39
DA:87,8
DA:88,8
DA:89,31
DA:90,13
DA:95,6
DA:96,1
DA:97,1
DA:101,5
DA:109,1
DA:110,1
DA:118,1
DA:119,1
LF:53
LH:53
BRDA:20,0,0,238157
BRDA:20,0,1,3976394
BRDA:20,1,0,4214551
BRDA:20,1,1,3576702
BRDA:20,1,2,1251624
BRDA:34,2,0,0
BRDA:34,3,0,0
BRDA:36,4,0,238148
BRDA:36,4,1,385281
BRDA:37,5,0,143426
BRDA:37,5,1,94722
BRDA:39,6,0,51697
BRDA:39,6,1,333584
BRDA:43,7,0,196712
BRDA:43,7,1,136872
BRDA:46,8,0,326772
BRDA:46,8,1,1443636
BRDA:57,9,0,296618
BRDA:57,9,1,935230
BRDA:68,10,0,7
BRDA:68,11,0,7
BRDA:70,12,0,39
BRDA:70,12,1,24
BRDA:73,13,0,1
BRDA:73,13,1,6
BRDA:86,14,0,8
BRDA:86,14,1,31
BRDA:89,15,0,13
BRDA:89,15,1,18
BRDA:95,16,0,1
BRDA:95,16,1,5
BRDA:97,17,0,1
BRDA:97,17,1,0
BRDA:109,18,0,1
BRDA:109,18,1,0
BRDA:118,19,0,1
BRDA:118,19,1,0
BRDA:118,20,0,1
BRDA:118,20,1,1
BRF:39
BRH:34
end_of_record
TN:
SF:src\js\script.js
FN:62,getGameOverMessage
FN:68,getRestartButton
FN:74,getScoreXElement
FN:80,getScoreOElement
FN:86,getThemeToggle
FN:92,getVsComputerRadio
FN:98,getVsPlayerRadio
FN:104,getResetButton
FN:110,getBoard
FN:124,(anonymous_9)
FN:125,(anonymous_10)
FN:143,getGameLogic
FN:156,initializeBoard
FN:165,createCell
FN:172,getCells
FN:183,checkWinner
FN:186,(anonymous_16)
FN:199,highlightWinner
FN:206,checkDraw
FN:208,(anonymous_19)
FN:216,findBestMove
FN:238,(anonymous_21)
FN:251,updateScoreDisplay
FN:261,startTimer
FN:265,(anonymous_24)
FN:271,stopTimer
FN:277,resetTimer
FN:284,updateTimerUI
FN:293,handleCellClick
FN:358,saveScoreToFirestore
FN:399,(anonymous_30)
FN:434,(anonymous_31)
FN:442,finishGame
FN:462,computerMove
FN:538,restartGame
FN:551,(anonymous_35)
FN:566,resetScores
FN:581,setupEventListeners
FN:592,(anonymous_38)
FN:612,(anonymous_39)
FN:623,(anonymous_40)
FN:635,(anonymous_41)
FN:649,(anonymous_42)
FN:652,(anonymous_43)
FN:655,(anonymous_44)
FN:658,(anonymous_45)
FN:661,(anonymous_46)
FN:664,(anonymous_47)
FN:667,(anonymous_48)
FN:687,(anonymous_49)
FN:690,(anonymous_50)
FN:693,(anonymous_51)
FN:696,(anonymous_52)
FN:699,(anonymous_53)
FN:702,(anonymous_54)
FN:705,(anonymous_55)
FN:708,(anonymous_56)
FNF:57
FNH:49
FNDA:8,getGameOverMessage
FNDA:59,getRestartButton
FNDA:6,getScoreXElement
FNDA:6,getScoreOElement
FNDA:51,getThemeToggle
FNDA:51,getVsComputerRadio
FNDA:51,getVsPlayerRadio
FNDA:51,getResetButton
FNDA:7,getBoard
FNDA:0,(anonymous_9)
FNDA:0,(anonymous_10)
FNDA:19,getGameLogic
FNDA:1,initializeBoard
FNDA:10,createCell
FNDA:21,getCells
FNDA:9,checkWinner
FNDA:81,(anonymous_16)
FNDA:3,highlightWinner
FNDA:6,checkDraw
FNDA:54,(anonymous_19)
FNDA:2,findBestMove
FNDA:18,(anonymous_21)
FNDA:6,updateScoreDisplay
FNDA:5,startTimer
FNDA:0,(anonymous_24)
FNDA:6,stopTimer
FNDA:4,resetTimer
FNDA:2,updateTimerUI
FNDA:7,handleCellClick
FNDA:5,saveScoreToFirestore
FNDA:3,(anonymous_30)
FNDA:2,(anonymous_31)
FNDA:5,finishGame
FNDA:5,computerMove
FNDA:3,restartGame
FNDA:27,(anonymous_35)
FNDA:3,resetScores
FNDA:51,setupEventListeners
FNDA:2,(anonymous_38)
FNDA:0,(anonymous_39)
FNDA:0,(anonymous_40)
FNDA:0,(anonymous_41)
FNDA:27,(anonymous_42)
FNDA:2,(anonymous_43)
FNDA:16,(anonymous_44)
FNDA:2,(anonymous_45)
FNDA:3,(anonymous_46)
FNDA:2,(anonymous_47)
FNDA:2,(anonymous_48)
FNDA:21,(anonymous_49)
FNDA:0,(anonymous_50)
FNDA:3,(anonymous_51)
FNDA:3,(anonymous_52)
FNDA:2,(anonymous_53)
FNDA:2,(anonymous_54)
FNDA:0,(anonymous_55)
FNDA:1,(anonymous_56)
DA:7,51
DA:10,51
DA:16,51
DA:18,0
DA:19,0
DA:20,0
DA:21,0
DA:22,0
DA:24,0
DA:31,0
DA:32,0
DA:36,51
DA:41,51
DA:45,51
DA:46,51
DA:47,51
DA:49,51
DA:50,51
DA:55,51
DA:56,51
DA:63,8
DA:69,59
DA:75,6
DA:81,6
DA:87,51
DA:93,51
DA:99,51
DA:105,51
DA:111,7
DA:118,51
DA:119,51
DA:120,51
DA:121,51
DA:124,0
DA:126,0
DA:131,0
DA:135,0
DA:136,0
DA:137,0
DA:145,19
DA:146,4
DA:147,3
DA:148,3
DA:150,1
DA:157,1
DA:158,1
DA:160,1
DA:161,9
DA:162,1
DA:166,10
DA:167,10
DA:168,10
DA:169,10
DA:173,21
DA:174,21
DA:176,0
DA:178,51
DA:184,9
DA:185,9
DA:186,81
DA:188,9
DA:189,9
DA:190,3
DA:191,3
DA:192,3
DA:195,9
DA:197,51
DA:200,3
DA:201,3
DA:202,3
DA:203,3
DA:207,6
DA:208,54
DA:209,6
DA:211,51
DA:218,2
DA:224,0
DA:228,2
DA:232,0
DA:235,2
DA:236,2
DA:238,18
DA:239,2
DA:240,2
DA:241,2
DA:242,2
DA:244,0
DA:246,51
DA:252,6
DA:253,6
DA:254,6
DA:255,6
DA:262,5
DA:263,0
DA:264,0
DA:265,0
DA:266,0
DA:267,0
DA:272,6
DA:273,0
DA:274,0
DA:278,4
DA:279,0
DA:280,0
DA:281,0
DA:285,2
DA:286,0
DA:287,0
DA:294,7
DA:295,7
DA:297,6
DA:298,3
DA:301,3
DA:303,3
DA:304,3
DA:306,3
DA:309,3
DA:310,0
DA:314,3
DA:315,0
DA:322,3
DA:323,1
DA:324,1
DA:325,1
DA:326,1
DA:328,0
DA:329,0
DA:331,1
DA:332,1
DA:333,1
DA:336,2
DA:337,1
DA:338,1
DA:339,1
DA:340,1
DA:343,1
DA:346,1
DA:350,0
DA:353,51
DA:360,5
DA:361,1
DA:365,4
DA:370,0
DA:371,0
DA:375,4
DA:376,4
DA:377,3
DA:378,1
DA:379,1
DA:382,4
DA:383,4
DA:386,4
DA:389,4
DA:392,4
DA:400,3
DA:401,3
DA:404,3
DA:405,1
DA:413,2
DA:421,2
DA:424,2
DA:431,2
DA:435,2
DA:443,5
DA:444,5
DA:445,5
DA:446,5
DA:447,5
DA:448,5
DA:450,5
DA:451,5
DA:454,5
DA:455,0
DA:463,5
DA:466,5
DA:469,5
DA:470,5
DA:475,5
DA:477,5
DA:478,5
DA:480,5
DA:482,4
DA:484,3
DA:485,1
DA:486,1
DA:487,1
DA:491,5
DA:492,3
DA:495,3
DA:497,3
DA:502,3
DA:503,0
DA:507,3
DA:508,0
DA:516,5
DA:517,1
DA:518,1
DA:519,1
DA:520,1
DA:521,1
DA:524,4
DA:525,2
DA:526,2
DA:527,2
DA:528,2
DA:531,2
DA:533,51
DA:539,3
DA:540,3
DA:543,3
DA:544,3
DA:546,3
DA:547,3
DA:550,3
DA:551,3
DA:552,27
DA:553,27
DA:554,27
DA:557,3
DA:558,3
DA:559,3
DA:560,3
DA:562,3
DA:564,51
DA:567,3
DA:568,3
DA:569,3
DA:572,3
DA:573,3
DA:576,51
DA:582,51
DA:583,51
DA:584,51
DA:585,51
DA:586,51
DA:588,51
DA:589,51
DA:591,51
DA:592,51
DA:593,2
DA:594,1
DA:595,1
DA:597,1
DA:598,1
DA:601,1
DA:602,1
DA:604,1
DA:605,1
DA:611,51
DA:612,51
DA:613,0
DA:614,0
DA:615,0
DA:616,0
DA:617,0
DA:622,51
DA:623,51
DA:624,0
DA:625,0
DA:626,0
DA:627,0
DA:628,0
DA:634,51
DA:635,0
DA:636,0
DA:637,0
DA:641,51
DA:647,51
DA:648,51
DA:650,27
DA:653,2
DA:656,16
DA:659,2
DA:662,3
DA:665,2
DA:668,2
DA:688,21
DA:691,0
DA:694,3
DA:697,3
DA:700,2
DA:703,2
DA:706,0
DA:709,1
LF:284
LH:229
BRDA:7,0,0,51
BRDA:7,0,1,51
BRDA:10,1,0,51
BRDA:10,1,1,0
BRDA:16,2,0,0
BRDA:16,2,1,51
BRDA:36,3,0,51
BRDA:36,3,1,0
BRDA:37,4,0,51
BRDA:37,4,1,1
BRDA:41,5,0,51
BRDA:41,5,1,1
BRDA:45,6,0,50
BRDA:45,6,1,1
BRDA:46,7,0,50
BRDA:46,7,1,1
BRDA:48,8,0,50
BRDA:48,8,1,1
BRDA:49,9,0,51
BRDA:49,9,1,1
BRDA:50,10,0,51
BRDA:50,10,1,1
BRDA:55,11,0,51
BRDA:55,11,1,1
BRDA:56,12,0,51
BRDA:56,12,1,1
BRDA:63,13,0,8
BRDA:63,13,1,0
BRDA:69,14,0,59
BRDA:69,14,1,0
BRDA:75,15,0,6
BRDA:75,15,1,0
BRDA:81,16,0,6
BRDA:81,16,1,0
BRDA:87,17,0,51
BRDA:87,17,1,0
BRDA:93,18,0,51
BRDA:93,18,1,0
BRDA:99,19,0,51
BRDA:99,19,1,0
BRDA:105,20,0,51
BRDA:105,20,1,0
BRDA:111,21,0,7
BRDA:111,21,1,0
BRDA:118,22,0,51
BRDA:118,22,1,0
BRDA:118,23,0,51
BRDA:118,23,1,51
BRDA:126,24,0,0
BRDA:126,24,1,0
BRDA:127,25,0,0
BRDA:127,25,1,0
BRDA:127,25,2,0
BRDA:145,26,0,15
BRDA:145,26,1,4
BRDA:146,27,0,3
BRDA:146,27,1,1
BRDA:146,28,0,4
BRDA:146,28,1,4
BRDA:158,29,0,0
BRDA:158,29,1,1
BRDA:173,30,0,21
BRDA:173,30,1,0
BRDA:173,31,0,21
BRDA:173,31,1,21
BRDA:188,32,0,9
BRDA:188,32,1,0
BRDA:189,33,0,3
BRDA:189,33,1,6
BRDA:189,34,0,9
BRDA:189,34,1,3
BRDA:191,35,0,3
BRDA:191,35,1,0
BRDA:191,36,0,3
BRDA:191,36,1,3
BRDA:191,36,2,3
BRDA:195,37,0,3
BRDA:195,37,1,6
BRDA:200,38,0,0
BRDA:200,38,1,3
BRDA:200,39,0,3
BRDA:200,39,1,3
BRDA:200,39,2,3
BRDA:209,40,0,6
BRDA:209,40,1,0
BRDA:218,41,0,0
BRDA:218,41,1,2
BRDA:219,42,0,2
BRDA:219,42,1,2
BRDA:219,42,2,2
BRDA:219,42,3,2
BRDA:228,43,0,0
BRDA:228,43,1,2
BRDA:229,44,0,2
BRDA:229,44,1,0
BRDA:236,45,0,0
BRDA:236,45,1,2
BRDA:240,46,0,2
BRDA:240,46,1,0
BRDA:240,47,0,2
BRDA:240,47,1,2
BRDA:242,48,0,2
BRDA:242,48,1,0
BRDA:251,49,0,6
BRDA:251,50,0,6
BRDA:254,51,0,6
BRDA:254,51,1,0
BRDA:255,52,0,6
BRDA:255,52,1,0
BRDA:262,53,0,5
BRDA:262,53,1,0
BRDA:263,54,0,0
BRDA:263,54,1,0
BRDA:272,55,0,6
BRDA:272,55,1,0
BRDA:278,56,0,4
BRDA:278,56,1,0
BRDA:285,57,0,2
BRDA:285,57,1,0
BRDA:287,58,0,0
BRDA:287,58,1,0
BRDA:295,59,0,1
BRDA:295,59,1,6
BRDA:297,60,0,3
BRDA:297,60,1,3
BRDA:297,61,0,6
BRDA:297,61,1,5
BRDA:303,62,0,0
BRDA:303,62,1,3
BRDA:303,63,0,3
BRDA:303,63,1,2
BRDA:309,64,0,0
BRDA:309,64,1,3
BRDA:309,65,0,3
BRDA:309,65,1,3
BRDA:314,66,0,0
BRDA:314,66,1,3
BRDA:314,67,0,3
BRDA:314,67,1,3
BRDA:322,68,0,1
BRDA:322,68,1,2
BRDA:324,69,0,1
BRDA:324,69,1,0
BRDA:336,70,0,1
BRDA:336,70,1,1
BRDA:344,71,0,1
BRDA:344,71,1,0
BRDA:346,72,0,0
BRDA:346,72,1,1
BRDA:347,73,0,1
BRDA:347,73,1,0
BRDA:360,74,0,1
BRDA:360,74,1,4
BRDA:365,75,0,0
BRDA:365,75,1,4
BRDA:366,76,0,4
BRDA:366,76,1,4
BRDA:366,76,2,4
BRDA:376,77,0,3
BRDA:376,77,1,1
BRDA:378,78,0,1
BRDA:378,78,1,0
BRDA:400,79,0,3
BRDA:400,79,1,0
BRDA:404,80,0,1
BRDA:404,80,1,2
BRDA:404,81,0,3
BRDA:404,81,1,3
BRDA:407,82,0,1
BRDA:407,82,1,0
BRDA:415,83,0,1
BRDA:415,83,1,1
BRDA:416,84,0,0
BRDA:416,84,1,2
BRDA:417,85,0,1
BRDA:417,85,1,1
BRDA:426,86,0,2
BRDA:426,86,1,0
BRDA:427,87,0,2
BRDA:427,87,1,2
BRDA:429,88,0,2
BRDA:429,88,1,0
BRDA:446,89,0,5
BRDA:446,89,1,0
BRDA:450,90,0,5
BRDA:450,90,1,0
BRDA:454,91,0,0
BRDA:454,91,1,5
BRDA:463,92,0,0
BRDA:463,92,1,5
BRDA:466,93,0,5
BRDA:466,93,1,0
BRDA:470,94,0,5
BRDA:470,94,1,0
BRDA:471,95,0,5
BRDA:471,95,1,5
BRDA:471,95,2,5
BRDA:480,96,0,4
BRDA:480,96,1,1
BRDA:482,97,0,3
BRDA:482,97,1,1
BRDA:485,98,0,1
BRDA:485,98,1,0
BRDA:485,99,0,1
BRDA:485,99,1,1
BRDA:487,100,0,0
BRDA:487,100,1,1
BRDA:491,101,0,3
BRDA:491,101,1,2
BRDA:497,102,0,0
BRDA:497,102,1,3
BRDA:497,103,0,3
BRDA:497,103,1,3
BRDA:502,104,0,0
BRDA:502,104,1,3
BRDA:502,105,0,3
BRDA:502,105,1,3
BRDA:507,106,0,0
BRDA:507,106,1,3
BRDA:507,107,0,3
BRDA:507,107,1,3
BRDA:516,108,0,1
BRDA:516,108,1,4
BRDA:524,109,0,2
BRDA:524,109,1,2
BRDA:543,110,0,3
BRDA:543,110,1,0
BRDA:546,111,0,3
BRDA:546,111,1,0
BRDA:553,112,0,27
BRDA:553,112,1,0
BRDA:554,113,0,27
BRDA:554,113,1,0
BRDA:559,114,0,2
BRDA:559,114,1,1
BRDA:560,115,0,2
BRDA:560,115,1,1
BRDA:572,116,0,3
BRDA:572,116,1,0
BRDA:572,117,0,3
BRDA:572,117,1,3
BRDA:588,118,0,51
BRDA:588,118,1,0
BRDA:589,119,0,51
BRDA:589,119,1,0
BRDA:591,120,0,51
BRDA:591,120,1,0
BRDA:593,121,0,1
BRDA:593,121,1,1
BRDA:594,122,0,1
BRDA:594,122,1,0
BRDA:594,123,0,1
BRDA:594,123,1,1
BRDA:597,124,0,1
BRDA:597,124,1,0
BRDA:601,125,0,1
BRDA:601,125,1,0
BRDA:601,126,0,1
BRDA:601,126,1,1
BRDA:604,127,0,1
BRDA:604,127,1,0
BRDA:611,128,0,51
BRDA:611,128,1,0
BRDA:613,129,0,0
BRDA:613,129,1,0
BRDA:617,130,0,0
BRDA:617,130,1,0
BRDA:622,131,0,51
BRDA:622,131,1,0
BRDA:624,132,0,0
BRDA:624,132,1,0
BRDA:628,133,0,0
BRDA:628,133,1,0
BRDA:634,134,0,0
BRDA:634,134,1,51
BRDA:647,135,0,51
BRDA:647,135,1,0
BRF:277
BRH:188
end_of_record
TN:
SF:src\js\utils\environment.js
FN:10,(anonymous_0)
FN:44,(anonymous_1)
FN:52,(anonymous_2)
FN:60,(anonymous_3)
FNF:4
FNH:0
FNDA:0,(anonymous_0)
FNDA:0,(anonymous_1)
FNDA:0,(anonymous_2)
FNDA:0,(anonymous_3)
DA:10,0
DA:12,0
DA:13,0
DA:17,0
DA:18,0
DA:20,0
DA:21,0
DA:24,0
DA:28,0
DA:33,0
DA:34,0
DA:37,0
DA:44,0
DA:45,0
DA:52,0
DA:53,0
DA:60,0
DA:61,0
DA:62,0
DA:65,0
DA:76,0
DA:117,0
DA:120,0
DA:121,0
DA:122,0
DA:125,0
LF:26
LH:0
BRDA:12,0,0,0
BRDA:12,0,1,0
BRDA:12,1,0,0
BRDA:12,1,1,0
BRDA:13,2,0,0
BRDA:13,2,1,0
BRDA:13,2,2,0
BRDA:17,3,0,0
BRDA:17,3,1,0
BRDA:20,4,0,0
BRDA:20,4,1,0
BRDA:20,5,0,0
BRDA:20,5,1,0
BRDA:24,6,0,0
BRDA:24,6,1,0
BRDA:25,7,0,0
BRDA:25,7,1,0
BRDA:33,8,0,0
BRDA:33,8,1,0
BRDA:33,9,0,0
BRDA:33,9,1,0
BRDA:34,10,0,0
BRDA:34,10,1,0
BRDA:34,10,2,0
BRDA:78,11,0,0
BRDA:78,11,1,0
BRDA:78,11,2,0
BRDA:78,11,3,0
BRDA:78,11,4,0
BRDA:82,12,0,0
BRDA:82,12,1,0
BRDA:82,12,2,0
BRDA:82,12,3,0
BRDA:82,12,4,0
BRDA:88,13,0,0
BRDA:88,13,1,0
BRDA:88,13,2,0
BRDA:88,13,3,0
BRDA:88,13,4,0
BRDA:93,14,0,0
BRDA:93,14,1,0
BRDA:93,14,2,0
BRDA:93,14,3,0
BRDA:93,14,4,0
BRDA:99,15,0,0
BRDA:99,15,1,0
BRDA:99,15,2,0
BRDA:99,15,3,0
BRDA:99,15,4,0
BRDA:105,16,0,0
BRDA:105,16,1,0
BRDA:105,16,2,0
BRDA:105,16,3,0
BRDA:105,16,4,0
BRDA:109,17,0,0
BRDA:109,17,1,0
BRDA:109,17,2,0
BRDA:109,17,3,0
BRDA:109,17,4,0
BRDA:117,18,0,0
BRDA:117,18,1,0
BRDA:120,19,0,0
BRDA:120,19,1,0
BRDA:120,20,0,0
BRDA:120,20,1,0
BRF:65
BRH:0
end_of_record
TN:
SF:utils\validation.js
FN:1,(anonymous_0)
FN:11,(anonymous_1)
FN:19,(anonymous_2)
FNF:3
FNH:3
FNDA:3,(anonymous_0)
FNDA:3,(anonymous_1)
FNDA:2,(anonymous_2)
DA:1,1
DA:2,3
DA:4,2
DA:6,2
DA:8,1
DA:11,1
DA:12,3
DA:14,2
DA:16,1
DA:19,1
DA:20,2
DA:22,1
LF:12
LH:12
BRDA:2,0,0,1
BRDA:2,0,1,2
BRDA:6,1,0,1
BRDA:6,1,1,1
BRDA:12,2,0,1
BRDA:12,2,1,2
BRDA:14,3,0,1
BRDA:14,3,1,1
BRDA:20,4,0,1
BRDA:20,4,1,1
BRF:10
BRH:10
end_of_record
