TN:
SF:auth\firebaseAuth.js
FN:26,(anonymous_0)
FN:31,(anonymous_1)
FN:39,(anonymous_2)
FNF:3
FNH:3
FNDA:2,(anonymous_0)
FNDA:2,(anonymous_1)
FNDA:2,(anonymous_2)
DA:8,1
DA:17,1
DA:18,1
DA:20,1
DA:26,1
DA:27,2
DA:28,2
DA:31,1
DA:32,2
DA:33,2
DA:35,1
DA:39,1
DA:40,2
DA:41,2
DA:43,1
LF:15
LH:15
BRDA:17,0,0,0
BRDA:17,0,1,1
BRDA:27,1,0,0
BRDA:27,1,1,2
BRDA:28,2,0,2
BRDA:28,2,1,0
BRDA:28,2,2,0
BRF:7
BRH:3
end_of_record
TN:
SF:src\js\firebase.config.js
FNF:0
FNH:0
DA:9,0
DA:20,0
DA:21,0
LF:3
LH:0
BRF:0
BRH:0
end_of_record
TN:
SF:src\js\gameLogic.js
FN:6,checkWinner
FN:27,checkDraw
FN:28,(anonymous_2)
FN:34,minimax
FN:68,findBestMove
FN:70,(anonymous_5)
FN:71,(anonymous_6)
FNF:7
FNH:7
FNDA:623443,checkWinner
FNDA:385287,checkDraw
FNDA:1766622,(anonymous_2)
FNDA:623429,minimax
FNDA:7,findBestMove
FNDA:63,(anonymous_5)
FNDA:63,(anonymous_6)
DA:7,623443
DA:18,623443
DA:19,4214535
DA:20,4214535
DA:21,238157
DA:24,385286
DA:28,1766622
DA:35,623429
DA:36,623429
DA:37,238148
DA:39,385281
DA:40,51697
DA:43,333584
DA:44,196712
DA:45,196712
DA:46,1770408
DA:47,326772
DA:48,326772
DA:49,326772
DA:50,326772
DA:53,196712
DA:55,136872
DA:56,136872
DA:57,1231848
DA:58,296618
DA:59,296618
DA:60,296618
DA:61,296618
DA:64,136872
DA:69,7
DA:70,63
DA:71,63
DA:73,7
DA:76,6
DA:78,6
DA:79,6
DA:81,6
DA:82,39
DA:83,39
DA:84,39
DA:86,39
DA:87,8
DA:88,8
DA:89,31
DA:90,13
DA:95,6
DA:96,1
DA:97,1
DA:101,5
DA:109,1
DA:110,1
DA:118,1
DA:119,1
LF:53
LH:53
BRDA:20,0,0,238157
BRDA:20,0,1,3976378
BRDA:20,1,0,4214535
BRDA:20,1,1,3576694
BRDA:20,1,2,1251622
BRDA:34,2,0,0
BRDA:34,3,0,0
BRDA:36,4,0,238148
BRDA:36,4,1,385281
BRDA:37,5,0,143426
BRDA:37,5,1,94722
BRDA:39,6,0,51697
BRDA:39,6,1,333584
BRDA:43,7,0,196712
BRDA:43,7,1,136872
BRDA:46,8,0,326772
BRDA:46,8,1,1443636
BRDA:57,9,0,296618
BRDA:57,9,1,935230
BRDA:68,10,0,7
BRDA:68,11,0,7
BRDA:70,12,0,39
BRDA:70,12,1,24
BRDA:73,13,0,1
BRDA:73,13,1,6
BRDA:86,14,0,8
BRDA:86,14,1,31
BRDA:89,15,0,13
BRDA:89,15,1,18
BRDA:95,16,0,1
BRDA:95,16,1,5
BRDA:97,17,0,1
BRDA:97,17,1,0
BRDA:109,18,0,1
BRDA:109,18,1,0
BRDA:118,19,0,1
BRDA:118,19,1,0
BRDA:118,20,0,1
BRDA:118,20,1,1
BRF:39
BRH:34
end_of_record
TN:
SF:src\js\leaderboard.js
FN:11,initFirestore
FN:29,(anonymous_1)
FN:48,saveScore
FN:58,(anonymous_3)
FN:179,getLeaderboard
FN:188,(anonymous_5)
FN:225,(anonymous_6)
FN:243,(anonymous_7)
FN:309,(anonymous_8)
FN:311,(anonymous_9)
FN:350,(anonymous_10)
FN:367,(anonymous_11)
FN:411,(anonymous_12)
FN:413,(anonymous_13)
FN:450,getUserScores
FN:459,(anonymous_15)
FN:499,(anonymous_16)
FN:528,saveGameHistory
FN:536,(anonymous_18)
FN:591,saveUserPreferences
FN:599,(anonymous_20)
FN:653,saveGameStatistics
FN:661,(anonymous_22)
FN:716,saveSessionData
FN:724,(anonymous_24)
FNF:25
FNH:0
FNDA:0,initFirestore
FNDA:0,(anonymous_1)
FNDA:0,saveScore
FNDA:0,(anonymous_3)
FNDA:0,getLeaderboard
FNDA:0,(anonymous_5)
FNDA:0,(anonymous_6)
FNDA:0,(anonymous_7)
FNDA:0,(anonymous_8)
FNDA:0,(anonymous_9)
FNDA:0,(anonymous_10)
FNDA:0,(anonymous_11)
FNDA:0,(anonymous_12)
FNDA:0,(anonymous_13)
FNDA:0,getUserScores
FNDA:0,(anonymous_15)
FNDA:0,(anonymous_16)
FNDA:0,saveGameHistory
FNDA:0,(anonymous_18)
FNDA:0,saveUserPreferences
FNDA:0,(anonymous_20)
FNDA:0,saveGameStatistics
FNDA:0,(anonymous_22)
FNDA:0,saveSessionData
FNDA:0,(anonymous_24)
DA:7,0
DA:8,0
DA:12,0
DA:14,0
DA:16,0
DA:17,0
DA:18,0
DA:19,0
DA:22,0
DA:27,0
DA:28,0
DA:29,0
DA:30,0
DA:33,0
DA:49,0
DA:50,0
DA:53,0
DA:55,0
DA:56,0
DA:58,0
DA:62,0
DA:63,0
DA:65,0
DA:66,0
DA:69,0
DA:70,0
DA:71,0
DA:74,0
DA:75,0
DA:76,0
DA:77,0
DA:81,0
DA:82,0
DA:83,0
DA:86,0
DA:90,0
DA:91,0
DA:92,0
DA:93,0
DA:94,0
DA:97,0
DA:98,0
DA:104,0
DA:107,0
DA:123,0
DA:134,0
DA:162,0
DA:163,0
DA:164,0
DA:166,0
DA:167,0
DA:180,0
DA:181,0
DA:184,0
DA:186,0
DA:187,0
DA:188,0
DA:191,0
DA:192,0
DA:195,0
DA:196,0
DA:197,0
DA:201,0
DA:202,0
DA:203,0
DA:212,0
DA:215,0
DA:221,0
DA:222,0
DA:225,0
DA:226,0
DA:227,0
DA:241,0
DA:243,0
DA:247,0
DA:253,0
DA:255,0
DA:256,0
DA:272,0
DA:273,0
DA:274,0
DA:275,0
DA:276,0
DA:278,0
DA:279,0
DA:280,0
DA:281,0
DA:283,0
DA:287,0
DA:288,0
DA:291,0
DA:294,0
DA:298,0
DA:299,0
DA:301,0
DA:302,0
DA:308,0
DA:309,0
DA:311,0
DA:327,0
DA:328,0
DA:330,0
DA:332,0
DA:336,0
DA:337,0
DA:343,0
DA:344,0
DA:348,0
DA:349,0
DA:350,0
DA:351,0
DA:352,0
DA:366,0
DA:367,0
DA:370,0
DA:376,0
DA:378,0
DA:379,0
DA:395,0
DA:396,0
DA:397,0
DA:398,0
DA:399,0
DA:401,0
DA:402,0
DA:403,0
DA:404,0
DA:406,0
DA:410,0
DA:411,0
DA:413,0
DA:429,0
DA:432,0
DA:434,0
DA:435,0
DA:438,0
DA:451,0
DA:452,0
DA:455,0
DA:457,0
DA:458,0
DA:459,0
DA:462,0
DA:463,0
DA:465,0
DA:466,0
DA:469,0
DA:470,0
DA:471,0
DA:474,0
DA:475,0
DA:476,0
DA:477,0
DA:480,0
DA:483,0
DA:484,0
DA:485,0
DA:488,0
DA:490,0
DA:496,0
DA:497,0
DA:499,0
DA:500,0
DA:501,0
DA:511,0
DA:513,0
DA:514,0
DA:529,0
DA:530,0
DA:533,0
DA:534,0
DA:535,0
DA:536,0
DA:539,0
DA:540,0
DA:542,0
DA:543,0
DA:546,0
DA:547,0
DA:548,0
DA:551,0
DA:552,0
DA:553,0
DA:554,0
DA:557,0
DA:558,0
DA:559,0
DA:562,0
DA:564,0
DA:574,0
DA:575,0
DA:576,0
DA:578,0
DA:579,0
DA:592,0
DA:593,0
DA:596,0
DA:597,0
DA:598,0
DA:599,0
DA:602,0
DA:603,0
DA:605,0
DA:606,0
DA:609,0
DA:610,0
DA:611,0
DA:614,0
DA:615,0
DA:616,0
DA:617,0
DA:620,0
DA:621,0
DA:622,0
DA:625,0
DA:627,0
DA:635,0
DA:636,0
DA:637,0
DA:638,0
DA:640,0
DA:641,0
DA:654,0
DA:655,0
DA:658,0
DA:659,0
DA:660,0
DA:661,0
DA:664,0
DA:665,0
DA:667,0
DA:668,0
DA:671,0
DA:672,0
DA:673,0
DA:676,0
DA:677,0
DA:678,0
DA:679,0
DA:682,0
DA:683,0
DA:684,0
DA:688,0
DA:690,0
DA:698,0
DA:699,0
DA:700,0
DA:701,0
DA:703,0
DA:704,0
DA:717,0
DA:718,0
DA:721,0
DA:722,0
DA:723,0
DA:724,0
DA:727,0
DA:728,0
DA:730,0
DA:731,0
DA:734,0
DA:735,0
DA:736,0
DA:739,0
DA:740,0
DA:741,0
DA:742,0
DA:745,0
DA:746,0
DA:747,0
DA:750,0
DA:752,0
DA:759,0
DA:763,0
DA:764,0
DA:766,0
DA:767,0
DA:774,0
DA:775,0
DA:788,0
DA:789,0
LF:281
LH:0
BRDA:12,0,0,0
BRDA:12,0,1,0
BRDA:16,1,0,0
BRDA:16,1,1,0
BRDA:16,2,0,0
BRDA:16,2,1,0
BRDA:16,2,2,0
BRDA:27,3,0,0
BRDA:27,3,1,0
BRDA:28,4,0,0
BRDA:28,4,1,0
BRDA:49,5,0,0
BRDA:49,5,1,0
BRDA:55,6,0,0
BRDA:55,6,1,0
BRDA:55,7,0,0
BRDA:55,7,1,0
BRDA:62,8,0,0
BRDA:62,8,1,0
BRDA:62,9,0,0
BRDA:62,9,1,0
BRDA:65,10,0,0
BRDA:65,10,1,0
BRDA:65,11,0,0
BRDA:65,11,1,0
BRDA:69,12,0,0
BRDA:69,12,1,0
BRDA:69,13,0,0
BRDA:69,13,1,0
BRDA:75,14,0,0
BRDA:75,14,1,0
BRDA:81,15,0,0
BRDA:81,15,1,0
BRDA:91,16,0,0
BRDA:91,16,1,0
BRDA:93,17,0,0
BRDA:93,17,1,0
BRDA:104,18,0,0
BRDA:104,18,1,0
BRDA:104,19,0,0
BRDA:104,19,1,0
BRDA:109,20,0,0
BRDA:109,20,1,0
BRDA:109,21,0,0
BRDA:109,21,1,0
BRDA:113,22,0,0
BRDA:113,22,1,0
BRDA:113,23,0,0
BRDA:113,23,1,0
BRDA:117,24,0,0
BRDA:117,24,1,0
BRDA:117,25,0,0
BRDA:117,25,1,0
BRDA:125,26,0,0
BRDA:125,26,1,0
BRDA:126,27,0,0
BRDA:126,27,1,0
BRDA:129,28,0,0
BRDA:129,28,1,0
BRDA:129,29,0,0
BRDA:129,29,1,0
BRDA:148,30,0,0
BRDA:148,30,1,0
BRDA:156,31,0,0
BRDA:156,31,1,0
BRDA:157,32,0,0
BRDA:157,32,1,0
BRDA:158,33,0,0
BRDA:158,33,1,0
BRDA:179,34,0,0
BRDA:180,35,0,0
BRDA:180,35,1,0
BRDA:186,36,0,0
BRDA:186,36,1,0
BRDA:191,37,0,0
BRDA:191,37,1,0
BRDA:191,38,0,0
BRDA:191,38,1,0
BRDA:195,39,0,0
BRDA:195,39,1,0
BRDA:201,40,0,0
BRDA:201,40,1,0
BRDA:231,41,0,0
BRDA:231,41,1,0
BRDA:232,42,0,0
BRDA:232,42,1,0
BRDA:233,43,0,0
BRDA:233,43,1,0
BRDA:234,44,0,0
BRDA:234,44,1,0
BRDA:236,45,0,0
BRDA:236,45,1,0
BRDA:247,46,0,0
BRDA:247,46,1,0
BRDA:248,47,0,0
BRDA:248,47,1,0
BRDA:249,48,0,0
BRDA:249,48,1,0
BRDA:255,49,0,0
BRDA:255,49,1,0
BRDA:278,50,0,0
BRDA:278,50,1,0
BRDA:280,51,0,0
BRDA:280,51,1,0
BRDA:287,52,0,0
BRDA:287,52,1,0
BRDA:288,53,0,0
BRDA:288,53,1,0
BRDA:291,54,0,0
BRDA:291,54,1,0
BRDA:294,55,0,0
BRDA:294,55,1,0
BRDA:298,56,0,0
BRDA:298,56,1,0
BRDA:301,57,0,0
BRDA:301,57,1,0
BRDA:332,58,0,0
BRDA:332,58,1,0
BRDA:333,59,0,0
BRDA:333,59,1,0
BRDA:356,60,0,0
BRDA:356,60,1,0
BRDA:357,61,0,0
BRDA:357,61,1,0
BRDA:358,62,0,0
BRDA:358,62,1,0
BRDA:359,63,0,0
BRDA:359,63,1,0
BRDA:361,64,0,0
BRDA:361,64,1,0
BRDA:370,65,0,0
BRDA:370,65,1,0
BRDA:371,66,0,0
BRDA:371,66,1,0
BRDA:372,67,0,0
BRDA:372,67,1,0
BRDA:378,68,0,0
BRDA:378,68,1,0
BRDA:401,69,0,0
BRDA:401,69,1,0
BRDA:403,70,0,0
BRDA:403,70,1,0
BRDA:450,71,0,0
BRDA:451,72,0,0
BRDA:451,72,1,0
BRDA:457,73,0,0
BRDA:457,73,1,0
BRDA:457,74,0,0
BRDA:457,74,1,0
BRDA:462,75,0,0
BRDA:462,75,1,0
BRDA:462,76,0,0
BRDA:462,76,1,0
BRDA:465,77,0,0
BRDA:465,77,1,0
BRDA:465,78,0,0
BRDA:465,78,1,0
BRDA:469,79,0,0
BRDA:469,79,1,0
BRDA:469,80,0,0
BRDA:469,80,1,0
BRDA:475,81,0,0
BRDA:475,81,1,0
BRDA:475,82,0,0
BRDA:475,82,1,0
BRDA:480,83,0,0
BRDA:480,83,1,0
BRDA:483,84,0,0
BRDA:483,84,1,0
BRDA:529,85,0,0
BRDA:529,85,1,0
BRDA:534,86,0,0
BRDA:534,86,1,0
BRDA:534,87,0,0
BRDA:534,87,1,0
BRDA:539,88,0,0
BRDA:539,88,1,0
BRDA:539,89,0,0
BRDA:539,89,1,0
BRDA:542,90,0,0
BRDA:542,90,1,0
BRDA:542,91,0,0
BRDA:542,91,1,0
BRDA:546,92,0,0
BRDA:546,92,1,0
BRDA:546,93,0,0
BRDA:546,93,1,0
BRDA:552,94,0,0
BRDA:552,94,1,0
BRDA:557,95,0,0
BRDA:557,95,1,0
BRDA:571,96,0,0
BRDA:571,96,1,0
BRDA:592,97,0,0
BRDA:592,97,1,0
BRDA:597,98,0,0
BRDA:597,98,1,0
BRDA:597,99,0,0
BRDA:597,99,1,0
BRDA:602,100,0,0
BRDA:602,100,1,0
BRDA:602,101,0,0
BRDA:602,101,1,0
BRDA:605,102,0,0
BRDA:605,102,1,0
BRDA:605,103,0,0
BRDA:605,103,1,0
BRDA:609,104,0,0
BRDA:609,104,1,0
BRDA:609,105,0,0
BRDA:609,105,1,0
BRDA:615,106,0,0
BRDA:615,106,1,0
BRDA:620,107,0,0
BRDA:620,107,1,0
BRDA:654,108,0,0
BRDA:654,108,1,0
BRDA:659,109,0,0
BRDA:659,109,1,0
BRDA:659,110,0,0
BRDA:659,110,1,0
BRDA:664,111,0,0
BRDA:664,111,1,0
BRDA:664,112,0,0
BRDA:664,112,1,0
BRDA:667,113,0,0
BRDA:667,113,1,0
BRDA:667,114,0,0
BRDA:667,114,1,0
BRDA:671,115,0,0
BRDA:671,115,1,0
BRDA:671,116,0,0
BRDA:671,116,1,0
BRDA:677,117,0,0
BRDA:677,117,1,0
BRDA:682,118,0,0
BRDA:682,118,1,0
BRDA:717,119,0,0
BRDA:717,119,1,0
BRDA:722,120,0,0
BRDA:722,120,1,0
BRDA:722,121,0,0
BRDA:722,121,1,0
BRDA:727,122,0,0
BRDA:727,122,1,0
BRDA:727,123,0,0
BRDA:727,123,1,0
BRDA:730,124,0,0
BRDA:730,124,1,0
BRDA:730,125,0,0
BRDA:730,125,1,0
BRDA:734,126,0,0
BRDA:734,126,1,0
BRDA:734,127,0,0
BRDA:734,127,1,0
BRDA:740,128,0,0
BRDA:740,128,1,0
BRDA:745,129,0,0
BRDA:745,129,1,0
BRDA:774,130,0,0
BRDA:774,130,1,0
BRDA:788,131,0,0
BRDA:788,131,1,0
BRDA:788,132,0,0
BRDA:788,132,1,0
BRF:265
BRH:0
end_of_record
TN:
SF:src\js\main.js
FN:27,(anonymous_0)
FN:40,(anonymous_1)
FN:45,(anonymous_2)
FN:52,(anonymous_3)
FN:66,(anonymous_4)
FN:70,(anonymous_5)
FN:79,(anonymous_6)
FN:89,constantTimeEquals
FN:110,(anonymous_8)
FN:118,(anonymous_9)
FN:126,(anonymous_10)
FNF:11
FNH:0
FNDA:0,(anonymous_0)
FNDA:0,(anonymous_1)
FNDA:0,(anonymous_2)
FNDA:0,(anonymous_3)
FNDA:0,(anonymous_4)
FNDA:0,(anonymous_5)
FNDA:0,(anonymous_6)
FNDA:0,constantTimeEquals
FNDA:0,(anonymous_8)
FNDA:0,(anonymous_9)
FNDA:0,(anonymous_10)
DA:12,0
DA:23,0
DA:24,0
DA:27,0
DA:28,0
DA:32,0
DA:33,0
DA:34,0
DA:35,0
DA:36,0
DA:37,0
DA:40,0
DA:41,0
DA:42,0
DA:45,0
DA:46,0
DA:47,0
DA:51,0
DA:52,0
DA:53,0
DA:56,0
DA:57,0
DA:59,0
DA:60,0
DA:61,0
DA:65,0
DA:67,0
DA:68,0
DA:71,0
DA:72,0
DA:78,0
DA:79,0
DA:80,0
DA:82,0
DA:83,0
DA:84,0
DA:90,0
DA:91,0
DA:92,0
DA:93,0
DA:95,0
DA:98,0
DA:99,0
DA:100,0
DA:103,0
DA:104,0
DA:105,0
DA:109,0
DA:111,0
DA:112,0
DA:115,0
DA:116,0
DA:119,0
DA:120,0
DA:126,0
DA:128,0
DA:129,0
LF:57
LH:0
BRDA:51,0,0,0
BRDA:51,0,1,0
BRDA:59,1,0,0
BRDA:59,1,1,0
BRDA:59,2,0,0
BRDA:59,2,1,0
BRDA:78,3,0,0
BRDA:78,3,1,0
BRDA:90,4,0,0
BRDA:90,4,1,0
BRDA:98,5,0,0
BRDA:98,5,1,0
BRDA:103,6,0,0
BRDA:103,6,1,0
BRDA:103,7,0,0
BRDA:103,7,1,0
BRDA:128,8,0,0
BRDA:128,8,1,0
BRDA:128,9,0,0
BRDA:128,9,1,0
BRF:20
BRH:0
end_of_record
TN:
SF:src\js\script.js
FN:62,getGameOverMessage
FN:68,getRestartButton
FN:74,getScoreXElement
FN:80,getScoreOElement
FN:86,getThemeToggle
FN:92,getVsComputerRadio
FN:98,getVsPlayerRadio
FN:104,getResetButton
FN:110,getBoard
FN:124,(anonymous_9)
FN:125,(anonymous_10)
FN:143,getGameLogic
FN:156,initializeBoard
FN:165,createCell
FN:172,getCells
FN:183,checkWinner
FN:186,(anonymous_16)
FN:199,highlightWinner
FN:206,checkDraw
FN:208,(anonymous_19)
FN:216,findBestMove
FN:238,(anonymous_21)
FN:251,updateScoreDisplay
FN:261,startTimer
FN:265,(anonymous_24)
FN:271,stopTimer
FN:277,resetTimer
FN:284,updateTimerUI
FN:293,handleCellClick
FN:358,saveScoreToFirestore
FN:399,(anonymous_30)
FN:434,(anonymous_31)
FN:442,finishGame
FN:462,computerMove
FN:538,restartGame
FN:551,(anonymous_35)
FN:566,resetScores
FN:581,setupEventListeners
FN:592,(anonymous_38)
FN:612,(anonymous_39)
FN:623,(anonymous_40)
FN:635,(anonymous_41)
FN:649,(anonymous_42)
FN:652,(anonymous_43)
FN:655,(anonymous_44)
FN:658,(anonymous_45)
FN:661,(anonymous_46)
FN:664,(anonymous_47)
FN:667,(anonymous_48)
FNF:49
FNH:37
FNDA:5,getGameOverMessage
FNDA:30,getRestartButton
FNDA:3,getScoreXElement
FNDA:3,getScoreOElement
FNDA:25,getThemeToggle
FNDA:25,getVsComputerRadio
FNDA:25,getVsPlayerRadio
FNDA:25,getResetButton
FNDA:6,getBoard
FNDA:0,(anonymous_9)
FNDA:0,(anonymous_10)
FNDA:13,getGameLogic
FNDA:0,initializeBoard
FNDA:0,createCell
FNDA:14,getCells
FNDA:7,checkWinner
FNDA:63,(anonymous_16)
FNDA:3,highlightWinner
FNDA:4,checkDraw
FNDA:36,(anonymous_19)
FNDA:2,findBestMove
FNDA:18,(anonymous_21)
FNDA:3,updateScoreDisplay
FNDA:3,startTimer
FNDA:0,(anonymous_24)
FNDA:4,stopTimer
FNDA:1,resetTimer
FNDA:0,updateTimerUI
FNDA:4,handleCellClick
FNDA:0,saveScoreToFirestore
FNDA:0,(anonymous_30)
FNDA:0,(anonymous_31)
FNDA:4,finishGame
FNDA:3,computerMove
FNDA:1,restartGame
FNDA:9,(anonymous_35)
FNDA:1,resetScores
FNDA:25,setupEventListeners
FNDA:2,(anonymous_38)
FNDA:0,(anonymous_39)
FNDA:0,(anonymous_40)
FNDA:0,(anonymous_41)
FNDA:21,(anonymous_42)
FNDA:2,(anonymous_43)
FNDA:7,(anonymous_44)
FNDA:2,(anonymous_45)
FNDA:2,(anonymous_46)
FNDA:2,(anonymous_47)
FNDA:1,(anonymous_48)
DA:7,25
DA:10,25
DA:16,25
DA:18,0
DA:19,0
DA:20,0
DA:21,0
DA:22,0
DA:24,0
DA:31,0
DA:32,0
DA:36,25
DA:41,25
DA:45,25
DA:46,25
DA:47,25
DA:49,25
DA:50,25
DA:55,25
DA:56,25
DA:63,5
DA:69,30
DA:75,3
DA:81,3
DA:87,25
DA:93,25
DA:99,25
DA:105,25
DA:111,6
DA:118,25
DA:119,25
DA:120,25
DA:121,25
DA:124,0
DA:126,0
DA:131,0
DA:135,0
DA:136,0
DA:137,0
DA:145,13
DA:146,1
DA:147,1
DA:148,1
DA:150,0
DA:157,0
DA:158,0
DA:160,0
DA:161,0
DA:162,0
DA:166,0
DA:167,0
DA:168,0
DA:169,0
DA:173,14
DA:174,14
DA:176,0
DA:178,25
DA:184,7
DA:185,7
DA:186,63
DA:188,7
DA:189,7
DA:190,3
DA:191,3
DA:192,3
DA:195,7
DA:197,25
DA:200,3
DA:201,3
DA:202,3
DA:203,3
DA:207,4
DA:208,36
DA:209,4
DA:211,25
DA:218,2
DA:224,0
DA:228,2
DA:232,0
DA:235,2
DA:236,2
DA:238,18
DA:239,2
DA:240,2
DA:241,2
DA:242,2
DA:244,0
DA:246,25
DA:252,3
DA:253,3
DA:254,3
DA:255,3
DA:262,3
DA:263,0
DA:264,0
DA:265,0
DA:266,0
DA:267,0
DA:272,4
DA:273,0
DA:274,0
DA:278,1
DA:279,0
DA:280,0
DA:281,0
DA:285,0
DA:286,0
DA:287,0
DA:294,4
DA:295,4
DA:297,4
DA:298,3
DA:301,3
DA:303,3
DA:304,3
DA:306,3
DA:309,3
DA:310,0
DA:314,3
DA:315,0
DA:322,3
DA:323,1
DA:324,1
DA:325,1
DA:326,1
DA:328,0
DA:329,0
DA:331,1
DA:332,1
DA:333,1
DA:336,2
DA:337,1
DA:338,1
DA:339,1
DA:340,1
DA:343,1
DA:346,1
DA:350,0
DA:353,25
DA:360,0
DA:361,0
DA:365,0
DA:370,0
DA:371,0
DA:375,0
DA:376,0
DA:377,0
DA:378,0
DA:379,0
DA:382,0
DA:383,0
DA:386,0
DA:389,0
DA:392,0
DA:400,0
DA:401,0
DA:404,0
DA:405,0
DA:413,0
DA:421,0
DA:424,0
DA:431,0
DA:435,0
DA:443,4
DA:444,4
DA:445,4
DA:446,4
DA:447,4
DA:448,4
DA:450,4
DA:451,4
DA:454,4
DA:455,0
DA:463,3
DA:466,3
DA:469,3
DA:470,3
DA:475,3
DA:477,3
DA:478,3
DA:480,3
DA:482,3
DA:484,3
DA:485,0
DA:486,0
DA:487,0
DA:491,3
DA:492,3
DA:495,3
DA:497,3
DA:502,3
DA:503,0
DA:507,3
DA:508,0
DA:516,3
DA:517,1
DA:518,1
DA:519,1
DA:520,1
DA:521,1
DA:524,2
DA:525,1
DA:526,1
DA:527,1
DA:528,1
DA:531,1
DA:533,25
DA:539,1
DA:540,1
DA:543,1
DA:544,1
DA:546,1
DA:547,1
DA:550,1
DA:551,1
DA:552,9
DA:553,9
DA:554,9
DA:557,1
DA:558,1
DA:559,1
DA:560,1
DA:562,1
DA:564,25
DA:567,1
DA:568,1
DA:569,1
DA:572,1
DA:573,1
DA:576,25
DA:582,25
DA:583,25
DA:584,25
DA:585,25
DA:586,25
DA:588,25
DA:589,25
DA:591,25
DA:592,25
DA:593,2
DA:594,1
DA:595,1
DA:597,1
DA:598,1
DA:601,1
DA:602,1
DA:604,1
DA:605,1
DA:611,25
DA:612,25
DA:613,0
DA:614,0
DA:615,0
DA:616,0
DA:617,0
DA:622,25
DA:623,25
DA:624,0
DA:625,0
DA:626,0
DA:627,0
DA:628,0
DA:634,25
DA:635,0
DA:636,0
DA:637,0
DA:641,25
DA:647,25
DA:648,25
DA:650,21
DA:653,2
DA:656,7
DA:659,2
DA:662,2
DA:665,2
DA:668,1
LF:276
LH:187
BRDA:7,0,0,25
BRDA:7,0,1,25
BRDA:10,1,0,25
BRDA:10,1,1,0
BRDA:16,2,0,0
BRDA:16,2,1,25
BRDA:36,3,0,25
BRDA:36,3,1,0
BRDA:37,4,0,25
BRDA:37,4,1,1
BRDA:41,5,0,25
BRDA:41,5,1,1
BRDA:45,6,0,24
BRDA:45,6,1,1
BRDA:46,7,0,24
BRDA:46,7,1,1
BRDA:48,8,0,24
BRDA:48,8,1,1
BRDA:49,9,0,25
BRDA:49,9,1,1
BRDA:50,10,0,25
BRDA:50,10,1,1
BRDA:55,11,0,25
BRDA:55,11,1,1
BRDA:56,12,0,25
BRDA:56,12,1,1
BRDA:63,13,0,5
BRDA:63,13,1,0
BRDA:69,14,0,30
BRDA:69,14,1,0
BRDA:75,15,0,3
BRDA:75,15,1,0
BRDA:81,16,0,3
BRDA:81,16,1,0
BRDA:87,17,0,25
BRDA:87,17,1,0
BRDA:93,18,0,25
BRDA:93,18,1,0
BRDA:99,19,0,25
BRDA:99,19,1,0
BRDA:105,20,0,25
BRDA:105,20,1,0
BRDA:111,21,0,6
BRDA:111,21,1,0
BRDA:118,22,0,25
BRDA:118,22,1,0
BRDA:118,23,0,25
BRDA:118,23,1,25
BRDA:126,24,0,0
BRDA:126,24,1,0
BRDA:127,25,0,0
BRDA:127,25,1,0
BRDA:127,25,2,0
BRDA:145,26,0,12
BRDA:145,26,1,1
BRDA:146,27,0,1
BRDA:146,27,1,0
BRDA:146,28,0,1
BRDA:146,28,1,1
BRDA:158,29,0,0
BRDA:158,29,1,0
BRDA:173,30,0,14
BRDA:173,30,1,0
BRDA:173,31,0,14
BRDA:173,31,1,14
BRDA:188,32,0,7
BRDA:188,32,1,0
BRDA:189,33,0,3
BRDA:189,33,1,4
BRDA:189,34,0,7
BRDA:189,34,1,3
BRDA:191,35,0,3
BRDA:191,35,1,0
BRDA:191,36,0,3
BRDA:191,36,1,3
BRDA:191,36,2,3
BRDA:195,37,0,3
BRDA:195,37,1,4
BRDA:200,38,0,0
BRDA:200,38,1,3
BRDA:200,39,0,3
BRDA:200,39,1,3
BRDA:200,39,2,3
BRDA:209,40,0,4
BRDA:209,40,1,0
BRDA:218,41,0,0
BRDA:218,41,1,2
BRDA:219,42,0,2
BRDA:219,42,1,2
BRDA:219,42,2,2
BRDA:219,42,3,2
BRDA:228,43,0,0
BRDA:228,43,1,2
BRDA:229,44,0,2
BRDA:229,44,1,0
BRDA:236,45,0,0
BRDA:236,45,1,2
BRDA:240,46,0,2
BRDA:240,46,1,0
BRDA:240,47,0,2
BRDA:240,47,1,2
BRDA:242,48,0,2
BRDA:242,48,1,0
BRDA:251,49,0,3
BRDA:251,50,0,3
BRDA:254,51,0,3
BRDA:254,51,1,0
BRDA:255,52,0,3
BRDA:255,52,1,0
BRDA:262,53,0,3
BRDA:262,53,1,0
BRDA:263,54,0,0
BRDA:263,54,1,0
BRDA:272,55,0,4
BRDA:272,55,1,0
BRDA:278,56,0,1
BRDA:278,56,1,0
BRDA:285,57,0,0
BRDA:285,57,1,0
BRDA:287,58,0,0
BRDA:287,58,1,0
BRDA:295,59,0,0
BRDA:295,59,1,4
BRDA:297,60,0,1
BRDA:297,60,1,3
BRDA:297,61,0,4
BRDA:297,61,1,3
BRDA:303,62,0,0
BRDA:303,62,1,3
BRDA:303,63,0,3
BRDA:303,63,1,2
BRDA:309,64,0,0
BRDA:309,64,1,3
BRDA:309,65,0,3
BRDA:309,65,1,3
BRDA:314,66,0,0
BRDA:314,66,1,3
BRDA:314,67,0,3
BRDA:314,67,1,3
BRDA:322,68,0,1
BRDA:322,68,1,2
BRDA:324,69,0,1
BRDA:324,69,1,0
BRDA:336,70,0,1
BRDA:336,70,1,1
BRDA:344,71,0,1
BRDA:344,71,1,0
BRDA:346,72,0,0
BRDA:346,72,1,1
BRDA:347,73,0,1
BRDA:347,73,1,0
BRDA:360,74,0,0
BRDA:360,74,1,0
BRDA:365,75,0,0
BRDA:365,75,1,0
BRDA:366,76,0,0
BRDA:366,76,1,0
BRDA:366,76,2,0
BRDA:376,77,0,0
BRDA:376,77,1,0
BRDA:378,78,0,0
BRDA:378,78,1,0
BRDA:400,79,0,0
BRDA:400,79,1,0
BRDA:404,80,0,0
BRDA:404,80,1,0
BRDA:404,81,0,0
BRDA:404,81,1,0
BRDA:407,82,0,0
BRDA:407,82,1,0
BRDA:415,83,0,0
BRDA:415,83,1,0
BRDA:416,84,0,0
BRDA:416,84,1,0
BRDA:417,85,0,0
BRDA:417,85,1,0
BRDA:426,86,0,0
BRDA:426,86,1,0
BRDA:427,87,0,0
BRDA:427,87,1,0
BRDA:429,88,0,0
BRDA:429,88,1,0
BRDA:446,89,0,4
BRDA:446,89,1,0
BRDA:450,90,0,4
BRDA:450,90,1,0
BRDA:454,91,0,0
BRDA:454,91,1,4
BRDA:463,92,0,0
BRDA:463,92,1,3
BRDA:466,93,0,3
BRDA:466,93,1,0
BRDA:470,94,0,3
BRDA:470,94,1,0
BRDA:471,95,0,3
BRDA:471,95,1,3
BRDA:471,95,2,3
BRDA:480,96,0,3
BRDA:480,96,1,0
BRDA:482,97,0,3
BRDA:482,97,1,0
BRDA:485,98,0,0
BRDA:485,98,1,0
BRDA:485,99,0,0
BRDA:485,99,1,0
BRDA:487,100,0,0
BRDA:487,100,1,0
BRDA:491,101,0,3
BRDA:491,101,1,0
BRDA:497,102,0,0
BRDA:497,102,1,3
BRDA:497,103,0,3
BRDA:497,103,1,3
BRDA:502,104,0,0
BRDA:502,104,1,3
BRDA:502,105,0,3
BRDA:502,105,1,3
BRDA:507,106,0,0
BRDA:507,106,1,3
BRDA:507,107,0,3
BRDA:507,107,1,3
BRDA:516,108,0,1
BRDA:516,108,1,2
BRDA:524,109,0,1
BRDA:524,109,1,1
BRDA:543,110,0,1
BRDA:543,110,1,0
BRDA:546,111,0,1
BRDA:546,111,1,0
BRDA:553,112,0,9
BRDA:553,112,1,0
BRDA:554,113,0,9
BRDA:554,113,1,0
BRDA:559,114,0,1
BRDA:559,114,1,0
BRDA:560,115,0,1
BRDA:560,115,1,0
BRDA:572,116,0,1
BRDA:572,116,1,0
BRDA:572,117,0,1
BRDA:572,117,1,1
BRDA:588,118,0,25
BRDA:588,118,1,0
BRDA:589,119,0,25
BRDA:589,119,1,0
BRDA:591,120,0,25
BRDA:591,120,1,0
BRDA:593,121,0,1
BRDA:593,121,1,1
BRDA:594,122,0,1
BRDA:594,122,1,0
BRDA:594,123,0,1
BRDA:594,123,1,1
BRDA:597,124,0,1
BRDA:597,124,1,0
BRDA:601,125,0,1
BRDA:601,125,1,0
BRDA:601,126,0,1
BRDA:601,126,1,1
BRDA:604,127,0,1
BRDA:604,127,1,0
BRDA:611,128,0,25
BRDA:611,128,1,0
BRDA:613,129,0,0
BRDA:613,129,1,0
BRDA:617,130,0,0
BRDA:617,130,1,0
BRDA:622,131,0,25
BRDA:622,131,1,0
BRDA:624,132,0,0
BRDA:624,132,1,0
BRDA:628,133,0,0
BRDA:628,133,1,0
BRDA:634,134,0,0
BRDA:634,134,1,25
BRDA:647,135,0,25
BRDA:647,135,1,0
BRF:277
BRH:151
end_of_record
TN:
SF:utils\validation.js
FN:1,(anonymous_0)
FN:11,(anonymous_1)
FN:19,(anonymous_2)
FNF:3
FNH:3
FNDA:3,(anonymous_0)
FNDA:3,(anonymous_1)
FNDA:2,(anonymous_2)
DA:1,1
DA:2,3
DA:4,2
DA:6,2
DA:8,1
DA:11,1
DA:12,3
DA:14,2
DA:16,1
DA:19,1
DA:20,2
DA:22,1
LF:12
LH:12
BRDA:2,0,0,1
BRDA:2,0,1,2
BRDA:6,1,0,1
BRDA:6,1,1,1
BRDA:12,2,0,1
BRDA:12,2,1,2
BRDA:14,3,0,1
BRDA:14,3,1,1
BRDA:20,4,0,1
BRDA:20,4,1,1
BRF:10
BRH:10
end_of_record
